         w __deregister_frame_info
         w __register_frame_info
         w userAppExit
         w userAppInit
00000000 00000401 B __ctru_dev_path_buf
00000000 a shift
00000000 a shift
00000000 b _TLS_MODULE_BASE_
00000404 00000802 B __ctru_dev_utf16_buf
00100000 A __start__
00100000 T _start
00100008 T __service_ptr
0010000c T __apt_appid
00100010 T __heap_size
00100014 T __linear_heap_size
00100018 T __system_arglist
0010001c T __system_runflags
00100020 t startup
00100058 t ClearMem
0010006c t ClrLoop
00100094 T _init
001000ac T __aeabi_uidiv
001000ac 000001ec T __udivsi3
001000ac t .udivsi3_skip_div0_test
00100298 00000020 T __aeabi_uidivmod
001002b8 T __aeabi_idiv
001002b8 00000220 T __divsi3
001002c0 t .divsi3_skip_div0_test
001004d8 00000020 T __aeabi_idivmod
001004f8 00000004 W __aeabi_idiv0
001004f8 00000004 W __aeabi_ldiv0
001004fc T __aeabi_drsub
00100504 000002b0 T __aeabi_dsub
00100504 000002b0 T __subdf3
00100508 000002ac T __adddf3
00100508 000002ac T __aeabi_dadd
001007b4 00000024 T __aeabi_ui2d
001007b4 00000024 T __floatunsidf
001007d8 00000028 T __aeabi_i2d
001007d8 00000028 T __floatsidf
00100800 00000048 T __aeabi_f2d
00100800 00000048 T __extendsfdf2
00100848 00000074 T __aeabi_ul2d
00100848 00000074 T __floatundidf
0010085c 00000060 T __aeabi_l2d
0010085c 00000060 T __floatdidf
001008bc T __aeabi_ldivmod
00100990 T __aeabi_uldivmod
001009e8 00000390 T strcmp
00100d70 t __do_global_dtors_aux
00100db0 t frame_dummy
00100ddc 0000031c T Colide()
001010f8 000005ec T main
001016e4 00000034 t C2Di_FrameEndHook
00101718 00000330 T C2D_Init
00101a48 00000044 T C2D_Fini
00101a8c 000000d0 T C2D_Prepare
00101b5c 0000003c T C2D_Flush
00101b98 00000108 T C2D_SceneSize
00101ca0 00000058 T C2D_CreateScreenTarget
00101cf8 00000058 T C2D_TargetClear
00101d50 0000022c T C2Di_Update
00101f7c 000001b0 T C2D_DrawRectangle
0010212c 0000006c T C2D_SpriteSheetLoadFromHandle
00102198 00000048 T C2D_SpriteSheetLoad
001021e0 00000028 T C2D_SpriteSheetFree
00102208 0000002c T C2D_SpriteSheetGetImage
00102234 00000004 W C3Di_LightEnvUpdate
00102238 00000004 W C3Di_LightEnvDirty
0010223c 000000b4 t C3Di_AptEventHook
001022f0 00000004 W C3Di_GasUpdate
001022f4 000001e0 T C3D_Init
001024d4 00000098 T C3D_SetViewport
0010256c 000004ec T C3Di_UpdateContext
00102a58 000000e0 T C3Di_SplitFrame
00102b38 00000044 T C3D_Fini
00102b7c 00000108 T C3D_BindProgram
00102c84 0000004c t onVBlank0
00102cd0 0000004c t onVBlank1
00102d1c 00000080 t C3Di_RenderTargetDestroy
00102d9c 000000f4 t onQueueFinish
00102e90 00000038 T C3Di_RenderQueueEnableVBlank
00102ec8 00000030 T C3Di_RenderQueueDisableVBlank
00102ef8 00000060 T C3Di_RenderQueueInit
00102f58 000000b0 T C3Di_RenderQueueExit
00103008 00000034 T C3Di_RenderQueueWaitDone
0010303c 000000e4 T C3D_FrameBegin
00103120 00000048 T C3D_FrameDrawOn
00103168 00000058 T C3D_FrameSplit
001031c0 000001d8 T C3D_FrameEnd
00103398 0000001c T C3D_FrameEndHook
001033b4 00000128 T C3D_RenderTargetCreate
001034dc 000000a8 T C3D_RenderTargetSetOutput
00103584 000000fc T C3D_SyncTextureCopy
00103680 000002a0 T C3D_TexInitWithParams
00103920 000000c8 T C3D_TexLoadImage
001039e8 00000044 T C3D_TexBind
00103a2c 00000074 T C3D_TexDelete
00103aa0 0000016c T C3Di_SetTex
00103c0c 000003f4 t Tex3DSi_ImportCommon
00104000 00000038 T Tex3DS_TextureImportStdio
00104038 0000001c T Tex3DS_GetSubTexture
00104054 00000004 T Tex3DS_TextureFree
00104058 0000001c T C3D_CalcColorBufSize
00104074 0000001c T C3D_CalcDepthBufSize
00104090 00000044 T C3D_SetFrameBuf
001040d4 0000016c T C3Di_FrameBufBind
00104240 000000cc T C3D_FrameBufClear
0010430c 00000044 T C3D_FrameBufTransfer
00104350 00000034 T C3D_GetTexEnv
00104384 00000024 T C3Di_TexEnvBind
001043a8 00000070 T C3D_ProcTexInit
00104418 00000054 T C3D_ProcTexBind
0010446c 0000005c T C3D_ProcTexLutBind
001044c8 000000a4 T ProcTexLut_FromArray
0010456c 0000017c T C3Di_ProcTexUpdate
001046e8 00000068 T C3Di_ProcTexDirty
00104750 00000024 T BufInfo_Init
00104774 00000080 T BufInfo_Add
001047f4 00000040 T C3D_SetBufInfo
00104834 00000048 T C3Di_BufInfoBind
0010487c 00000148 T C3D_DrawArrays
001049c4 00000040 T C3D_DepthMap
00104a04 0000001c T C3D_CullFace
00104a20 00000040 T C3D_StencilTest
00104a60 00000024 T C3D_StencilOp
00104a84 0000001c T C3D_BlendingColor
00104aa0 00000024 T C3D_EarlyDepthTest
00104ac4 0000002c T C3D_DepthTest
00104af0 0000002c T C3D_AlphaTest
00104b1c 00000050 T C3D_AlphaBlend
00104b6c 00000030 T C3D_FragOpMode
00104b9c 00000044 T C3D_FragOpShadow
00104be0 000001ac T C3Di_EffectBind
00104d8c 00000028 T AttrInfo_Init
00104db4 00000098 T AttrInfo_AddLoader
00104e4c 00000054 T C3D_SetAttrInfo
00104ea0 00000080 T C3Di_AttrInfoBind
00104f20 000000a8 T C3D_ImmSendAttrib
00104fc8 0000029c T C3D_UpdateUniforms
00105264 000000c0 T C3Di_DirtyUniforms
00105324 000000d8 T C3Di_LoadShaderUniforms
001053fc 00000028 T C3Di_ClearShaderUniforms
00105424 000000cc T Mtx_Ortho
001054f0 000000cc T Mtx_OrthoTilt
001055bc 00000024 t addrMapNodeComparator(rbtree_node const*, rbtree_node const*)
001055e0 00000004 t addrMapNodeDestructor(rbtree_node*)
001055e4 00000114 T vramMemAlign
001056f8 00000008 T vramAlloc
00105700 0000005c T vramFree
0010575c 00000024 t addrMapNodeComparator(rbtree_node const*, rbtree_node const*)
00105780 00000004 t addrMapNodeDestructor(rbtree_node*)
00105784 00000120 T linearMemAlign
001058a4 00000008 T linearAlloc
001058ac 0000005c T linearFree
00105908 00000084 T MemPool::CoalesceRight(MemBlock*)
0010598c 00000170 T MemPool::Allocate(MemChunk&, unsigned long, int)
00105afc 000000fc T MemPool::Deallocate(MemChunk const&)
00105bf8 00000008 t romfs_close
00105c00 000000c8 t romfs_seek
00105cc8 00000024 t romfs_dirreset
00105cec 000000c8 t fill_dir
00105db4 000002b0 t romfs_dirnext
00106064 00000084 t romfs_free
001060e8 000000d4 t searchForFile.constprop.0
001061bc 000000d8 t searchForDir.constprop.0
00106294 000001c0 t navigateToDir.constprop.0
00106454 00000128 t romfs_open
0010657c 0000004c t romfs_chdir
001065c8 00000070 t romfs_diropen
00106638 0000017c t romfs_stat
001067b4 00000008 t romfs_dirclose
001067bc 0000007c t romfs_fstat
00106838 000000d4 t romfs_read
0010690c 00000290 T romfsMountFromFile
00106b9c 00000098 T romfsMountFromCurrentProcess
00106c34 0000025c T romfsMountSelf
00106e90 000000ac T romfsUnmount
00106f3c 00000074 T osConvertVirtToPhys
00106fb0 00000054 T osGetTimeRef
00107004 000000e4 T osGetTime
001070e8 00000074 T __libctru_gtod
0010715c 00000034 T __ctru_speedup_config
00107190 00000178 T consoleDrawChar
00107308 00000124 T consolePrintChar
0010742c 00000a00 T con_write
00107e2c 00000168 T consoleInit
00107f94 000000f4 t newRow
00108088 000000d0 t gfxPresentFramebuffer
00108158 0000001c T gfxIsWide
00108174 000000ec T gfxSetScreenFormat
00108260 00000010 T gfxSetDoubleBuffering
00108270 00000108 T gfxInit
00108378 00000010 T gfxInitDefault
00108388 000000b4 T gfxExit
0010843c 000000a0 T gfxGetFramebuffer
001084dc 0000010c T gfxFlushBuffers
001085e8 00000030 T gfxScreenSwapBuffers
00108618 00000050 T gfxSwapBuffersGpu
00108668 000001e0 T shaderInstanceInit
00108848 00000018 T shaderInstanceGetUniformLocation
00108860 0000001c T shaderProgramInit
0010887c 00000064 T shaderProgramFree
001088e0 00000080 T shaderProgramSetVsh
00108960 000008c0 T shaderProgramConfigure
00109220 000001f8 t DVLE_GenerateOutmap.part.0
00109418 000001cc T DVLB_ParseFile
001095e4 00000038 T DVLB_Free
0010961c 00000074 T DVLE_GetUniformRegister
00109690 00000010 T GX_BindQueue
001096a0 00000078 T GX_ProcessCommandList
00109718 00000074 T GX_MemoryFill
0010978c 00000070 T GX_DisplayTransfer
001097fc 00000074 T GX_TextureCopy
00109870 00000068 t gxCmdQueueDoCommands.part.0
001098d8 000000c8 T gxCmdQueueInterrupt
001099a0 0000004c T gxCmdQueueClear
001099ec 000000f8 T gxCmdQueueAdd
00109ae4 00000080 T gxCmdQueueRun
00109b64 00000060 T gxCmdQueueStop
00109bc4 00000074 T gxCmdQueueWait
00109c38 0000013c T GPUCMD_Add
00109d74 000000ac T GPUCMD_Split
00109e20 00000040 T f32tof16
00109e60 00000040 T f32tof24
00109ea0 00000044 T f32tof31
00109ee4 00000c58 t gspHardwareInit
0010ab3c 00000254 T gspInit
0010ad90 000000f0 T gspExit
0010ae80 00000010 T gspHasGpuRight
0010ae90 00000098 T gspPresentBuffer
0010af28 00000030 T gspSetEventCallback
0010af58 00000050 T gspWaitForEvent
0010afa8 0000004c T gspWaitForAnyEvent
0010aff4 00000160 t gspEventThreadMain
0010b154 00000130 T gspSubmitGxCommand
0010b284 00000050 T GSPGPU_FlushDataCache
0010b2d4 00000034 T GSPGPU_SetLcdForceBlack
0010b308 00000068 T GSPGPU_AcquireRight
0010b370 00000048 T GSPGPU_ReleaseRight
0010b3b8 0000007c T GSPGPU_ImportDisplayCaptureInfo
0010b434 0000002c T GSPGPU_SaveVramSysArea
0010b460 0000002c T GSPGPU_RestoreVramSysArea
0010b48c 000001b0 t aptConvertScreenForCapture
0010b63c 00000008 W aptDspSleep
0010b644 00000004 W aptDspWakeup
0010b648 00000004 W aptDspCancel
0010b64c 0000015c T aptSendCommand
0010b7a8 00000038 t aptExitProcess
0010b7e0 000002f0 T aptExit
0010bad0 000000d8 T aptHandleSleep
0010bba8 00000030 T aptHook
0010bbd8 00000030 T aptUnhook
0010bc08 00000084 T APT_SleepIfShellClosed
0010bc8c 00000084 T aptSetSleepAllowed
0010bd10 00000084 T APT_UnlockTransition
0010bd98 00000484 t aptEventHandler
0010c21c 000000b0 T APT_ReceiveParameter
0010c2cc 000000b0 t aptReceiveParameter.constprop.0
0010c380 000002bc t aptScreenTransfer
0010c63c 000002d0 t aptWaitForWakeUp.isra.0
0010c90c 000000f8 T aptJumpToHomeMenu
0010ca04 0000004c T aptMainLoop
0010ca50 00000234 T aptInit
0010cc84 0000007c T APT_CheckNew3DS
0010cd00 00000024 W hidShouldUseIrrst
0010cd24 0000018c T hidInit
0010ceb0 000000e8 T hidExit
0010cf98 00000294 T hidScanInput
0010d22c 00000010 T hidKeysHeld
0010d23c 00000010 T hidKeysDown
0010d24c 00000018 T hidCircleRead
0010d264 00000074 T ptmSysmInit
0010d2d8 0000003c T ptmSysmExit
0010d314 00000034 T PTMSYSM_ConfigureNew3DSCPU
0010d348 000000c8 T fsInit
0010d410 0000003c T fsExit
0010d44c 00000060 T fsExemptFromSession
0010d4ac 00000050 T fsUnexemptFromSession
0010d4fc 000000cc T FSUSER_OpenFile
0010d5c8 000000d4 T FSUSER_OpenFileDirectly
0010d69c 000000bc T FSUSER_DeleteFile
0010d758 000000f8 T FSUSER_RenameFile
0010d850 000000bc T FSUSER_DeleteDirectory
0010d90c 000000d4 T FSUSER_CreateFile
0010d9e0 000000c4 T FSUSER_CreateDirectory
0010daa4 000000f8 T FSUSER_RenameDirectory
0010db9c 000000b4 T FSUSER_OpenDirectory
0010dc50 00000094 T FSUSER_OpenArchive
0010dce4 0000008c T FSUSER_CloseArchive
0010dd70 00000074 T FSUSER_GetSdmcArchiveResource
0010dde4 00000064 T FSUSER_IsSdmcWritable
0010de48 00000058 T FSFILE_Read
0010dea0 00000060 T FSFILE_Write
0010df00 00000038 T FSFILE_GetSize
0010df38 00000028 T FSFILE_SetSize
0010df60 0000003c T FSFILE_Close
0010df9c 00000024 T FSFILE_Flush
0010dfc0 00000050 T FSDIR_Read
0010e010 0000003c T FSDIR_Close
0010e04c 000000cc t buffer_read
0010e118 000000d0 t iov_read
0010e1e8 00000128 t iov_memmove
0010e310 000001d8 t decompress_rle
0010e4e8 00000258 t decompress_lzss
0010e740 000002ec t decompress_huff.part.0
0010ea2c 00000440 t decompress_lz11
0010ee6c 00000010 T decompressCallback_Stdio
0010ee7c 000000e4 T decompressHeader
0010ef60 00000250 T decompressV
0010f1b0 00000010 T rbtree_init
0010f1c0 000001a0 t do_insert
0010f360 00000008 T rbtree_insert
0010f368 00000090 T rbtree_rotate
0010f3f8 00000338 T rbtree_remove
0010f730 00000074 T rbtree_find
0010f7a4 000000e8 T utf16_to_utf8
0010f88c 00000064 T decode_utf16
0010f8f0 000000c0 T utf8_to_utf16
0010f9b0 000001e0 W __system_allocateHeaps
0010fb90 00000038 W __libctru_init
0010fbc8 000000f0 W __system_initArgv
0010fcb8 T svcControlMemory
0010fcd8 T svcQueryMemory
0010fd08 T svcExitProcess
0010fd10 T svcCreateThread
0010fd30 T svcExitThread
0010fd38 T svcSleepThread
0010fd40 T svcReleaseMutex
0010fd48 T svcCreateEvent
0010fd5c T svcSignalEvent
0010fd64 T svcClearEvent
0010fd6c T svcMapMemoryBlock
0010fd74 T svcUnmapMemoryBlock
0010fd7c T svcCreateAddressArbiter
0010fd90 T svcArbitrateAddressNoTimeout
0010fd98 T svcCloseHandle
0010fda0 T svcWaitSynchronization
0010fda8 T svcWaitSynchronizationN
0010fdd0 T svcDuplicateHandle
0010fde4 T svcGetSystemTick
0010fdec T svcConnectToPort
0010fe00 T svcSendSyncRequest
0010fe08 T svcGetResourceLimit
0010fe1c T svcGetResourceLimitLimitValues
0010fe24 T svcGetResourceLimitCurrentValues
0010fe2c T svcBreak
0010fe34 W initSystem
0010fe84 W __ctru_exit
0010fe9c T __aeabi_read_tp
0010fea8 0000000c T __sync_init
0010feb4 00000018 T __sync_fini
0010fecc 0000002c T syncArbitrateAddress
0010fef8 0000001c T LightLock_Init
0010ff14 00000094 T LightLock_Lock
0010ffa8 00000044 T LightLock_TryLock
0010ffec 00000040 T LightLock_Unlock
0011002c 00000024 T RecursiveLock_Init
00110050 00000030 T RecursiveLock_Lock
00110080 00000078 T RecursiveLock_TryLock
001100f8 00000054 T RecursiveLock_Unlock
0011014c 00000040 T LightEvent_Init
0011018c 000000a4 T LightEvent_Clear
00110230 000000c8 T LightEvent_Signal
001102f8 00000058 T LightEvent_TryWait
00110350 000000b0 T LightEvent_Wait
00110400 00000084 W envGetHandle
00110484 00000050 W envDestroyHandles
001104d4 00000124 T srvInit
001105f8 00000058 T srvExit
00110650 00000080 T srvGetServiceHandleDirect
001106d0 00000048 T srvGetServiceHandle
00110718 00000038 T srvPublishToSubscriber
00110750 00000188 T threadCreate
001108d8 0000002c T threadFree
00110904 00000024 T threadJoin
00110928 00000030 T threadGetCurrent
00110958 00000040 T threadExit
00110998 00000044 t _thread_begin
001109dc 00000094 t mappableFindAddressWithin
00110a70 00000028 T mappableInit
00110a98 00000080 T mappableAlloc
00110b18 00000004 T mappableFree
00110b1c 00000160 T irrstInit
00110c7c 000000cc T irrstExit
00110d48 000000b0 T irrstScanInput
00110df8 00000024 T irrstKeysHeld
00110e1c 0000000c T srvPmGetSessionHandle
00110e28 00000050 T rbtree_node_next
00110e78 00000060 T encode_utf16
00110ed8 000000fc T encode_utf8
00110fd4 0000013c T decode_utf8
00111110 00000030 W __appInit
00111140 00000030 t __libctru_nanosleep
00111170 00000030 t __libctru_get_reent
001111a0 000000f8 T __system_initSyscalls
00111298 00000030 W __appExit
001112c8 00000090 W __libctru_exit
00111358 00000014 t archive_link
0011136c 00000014 t archive_dirreset
00111380 00000014 t archive_chmod
00111394 00000024 t error_cmp
001113b8 00000050 t archive_translate_error
00111408 000000d4 t archive_seek
001114dc 0000007c t _archiveInit.part.0
00111558 0000008c t archiveFindDevice.part.0
001115e4 00000294 t archive_utf16path
00111878 000000a0 t _archiveUnmountDeviceStruct.part.0
00111918 00000014 t archive_fchmod
0011192c 00000014 t archive_statvfs
00111940 00000158 t _archiveMountDevice
00111a98 000000e8 t archive_diropen
00111b80 000000a4 t archive_fstat
00111c24 0000006c t archive_close
00111c90 0000006c t archive_fsync
00111cfc 00000070 t archive_dirclose
00111d6c 000000e8 t sdmc_statvfs
00111e54 00000080 t archive_ftruncate
00111ed4 000000fc t archive_chdir
00111fd0 000000b0 t archive_read
00112080 000000ac t archive_unlink
0011212c 000000c8 t archive_rmdir
001121f4 000000ec t archive_mkdir
001122e0 000001a8 t archive_stat
00112488 00000184 t archive_rename
0011260c 00000168 t archive_dirnext
00112774 0000012c t archive_write
001128a0 000001f0 t archive_open
00112a90 000001a4 T archiveMountSdmc
00112c34 00000054 T archiveUnmountAll
00112c88 00000120 T __udivmoddi4
00112da8 00000078 T bsearch
00112e20 00000028 T calloc
00112e48 000000bc T _calloc_r
00112f04 0000000c T __errno
00112f10 00000034 T exit
00112f44 00000160 T _fclose_r
001130a4 00000020 T fclose
001130c4 00000258 T __sflush_r
0011331c 00000094 T _fflush_r
001133b0 00000038 T fflush
001133e8 0000000c T _cleanup_r
001133f4 00000184 T __sinit
00113578 00000134 T __sfp
001136ac 0000000c T __sfp_lock_acquire
001136b8 0000000c T __sfp_lock_release
001136c4 0000003c T __libc_fini_array
00113700 00000140 T _fopen_r
00113840 00000028 T fopen
00113868 000002d4 T _fread_r
00113b3c 00000038 T fread
00113b74 000000f8 T _malloc_trim_r
00113c6c 000002e4 T _free_r
00113f50 0000001c T _fseek_r
00113f6c 00000598 T _fseeko_r
00114504 00000068 T _fwalk
0011456c 00000070 T _fwalk_reent
001145dc 0000007c T __libc_init_array
00114658 00000138 T __smakebuf_r
00114790 0000008c T __swhatbuf_r
0011481c 00000028 T memalign
00114844 00000150 T _memalign_r
00114994 00000020 T malloc
001149b4 00000020 T free
001149d4 000007e0 T _malloc_r
001151b4 000000e0 T memchr
00115294 000000a8 T memcmp
0011533c 0000011c T memcpy
00115458 00000118 T memset
00115570 0000000c T __malloc_lock
0011557c 0000000c T __malloc_unlock
00115588 00000034 T printf
001155bc 00000044 T rand
00115600 0000001c t lflush
0011561c 000001ac T __srefill_r
001157c8 00000260 T setvbuf
00115a28 00000074 T sscanf
00115a9c 00000044 T __sread
00115ae0 00000008 T __seofread
00115ae8 00000068 T __swrite
00115b50 00000048 T __sseek
00115b98 00000008 T __sclose
00115ba0 0000012c T strchr
00115ccc 0000005c T strlen
00115d28 000000ec T strncat
00115e14 000000dc T strncmp
00115ef0 000000c0 T strncpy
00115fb0 00000048 T strnlen
00115ff8 00000050 t get_arg
00116048 00002bbc T __ssvfscanf_r
00118c04 0000003c T time
00118c40 00000628 t get_arg
00119268 00000030 T __sprint_r
00119298 0000233c T _vfiprintf_r
0011b5d4 000000d4 t __sbprintf
0011b6a8 00000628 t get_arg
0011bcd0 00003684 T _vfprintf_r
0011f354 000000d4 t __sbprintf
0011f428 00000054 T _wcrtomb_r
0011f47c 00000028 T _wcsrtombs_r
0011f4a4 00000154 T __swsetup_r
0011f5f8 00000114 T __call_exitprocs
0011f70c 000001ac t quorem
0011f8b8 000012cc T _dtoa_r
00120b84 000000cc T __sflags
00120c50 000004c0 T __sfvwrite_r
00121110 00000008 T iswspace
00121118 0000000c T _localeconv_r
00121124 00000010 T __locale_mb_cur_max
00121134 00000068 T _mbrtowc_r
0012119c 000002e4 T __utf8_mbtowc
00121480 00000154 T memmove
001215d4 00000088 T _Balloc
0012165c 0000001c T _Bfree
00121678 000000f4 T __multadd
0012176c 00000110 T __s2b
0012187c 00000058 T __hi0bits
001218d4 00000094 T __lo0bits
00121968 000000a4 T __i2b
00121a0c 00000204 T __multiply
00121c10 00000120 T __pow5mult
00121d30 0000013c T __lshift
00121e6c 00000058 T __mcmp
00121ec4 000001cc T __mdiff
00122090 00000074 T __ulp
00122104 000000d0 T __b2d
001221d4 00000124 T __d2b
001222f8 00000078 T __ratio
00122370 00000088 T __copybits
001223f8 0000005c T __any_on
00122454 00000028 T realloc
0012247c 00000558 T _realloc_r
001229d4 000000e4 T __sccl
00122ab8 0000000c T nanf
00122ac8 000000a8 T frexp
00122b70 00000064 T sprintf
00122bd4 000000b8 T stpncpy
00122c90 00001368 T _strtod_l
00123ff8 0000000c T _strtod_r
00124004 0000022c t _strtoll_l.constprop.0
00124230 00000004 T _strtoll_r
00124234 000001a4 t _strtol_l.part.0
001243d8 0000003c T _strtol_r
00124414 00000244 t _strtoull_l.constprop.0
00124658 00000004 T _strtoull_r
0012465c 000001c4 t _strtoul_l.constprop.0
00124820 00000004 T _strtoul_r
00124824 00000190 T __ssprint_r
001249b4 000000e0 T _sungetc_r
00124a94 0000006c T __ssrefill_r
00124b00 000000c8 T _sfread_r
00124bc8 00000628 t get_arg
001251f0 000035b8 T _svfprintf_r
001287a8 000000a8 T __submore
00128850 00000190 T _wcsnrtombs_l
001289e0 0000004c T _wcsnrtombs_r
00128a2c 000000f0 T __utf8_wctomb
00128b1c 00000054 T __assert_func
00128b70 0000003c T fiprintf
00128bac 000000ec t rshift
00128c98 00000904 T __gethex
0012959c 0000004c T __match
001295e8 0000029c T __hexnan
00129884 0000003c T iswspace_l
001298c0 000001d4 t __jp2uc
00129a94 0000009c T _jp2uc_l
00129b30 00000010 T nan
00129b40 00000014 T abort
00129b54 00000084 T category
00129bd8 00000098 T _raise_r
00129c70 00000020 T raise
00129c90 00000008 t null_write
00129c98 00000018 T setDefaultDevice
00129cb0 000000c8 T FindDevice
00129d78 00000028 T RemoveDevice
00129da0 0000009c T AddDevice
00129e3c 00000020 T GetDeviceOpTab
00129e5c 00000078 T _fstat_r
00129ed4 00000014 T _getpid_r
00129ee8 00000038 T _gettimeofday_r
00129f20 00000008 T _isatty_r
00129f28 00000014 T _kill_r
00129f3c 00000084 T _lseek_r
00129fc0 000000c8 T _open_r
0012a088 00000080 T _read_r
0012a108 00000078 T _sbrk_r
0012a180 00000080 T _write_r
0012a200 00000024 T _exit
0012a224 000001b8 T _concatenate_path
0012a3dc 00000160 T chdir
0012a53c 00000008 T __flockfile
0012a544 00000008 T __funlockfile
0012a54c 00000018 T __libc_lock_acquire
0012a564 00000018 T __libc_lock_release
0012a57c 00000018 T __libc_lock_init_recursive
0012a594 00000018 T __libc_lock_acquire_recursive
0012a5ac 00000018 T __libc_lock_release_recursive
0012a5c4 00000018 T __libc_lock_close_recursive
0012a5dc 0000008c T __release_handle
0012a668 000000b4 T __alloc_handle
0012a71c 0000003c T __get_handle
0012a758 000000f4 T _close_r
0012a84c 00000028 T __getreent
0012a874 00000038 T __aeabi_d2lz
0012a874 00000038 T __fixdfdi
0012a8b0 00000040 T __aeabi_d2ulz
0012a8b0 00000040 T __fixunsdfdi
0012a8f0 00000044 T strrchr
0012a934 T _fini
0012b118 R render2d_shbin
0012b2a4 R render2d_shbin_end
0012b2a4 R render2d_shbin_size
0012b2a8 00000038 r CSWTCH.18
0012b2e0 00000005 r colorFmtSizes
0012b2e8 00000004 r depthFmtSizes
0012b2ec 00000010 r CSWTCH.9
0012b320 00000070 r romFS_devoptab
0012b3f4 00000030 r colorTable
0012b424 00000070 r dotab_stdout
0012b4b8 00000008 r morton_x.3
0012b4c0 00000008 r morton_y.2
0012b4c8 00000008 r s_sleepWakeEvents.4
0012b4fc R default_font_bin
0012bcfc R default_font_bin_end
0012bd28 00000070 r archive_devoptab
0012bd98 00000030 r error_table
0012bdc8 00000004 R _global_impure_ptr
0012bdd4 00000022 r basefix.0
0012be20 00000010 r blanks.1
0012be30 00000010 r zeroes.0
0012be54 00000010 r blanks.1
0012be64 00000010 r zeroes.0
0012be74 00000101 R _ctype_
0012bf88 r .LC2
0012c068 00000028 R __mprec_bigtens
0012c090 000000c8 R __mprec_tens
0012c158 0000000c r p05.0
0012c174 00000014 r fpi.1
0012c188 00000014 r fpinan.0
0012c1a0 00000028 r tinytens
0012c1c8 0000006c R __action_table
0012c234 00000100 R __chclass
0012c334 0000006c R __state_table
0012c3a0 00000010 r blanks.1
0012c3b0 00000010 r zeroes.0
0012c448 00000100 R __hexdig
0012c55c 000000bc r a1
0012c618 000000bc r a2
0012c6d4 0000005b r a3
0012c730 00000070 r a6
0012c7a0 000000a2 r a7
0012c844 00000040 r a8
0012c884 0000172a r b02cf
0012dfb0 00001a7c r d02f4
0012fa2c 0000000c R _C_numeric_locale
0012fa38 000031e6 r categories
00132c20 00000070 R dotab_stdnull
00132c90 r 
00132c90 R __exidx_end
00132c90 R __exidx_start
00133000 00000008 D Pos
00133008 00000001 D isPlayerFacingRight
0013300c 00000004 D RunningSpeed
00133010 00000004 D Speed
00133014 00000004 D gravityAcceleration
00133018 00000004 D maxFallingSpeed
0013301c 00000004 D clrClear
00133020 00000004 D wallColor
00133024 00000004 D playerColor
00133028 00000004 D acceleration
0013302c 00000004 d framerate
00133030 00000008 d framerateCounter
00133038 00000004 D currentConsole
0013303c 0000004c D defaultConsole
00133088 00000001 d firstConsoleInit.0
0013308c 00000004 d queueLock
00133090 00000004 d kCount
00133094 00000004 d kDelay
00133098 00000004 d kInterval
0013309c W __stacksize__
001330a0 0000000c d __sfp_recursive_mutex
001330ac 0000000c d __sinit_recursive_mutex
001330b8 00000004 D _impure_ptr
001330c0 00000460 d impure_data
00133520 00000408 D __malloc_av_
00133928 00000004 D __malloc_sbrk_base
0013392c 00000004 D __malloc_trim_threshold
00133930 0000000c d __malloc_recursive_mutex
0013393c 0000000c D __atexit_recursive_mutex
00133948 0000016c D __global_locale
00133ab4 00000002 d numempty
00133ab8 00000004 d defaultDevice
00133abc 0000008c D devoptab_list
00133b48 00000400 d _current_working_directory
00133f48 00000004 d __hndl_lock
00133f4c 0000000c d __stderr_handle
00133f58 0000000c d __stdin_handle
00133f64 0000000c d __stdout_handle
00133f70 00001000 d handles
00134f78 d _GLOBAL_OFFSET_TABLE_
00134f84 d __frame_dummy_init_array_entry
00134f84 D __init_array_start
00134f84 B __preinit_array_end
00134f84 B __preinit_array_start
00134f84 D __tdata_lma
00134f84 D __tdata_lma_end
00134f88 d __do_global_dtors_aux_fini_array_entry
00134f88 D __fini_array_start
00134f88 D __init_array_end
00134f8c D __bss_start__
00134f8c D __fini_array_end
00134f8c 00000008 B Velocity
00134f94 00000004 b spriteSheet
00134f98 00000078 b sprites
00135010 00000001 B isPlayerFacingDown
00135011 00000001 B isPlayerFacingUp
00135014 00000008 B CameraPos
0013501c 00006400 B map
0013b41c 00000001 B isOnGround
0013b41d b completed.1
0013b420 b object.0
0013b438 000005a0 B __C2Di_Context
0013b9d8 00000040 b s_projBot
0013ba18 00000040 b s_projTop
0013ba58 00000004 b uLoc_mdlvMtx
0013ba5c 00000004 b uLoc_projMtx
0013ba60 000002d0 B __C3D_Context
0013bd30 0000000c b hookCookie
0013bd40 00000010 b cpuTime
0013bd50 00000004 b firstTarget
0013bd54 00000008 b frameCounter
0013bd5c 00000004 b frameEndCb
0013bd60 00000004 b frameEndCbData
0013bd68 00000010 b gpuTime
0013bd78 00000001 b inFrame
0013bd79 00000001 b inSafeTransfer
0013bd7a 00000001 b isTopStereo
0013bd7c 00000004 b lastTarget
0013bd80 0000000c b linkedTarget
0013bd8c 00000001 b measureGpuTime
0013bd8d 00000001 b needSwapBot
0013bd8e 00000001 b needSwapTop
0013bd90 00000004 B C3D_BoolUnifs
0013bd94 00000002 B C3D_BoolUnifsDirty
0013bd98 00000c00 B C3D_FVUnif
0013c998 000000c0 B C3D_FVUnifDirty
0013ca58 00000020 B C3D_IVUnif
0013ca78 00000008 B C3D_IVUnifDirty
0013ca80 000000c0 b C3Di_FVUnifEverDirty
0013cb40 00000008 b C3Di_IVUnifEverDirty
0013cb48 00000018 b C3Di_ShaderFVecData
0013cb60 0000000c b sAddrMap
0013cb6c 00000008 b sVramPool
0013cb74 00000008 b sLinearPool
0013cb7c 0000000c b sAddrMap
0013cb88 00000004 V __romfs_path
0013cb8c 00000004 b romfs_mount_list
0013cb90 00000001 V __ctru_speedup
0013cb94 0000004c B currentCopy
0013cbe0 00000004 b gfxBottomFramebufferMaxSize
0013cbe4 00000008 b gfxBottomFramebuffers
0013cbec 00000002 b gfxCurBuf
0013cbf0 00000002 b gfxFramebufferFormats
0013cbf4 00000002 b gfxIsDoubleBuf
0013cbf6 00000001 b gfxIsVram
0013cbf8 00000004 b gfxTopFramebufferMaxSize
0013cbfc 00000008 b gfxTopFramebuffers
0013cc04 00000001 b gfxTopMode
0013cc08 00000004 b screenAlloc
0013cc0c 00000004 b screenFree
0013cc10 00000004 b boundQueue
0013cc14 00000004 b curQueue
0013cc18 00000001 b isActive
0013cc19 00000001 b isRunning
0013cc1a 00000001 b shouldStop
0013cc1c 00000004 B gpuCmdBuf
0013cc20 00000004 B gpuCmdBufOffset
0013cc24 00000004 B gpuCmdBufSize
0013cc28 00000004 b gspEvent
0013cc2c 0000001c b gspEventCb
0013cc48 0000001c b gspEventCbData
0013cc64 00000007 b gspEventCbOneShot
0013cc6c 00000004 b gspEventThread
0013cc70 00000038 b gspEvents
0013cca8 00000004 b gspGpuHandle
0013ccac 00000001 b gspGpuRight
0013ccb0 00000004 b gspLastEvent
0013ccb4 00000004 b gspRefCount
0013ccb8 00000001 b gspRunEvents
0013ccbc 00000004 b gspSharedMem
0013ccc0 00000004 b gspSharedMemHandle
0013ccc4 00000001 b gspThreadId
0013ccc5 00000001 b aptChainloadFlags
0013ccc6 00000001 b aptChainloadMediatype
0013ccc8 00000008 b aptChainloadTid
0013ccd0 00000004 b aptEventHandlerThread
0013ccd4 00000001 b aptEventHandlerThreadQuit
0013ccd8 00000008 b aptEvents
0013cce0 0000000c b aptFirstHook
0013ccec 00000004 b aptFlags
0013ccf0 00000001 b aptHomeButtonState
0013ccf4 00000004 b aptLockHandle
0013ccf8 00000004 b aptMessageFunc
0013ccfc 00000004 b aptMessageFuncData
0013cd00 00001000 b aptParameters
0013dd00 00000008 b aptReceiveEvent
0013dd08 00000004 b aptRefCount
0013dd0c 00000008 b aptSleepEvent
0013dd14 00000001 b flagInit.1
0013dd15 00000001 b flagValue.0
0013dd18 00000004 b serviceName.6
0013dd1c 00000006 b aVec
0013dd24 00000004 b cPos
0013dd28 00000006 b gRate
0013dd30 00000014 B hidEvents
0013dd44 00000004 B hidHandle
0013dd48 00000004 B hidMemHandle
0013dd4c 00000004 b hidRefCount
0013dd50 00000004 B hidSharedMem
0013dd54 00000004 b kDown
0013dd58 00000004 b kHeld
0013dd5c 00000004 b kOld
0013dd60 00000004 b kRepeat
0013dd64 00000004 b kUp
0013dd68 00000004 b tPos
0013dd6c 00000001 b usingIrrst
0013dd70 00000004 b ptmSysmHandle
0013dd74 00000004 b ptmSysmRefCount
0013dd78 00000080 b fsExemptArchives
0013ddf8 00000004 b fsuHandle
0013ddfc 00000004 b fsuRefCount
0013de00 00000004 B __ctru_heap
0013de04 00000004 V __ctru_heap_size
0013de08 00000004 B __ctru_linear_heap
0013de0c 00000004 V __ctru_linear_heap_size
0013de10 00000004 B __system_retAddr
0013de14 00000004 B __system_argc
0013de18 00000004 B __system_argv
0013de1c b saved_stack
0013de24 00000004 b arbiter
0013de28 00000004 b srvHandle
0013de2c 00000004 b srvRefCount
0013de30 00000004 b currentAddr
0013de34 00000004 b maxAddr
0013de38 00000004 b minAddr
0013de3c 00000004 b csPos
0013de40 00000004 B irrstEvent
0013de44 00000004 B irrstHandle
0013de48 00000004 B irrstMemHandle
0013de4c 00000004 b irrstRefCount
0013de50 00000004 B irrstSharedMem
0013de54 00000004 b kHeld
0013de58 00000004 b srvPmHandle
0013de5c 00000004 b archive_device_cwd
0013de60 00000540 b archive_devices
0013e3a0 00000001 b archive_initialized
0013e3a4 00000028 B __malloc_current_mallinfo
0013e3cc 00000004 B __malloc_max_sbrked_mem
0013e3d0 00000004 B __malloc_max_total_mem
0013e3d4 00000004 B __malloc_top_pad
0013e3d8 00000004 b heap_start.0
0013e3dc 00000004 B fake_heap_end
0013e3e0 00000004 B fake_heap_start
0013e3e4 00000400 b temp_cwd
0013e7e4 00000048 B __syscalls
0013e82c B __tls_start
0013f434 B __bss_end__
0013f434 A __end__
0013f434 B __tls_end
