         w __deregister_frame_info
         w __register_frame_info
         w userAppExit
         w userAppInit
00000000 00000401 B __ctru_dev_path_buf
00000000 a shift
00000000 a shift
00000000 b _TLS_MODULE_BASE_
00000404 00000802 B __ctru_dev_utf16_buf
00100000 A __start__
00100000 T _start
00100008 T __service_ptr
0010000c T __apt_appid
00100010 T __heap_size
00100014 T __linear_heap_size
00100018 T __system_arglist
0010001c T __system_runflags
00100020 t startup
00100058 t ClearMem
0010006c t ClrLoop
00100094 T _init
001000ac T __aeabi_uidiv
001000ac 000001ec T __udivsi3
001000ac t .udivsi3_skip_div0_test
00100298 00000020 T __aeabi_uidivmod
001002b8 T __aeabi_idiv
001002b8 00000220 T __divsi3
001002c0 t .divsi3_skip_div0_test
001004d8 00000020 T __aeabi_idivmod
001004f8 00000004 W __aeabi_idiv0
001004f8 00000004 W __aeabi_ldiv0
001004fc T __aeabi_drsub
00100504 000002b0 T __aeabi_dsub
00100504 000002b0 T __subdf3
00100508 000002ac T __adddf3
00100508 000002ac T __aeabi_dadd
001007b4 00000024 T __aeabi_ui2d
001007b4 00000024 T __floatunsidf
001007d8 00000028 T __aeabi_i2d
001007d8 00000028 T __floatsidf
00100800 00000048 T __aeabi_f2d
00100800 00000048 T __extendsfdf2
00100848 00000074 T __aeabi_ul2d
00100848 00000074 T __floatundidf
0010085c 00000060 T __aeabi_l2d
0010085c 00000060 T __floatdidf
001008bc T __aeabi_ldivmod
00100990 T __aeabi_uldivmod
001009e8 00000390 T strcmp
00100d70 t __do_global_dtors_aux
00100db0 t frame_dummy
00100ddc 00000468 T main
00101244 00000034 t C2Di_FrameEndHook
00101278 00000330 T C2D_Init
001015a8 00000044 T C2D_Fini
001015ec 000000d0 T C2D_Prepare
001016bc 0000003c T C2D_Flush
001016f8 00000108 T C2D_SceneSize
00101800 00000058 T C2D_CreateScreenTarget
00101858 00000058 T C2D_TargetClear
001018b0 0000013c T C2Di_CalcQuad
001019ec 0000022c T C2Di_Update
00101c18 000002f8 T C2D_DrawImage
00101f10 000001b0 T C2D_DrawRectangle
001020c0 0000006c T C2D_SpriteSheetLoadFromHandle
0010212c 00000048 T C2D_SpriteSheetLoad
00102174 00000028 T C2D_SpriteSheetFree
0010219c 0000002c T C2D_SpriteSheetGetImage
001021c8 00000004 W C3Di_LightEnvUpdate
001021cc 00000004 W C3Di_LightEnvDirty
001021d0 000000b4 t C3Di_AptEventHook
00102284 00000004 W C3Di_GasUpdate
00102288 000001e0 T C3D_Init
00102468 00000098 T C3D_SetViewport
00102500 000004ec T C3Di_UpdateContext
001029ec 000000e0 T C3Di_SplitFrame
00102acc 00000044 T C3D_Fini
00102b10 00000108 T C3D_BindProgram
00102c18 0000004c t onVBlank0
00102c64 0000004c t onVBlank1
00102cb0 00000080 t C3Di_RenderTargetDestroy
00102d30 000000f4 t onQueueFinish
00102e24 00000038 T C3Di_RenderQueueEnableVBlank
00102e5c 00000030 T C3Di_RenderQueueDisableVBlank
00102e8c 00000060 T C3Di_RenderQueueInit
00102eec 000000b0 T C3Di_RenderQueueExit
00102f9c 00000034 T C3Di_RenderQueueWaitDone
00102fd0 000000e4 T C3D_FrameBegin
001030b4 00000048 T C3D_FrameDrawOn
001030fc 00000058 T C3D_FrameSplit
00103154 000001d8 T C3D_FrameEnd
0010332c 0000001c T C3D_FrameEndHook
00103348 00000128 T C3D_RenderTargetCreate
00103470 000000a8 T C3D_RenderTargetSetOutput
00103518 000000fc T C3D_SyncTextureCopy
00103614 000002a0 T C3D_TexInitWithParams
001038b4 000000c8 T C3D_TexLoadImage
0010397c 00000044 T C3D_TexBind
001039c0 00000074 T C3D_TexDelete
00103a34 0000016c T C3Di_SetTex
00103ba0 000003f4 t Tex3DSi_ImportCommon
00103f94 00000038 T Tex3DS_TextureImportStdio
00103fcc 0000001c T Tex3DS_GetSubTexture
00103fe8 00000004 T Tex3DS_TextureFree
00103fec 0000001c T C3D_CalcColorBufSize
00104008 0000001c T C3D_CalcDepthBufSize
00104024 00000044 T C3D_SetFrameBuf
00104068 0000016c T C3Di_FrameBufBind
001041d4 000000cc T C3D_FrameBufClear
001042a0 00000044 T C3D_FrameBufTransfer
001042e4 00000034 T C3D_GetTexEnv
00104318 00000024 T C3Di_TexEnvBind
0010433c 00000070 T C3D_ProcTexInit
001043ac 00000054 T C3D_ProcTexBind
00104400 0000005c T C3D_ProcTexLutBind
0010445c 000000a4 T ProcTexLut_FromArray
00104500 0000017c T C3Di_ProcTexUpdate
0010467c 00000068 T C3Di_ProcTexDirty
001046e4 00000024 T BufInfo_Init
00104708 00000080 T BufInfo_Add
00104788 00000040 T C3D_SetBufInfo
001047c8 00000048 T C3Di_BufInfoBind
00104810 00000148 T C3D_DrawArrays
00104958 00000040 T C3D_DepthMap
00104998 0000001c T C3D_CullFace
001049b4 00000040 T C3D_StencilTest
001049f4 00000024 T C3D_StencilOp
00104a18 0000001c T C3D_BlendingColor
00104a34 00000024 T C3D_EarlyDepthTest
00104a58 0000002c T C3D_DepthTest
00104a84 0000002c T C3D_AlphaTest
00104ab0 00000050 T C3D_AlphaBlend
00104b00 00000030 T C3D_FragOpMode
00104b30 00000044 T C3D_FragOpShadow
00104b74 000001ac T C3Di_EffectBind
00104d20 00000028 T AttrInfo_Init
00104d48 00000098 T AttrInfo_AddLoader
00104de0 00000054 T C3D_SetAttrInfo
00104e34 00000080 T C3Di_AttrInfoBind
00104eb4 000000a8 T C3D_ImmSendAttrib
00104f5c 0000029c T C3D_UpdateUniforms
001051f8 000000c0 T C3Di_DirtyUniforms
001052b8 000000d8 T C3Di_LoadShaderUniforms
00105390 00000028 T C3Di_ClearShaderUniforms
001053b8 000000cc T Mtx_Ortho
00105484 000000cc T Mtx_OrthoTilt
00105550 00000024 t addrMapNodeComparator(rbtree_node const*, rbtree_node const*)
00105574 00000004 t addrMapNodeDestructor(rbtree_node*)
00105578 00000114 T vramMemAlign
0010568c 00000008 T vramAlloc
00105694 0000005c T vramFree
001056f0 00000024 t addrMapNodeComparator(rbtree_node const*, rbtree_node const*)
00105714 00000004 t addrMapNodeDestructor(rbtree_node*)
00105718 00000120 T linearMemAlign
00105838 00000008 T linearAlloc
00105840 0000005c T linearFree
0010589c 00000084 T MemPool::CoalesceRight(MemBlock*)
00105920 00000170 T MemPool::Allocate(MemChunk&, unsigned long, int)
00105a90 000000fc T MemPool::Deallocate(MemChunk const&)
00105b8c 00000008 t romfs_close
00105b94 000000c8 t romfs_seek
00105c5c 00000024 t romfs_dirreset
00105c80 000000c8 t fill_dir
00105d48 000002b0 t romfs_dirnext
00105ff8 00000084 t romfs_free
0010607c 000000d4 t searchForFile.constprop.0
00106150 000000d8 t searchForDir.constprop.0
00106228 000001c0 t navigateToDir.constprop.0
001063e8 00000128 t romfs_open
00106510 0000004c t romfs_chdir
0010655c 00000070 t romfs_diropen
001065cc 0000017c t romfs_stat
00106748 00000008 t romfs_dirclose
00106750 0000007c t romfs_fstat
001067cc 000000d4 t romfs_read
001068a0 00000290 T romfsMountFromFile
00106b30 00000098 T romfsMountFromCurrentProcess
00106bc8 0000025c T romfsMountSelf
00106e24 000000ac T romfsUnmount
00106ed0 00000074 T osConvertVirtToPhys
00106f44 00000054 T osGetTimeRef
00106f98 000000e4 T osGetTime
0010707c 00000074 T __libctru_gtod
001070f0 00000034 T __ctru_speedup_config
00107124 00000178 T consoleDrawChar
0010729c 00000124 T consolePrintChar
001073c0 00000a00 T con_write
00107dc0 00000168 T consoleInit
00107f28 000000f4 t newRow
0010801c 000000d0 t gfxPresentFramebuffer
001080ec 0000001c T gfxIsWide
00108108 000000ec T gfxSetScreenFormat
001081f4 00000010 T gfxSetDoubleBuffering
00108204 00000108 T gfxInit
0010830c 00000010 T gfxInitDefault
0010831c 000000b4 T gfxExit
001083d0 000000a0 T gfxGetFramebuffer
00108470 0000010c T gfxFlushBuffers
0010857c 00000030 T gfxScreenSwapBuffers
001085ac 00000050 T gfxSwapBuffersGpu
001085fc 000001e0 T shaderInstanceInit
001087dc 00000018 T shaderInstanceGetUniformLocation
001087f4 0000001c T shaderProgramInit
00108810 00000064 T shaderProgramFree
00108874 00000080 T shaderProgramSetVsh
001088f4 000008c0 T shaderProgramConfigure
001091b4 000001f8 t DVLE_GenerateOutmap.part.0
001093ac 000001cc T DVLB_ParseFile
00109578 00000038 T DVLB_Free
001095b0 00000074 T DVLE_GetUniformRegister
00109624 00000010 T GX_BindQueue
00109634 00000078 T GX_ProcessCommandList
001096ac 00000074 T GX_MemoryFill
00109720 00000070 T GX_DisplayTransfer
00109790 00000074 T GX_TextureCopy
00109804 00000068 t gxCmdQueueDoCommands.part.0
0010986c 000000c8 T gxCmdQueueInterrupt
00109934 0000004c T gxCmdQueueClear
00109980 000000f8 T gxCmdQueueAdd
00109a78 00000080 T gxCmdQueueRun
00109af8 00000060 T gxCmdQueueStop
00109b58 00000074 T gxCmdQueueWait
00109bcc 0000013c T GPUCMD_Add
00109d08 000000ac T GPUCMD_Split
00109db4 00000040 T f32tof16
00109df4 00000040 T f32tof24
00109e34 00000044 T f32tof31
00109e78 00000c58 t gspHardwareInit
0010aad0 00000254 T gspInit
0010ad24 000000f0 T gspExit
0010ae14 00000010 T gspHasGpuRight
0010ae24 00000098 T gspPresentBuffer
0010aebc 00000030 T gspSetEventCallback
0010aeec 00000050 T gspWaitForEvent
0010af3c 0000004c T gspWaitForAnyEvent
0010af88 00000160 t gspEventThreadMain
0010b0e8 00000130 T gspSubmitGxCommand
0010b218 00000050 T GSPGPU_FlushDataCache
0010b268 00000034 T GSPGPU_SetLcdForceBlack
0010b29c 00000068 T GSPGPU_AcquireRight
0010b304 00000048 T GSPGPU_ReleaseRight
0010b34c 0000007c T GSPGPU_ImportDisplayCaptureInfo
0010b3c8 0000002c T GSPGPU_SaveVramSysArea
0010b3f4 0000002c T GSPGPU_RestoreVramSysArea
0010b420 000001b0 t aptConvertScreenForCapture
0010b5d0 00000008 W aptDspSleep
0010b5d8 00000004 W aptDspWakeup
0010b5dc 00000004 W aptDspCancel
0010b5e0 0000015c T aptSendCommand
0010b73c 00000038 t aptExitProcess
0010b774 000002f0 T aptExit
0010ba64 000000d8 T aptHandleSleep
0010bb3c 00000030 T aptHook
0010bb6c 00000030 T aptUnhook
0010bb9c 00000084 T APT_SleepIfShellClosed
0010bc20 00000084 T aptSetSleepAllowed
0010bca4 00000084 T APT_UnlockTransition
0010bd28 00000484 t aptEventHandler
0010c1ac 000000b0 T APT_ReceiveParameter
0010c25c 000000b0 t aptReceiveParameter.constprop.0
0010c310 000002bc t aptScreenTransfer
0010c5cc 000002d0 t aptWaitForWakeUp.isra.0
0010c89c 000000f8 T aptJumpToHomeMenu
0010c994 0000004c T aptMainLoop
0010c9e0 00000234 T aptInit
0010cc14 0000007c T APT_CheckNew3DS
0010cc90 00000024 W hidShouldUseIrrst
0010ccb4 0000018c T hidInit
0010ce40 000000e8 T hidExit
0010cf28 00000294 T hidScanInput
0010d1bc 00000010 T hidKeysHeld
0010d1cc 00000010 T hidKeysDown
0010d1dc 00000018 T hidCircleRead
0010d1f4 00000074 T ptmSysmInit
0010d268 0000003c T ptmSysmExit
0010d2a4 00000034 T PTMSYSM_ConfigureNew3DSCPU
0010d2d8 000000c8 T fsInit
0010d3a0 0000003c T fsExit
0010d3dc 00000060 T fsExemptFromSession
0010d43c 00000050 T fsUnexemptFromSession
0010d48c 000000cc T FSUSER_OpenFile
0010d558 000000d4 T FSUSER_OpenFileDirectly
0010d62c 000000bc T FSUSER_DeleteFile
0010d6e8 000000f8 T FSUSER_RenameFile
0010d7e0 000000bc T FSUSER_DeleteDirectory
0010d89c 000000d4 T FSUSER_CreateFile
0010d970 000000c4 T FSUSER_CreateDirectory
0010da34 000000f8 T FSUSER_RenameDirectory
0010db2c 000000b4 T FSUSER_OpenDirectory
0010dbe0 00000094 T FSUSER_OpenArchive
0010dc74 0000008c T FSUSER_CloseArchive
0010dd00 00000074 T FSUSER_GetSdmcArchiveResource
0010dd74 00000064 T FSUSER_IsSdmcWritable
0010ddd8 00000058 T FSFILE_Read
0010de30 00000060 T FSFILE_Write
0010de90 00000038 T FSFILE_GetSize
0010dec8 00000028 T FSFILE_SetSize
0010def0 0000003c T FSFILE_Close
0010df2c 00000024 T FSFILE_Flush
0010df50 00000050 T FSDIR_Read
0010dfa0 0000003c T FSDIR_Close
0010dfdc 000000cc t buffer_read
0010e0a8 000000d0 t iov_read
0010e178 00000128 t iov_memmove
0010e2a0 000001d8 t decompress_rle
0010e478 00000258 t decompress_lzss
0010e6d0 000002ec t decompress_huff.part.0
0010e9bc 00000440 t decompress_lz11
0010edfc 00000010 T decompressCallback_Stdio
0010ee0c 000000e4 T decompressHeader
0010eef0 00000250 T decompressV
0010f140 00000010 T rbtree_init
0010f150 000001a0 t do_insert
0010f2f0 00000008 T rbtree_insert
0010f2f8 00000090 T rbtree_rotate
0010f388 00000338 T rbtree_remove
0010f6c0 00000074 T rbtree_find
0010f734 000000e8 T utf16_to_utf8
0010f81c 00000064 T decode_utf16
0010f880 000000c0 T utf8_to_utf16
0010f940 000001e0 W __system_allocateHeaps
0010fb20 00000038 W __libctru_init
0010fb58 000000f0 W __system_initArgv
0010fc48 T svcControlMemory
0010fc68 T svcQueryMemory
0010fc98 T svcExitProcess
0010fca0 T svcCreateThread
0010fcc0 T svcExitThread
0010fcc8 T svcSleepThread
0010fcd0 T svcReleaseMutex
0010fcd8 T svcCreateEvent
0010fcec T svcSignalEvent
0010fcf4 T svcClearEvent
0010fcfc T svcMapMemoryBlock
0010fd04 T svcUnmapMemoryBlock
0010fd0c T svcCreateAddressArbiter
0010fd20 T svcArbitrateAddressNoTimeout
0010fd28 T svcCloseHandle
0010fd30 T svcWaitSynchronization
0010fd38 T svcWaitSynchronizationN
0010fd60 T svcDuplicateHandle
0010fd74 T svcGetSystemTick
0010fd7c T svcConnectToPort
0010fd90 T svcSendSyncRequest
0010fd98 T svcGetResourceLimit
0010fdac T svcGetResourceLimitLimitValues
0010fdb4 T svcGetResourceLimitCurrentValues
0010fdbc T svcBreak
0010fdc4 W initSystem
0010fe14 W __ctru_exit
0010fe2c T __aeabi_read_tp
0010fe38 0000000c T __sync_init
0010fe44 00000018 T __sync_fini
0010fe5c 0000002c T syncArbitrateAddress
0010fe88 0000001c T LightLock_Init
0010fea4 00000094 T LightLock_Lock
0010ff38 00000044 T LightLock_TryLock
0010ff7c 00000040 T LightLock_Unlock
0010ffbc 00000024 T RecursiveLock_Init
0010ffe0 00000030 T RecursiveLock_Lock
00110010 00000078 T RecursiveLock_TryLock
00110088 00000054 T RecursiveLock_Unlock
001100dc 00000040 T LightEvent_Init
0011011c 000000a4 T LightEvent_Clear
001101c0 000000c8 T LightEvent_Signal
00110288 00000058 T LightEvent_TryWait
001102e0 000000b0 T LightEvent_Wait
00110390 00000084 W envGetHandle
00110414 00000050 W envDestroyHandles
00110464 00000124 T srvInit
00110588 00000058 T srvExit
001105e0 00000080 T srvGetServiceHandleDirect
00110660 00000048 T srvGetServiceHandle
001106a8 00000038 T srvPublishToSubscriber
001106e0 00000188 T threadCreate
00110868 0000002c T threadFree
00110894 00000024 T threadJoin
001108b8 00000030 T threadGetCurrent
001108e8 00000040 T threadExit
00110928 00000044 t _thread_begin
0011096c 00000094 t mappableFindAddressWithin
00110a00 00000028 T mappableInit
00110a28 00000080 T mappableAlloc
00110aa8 00000004 T mappableFree
00110aac 00000160 T irrstInit
00110c0c 000000cc T irrstExit
00110cd8 000000b0 T irrstScanInput
00110d88 00000024 T irrstKeysHeld
00110dac 0000000c T srvPmGetSessionHandle
00110db8 00000050 T rbtree_node_next
00110e08 00000060 T encode_utf16
00110e68 000000fc T encode_utf8
00110f64 0000013c T decode_utf8
001110a0 00000030 W __appInit
001110d0 00000030 t __libctru_nanosleep
00111100 00000030 t __libctru_get_reent
00111130 000000f8 T __system_initSyscalls
00111228 00000030 W __appExit
00111258 00000090 W __libctru_exit
001112e8 00000014 t archive_link
001112fc 00000014 t archive_dirreset
00111310 00000014 t archive_chmod
00111324 00000024 t error_cmp
00111348 00000050 t archive_translate_error
00111398 000000d4 t archive_seek
0011146c 0000007c t _archiveInit.part.0
001114e8 0000008c t archiveFindDevice.part.0
00111574 00000294 t archive_utf16path
00111808 000000a0 t _archiveUnmountDeviceStruct.part.0
001118a8 00000014 t archive_fchmod
001118bc 00000014 t archive_statvfs
001118d0 00000158 t _archiveMountDevice
00111a28 000000e8 t archive_diropen
00111b10 000000a4 t archive_fstat
00111bb4 0000006c t archive_close
00111c20 0000006c t archive_fsync
00111c8c 00000070 t archive_dirclose
00111cfc 000000e8 t sdmc_statvfs
00111de4 00000080 t archive_ftruncate
00111e64 000000fc t archive_chdir
00111f60 000000b0 t archive_read
00112010 000000ac t archive_unlink
001120bc 000000c8 t archive_rmdir
00112184 000000ec t archive_mkdir
00112270 000001a8 t archive_stat
00112418 00000184 t archive_rename
0011259c 00000168 t archive_dirnext
00112704 0000012c t archive_write
00112830 000001f0 t archive_open
00112a20 000001a4 T archiveMountSdmc
00112bc4 00000054 T archiveUnmountAll
00112c18 0000022c T cosf
00112e44 00000024 t with_errnof
00112e68 0000001c T __math_invalidf
00112e88 0000026c T sinf
001130f4 00000120 T __udivmoddi4
00113214 00000078 T bsearch
0011328c 00000028 T calloc
001132b4 000000bc T _calloc_r
00113370 0000000c T __errno
0011337c 00000034 T exit
001133b0 00000160 T _fclose_r
00113510 00000020 T fclose
00113530 00000258 T __sflush_r
00113788 00000094 T _fflush_r
0011381c 00000038 T fflush
00113854 0000000c T _cleanup_r
00113860 00000184 T __sinit
001139e4 00000134 T __sfp
00113b18 0000000c T __sfp_lock_acquire
00113b24 0000000c T __sfp_lock_release
00113b30 0000003c T __libc_fini_array
00113b6c 00000140 T _fopen_r
00113cac 00000028 T fopen
00113cd4 000002d4 T _fread_r
00113fa8 00000038 T fread
00113fe0 000000f8 T _malloc_trim_r
001140d8 000002e4 T _free_r
001143bc 0000001c T _fseek_r
001143d8 00000598 T _fseeko_r
00114970 00000068 T _fwalk
001149d8 00000070 T _fwalk_reent
00114a48 0000007c T __libc_init_array
00114ac4 00000138 T __smakebuf_r
00114bfc 0000008c T __swhatbuf_r
00114c88 00000028 T memalign
00114cb0 00000150 T _memalign_r
00114e00 00000020 T malloc
00114e20 00000020 T free
00114e40 000007e0 T _malloc_r
00115620 000000e0 T memchr
00115700 000000a8 T memcmp
001157a8 0000011c T memcpy
001158c4 00000118 T memset
001159dc 0000000c T __malloc_lock
001159e8 0000000c T __malloc_unlock
001159f4 00000044 T rand
00115a38 0000001c t lflush
00115a54 000001ac T __srefill_r
00115c00 00000260 T setvbuf
00115e60 00000074 T sscanf
00115ed4 00000044 T __sread
00115f18 00000008 T __seofread
00115f20 00000068 T __swrite
00115f88 00000048 T __sseek
00115fd0 00000008 T __sclose
00115fd8 0000012c T strchr
00116104 0000005c T strlen
00116160 000000ec T strncat
0011624c 000000dc T strncmp
00116328 000000c0 T strncpy
001163e8 00000048 T strnlen
00116430 00000050 t get_arg
00116480 00002bbc T __ssvfscanf_r
0011903c 0000003c T time
00119078 00000628 t get_arg
001196a0 00000030 T __sprint_r
001196d0 0000233c T _vfiprintf_r
0011ba0c 000000d4 t __sbprintf
0011bae0 00000054 T _wcrtomb_r
0011bb34 00000028 T _wcsrtombs_r
0011bb5c 00000154 T __swsetup_r
0011bcb0 00000114 T __call_exitprocs
0011bdc4 000000cc T __sflags
0011be90 000004c0 T __sfvwrite_r
0011c350 00000008 T iswspace
0011c358 0000000c T _localeconv_r
0011c364 00000010 T __locale_mb_cur_max
0011c374 00000068 T _mbrtowc_r
0011c3dc 000002e4 T __utf8_mbtowc
0011c6c0 00000154 T memmove
0011c814 00000028 T realloc
0011c83c 00000558 T _realloc_r
0011cd94 000000e4 T __sccl
0011ce78 0000000c T nanf
0011ce84 00000064 T sprintf
0011cee8 000000b8 T stpncpy
0011cfa0 00001368 T _strtod_l
0011e308 0000000c T _strtod_r
0011e314 0000022c t _strtoll_l.constprop.0
0011e540 00000004 T _strtoll_r
0011e544 000001a4 t _strtol_l.part.0
0011e6e8 0000003c T _strtol_r
0011e724 00000244 t _strtoull_l.constprop.0
0011e968 00000004 T _strtoull_r
0011e96c 000001c4 t _strtoul_l.constprop.0
0011eb30 00000004 T _strtoul_r
0011eb34 00000190 T __ssprint_r
0011ecc4 000000e0 T _sungetc_r
0011eda4 0000006c T __ssrefill_r
0011ee10 000000c8 T _sfread_r
0011eed8 00000628 t get_arg
0011f500 000035b8 T _svfprintf_r
00122ab8 000000a8 T __submore
00122b60 00000190 T _wcsnrtombs_l
00122cf0 0000004c T _wcsnrtombs_r
00122d3c 000000f0 T __utf8_wctomb
00122e2c 000001ac t quorem
00122fd8 000012cc T _dtoa_r
001242a4 000000ec t rshift
00124390 00000904 T __gethex
00124c94 0000004c T __match
00124ce0 0000029c T __hexnan
00124f7c 0000003c T iswspace_l
00124fb8 000001d4 t __jp2uc
0012518c 0000009c T _jp2uc_l
00125228 00000088 T _Balloc
001252b0 0000001c T _Bfree
001252cc 000000f4 T __multadd
001253c0 00000110 T __s2b
001254d0 00000058 T __hi0bits
00125528 00000094 T __lo0bits
001255bc 000000a4 T __i2b
00125660 00000204 T __multiply
00125864 00000120 T __pow5mult
00125984 0000013c T __lshift
00125ac0 00000058 T __mcmp
00125b18 000001cc T __mdiff
00125ce4 00000074 T __ulp
00125d58 000000d0 T __b2d
00125e28 00000124 T __d2b
00125f4c 00000078 T __ratio
00125fc4 00000088 T __copybits
0012604c 0000005c T __any_on
001260a8 000000a8 T frexp
00126150 00000010 T nan
00126160 00000054 T __assert_func
001261b4 00000084 T category
00126238 0000003c T fiprintf
00126274 00000014 T abort
00126288 00000098 T _raise_r
00126320 00000020 T raise
00126340 00000008 t null_write
00126348 00000018 T setDefaultDevice
00126360 000000c8 T FindDevice
00126428 00000028 T RemoveDevice
00126450 0000009c T AddDevice
001264ec 00000020 T GetDeviceOpTab
0012650c 00000078 T _fstat_r
00126584 00000014 T _getpid_r
00126598 00000038 T _gettimeofday_r
001265d0 00000008 T _isatty_r
001265d8 00000014 T _kill_r
001265ec 00000084 T _lseek_r
00126670 000000c8 T _open_r
00126738 00000080 T _read_r
001267b8 00000078 T _sbrk_r
00126830 00000080 T _write_r
001268b0 00000024 T _exit
001268d4 000001b8 T _concatenate_path
00126a8c 00000160 T chdir
00126bec 00000008 T __flockfile
00126bf4 00000008 T __funlockfile
00126bfc 00000018 T __libc_lock_acquire
00126c14 00000018 T __libc_lock_release
00126c2c 00000018 T __libc_lock_init_recursive
00126c44 00000018 T __libc_lock_acquire_recursive
00126c5c 00000018 T __libc_lock_release_recursive
00126c74 00000018 T __libc_lock_close_recursive
00126c8c 0000008c T __release_handle
00126d18 000000b4 T __alloc_handle
00126dcc 0000003c T __get_handle
00126e08 000000f4 T _close_r
00126efc 00000028 T __getreent
00126f24 00000038 T __aeabi_d2lz
00126f24 00000038 T __fixdfdi
00126f60 00000040 T __aeabi_d2ulz
00126f60 00000040 T __fixunsdfdi
00126fa0 00000044 T strrchr
00126fe4 T _fini
00127050 R render2d_shbin
001271dc R render2d_shbin_end
001271dc R render2d_shbin_size
001271e0 00000038 r CSWTCH.18
00127218 00000005 r colorFmtSizes
00127220 00000004 r depthFmtSizes
00127224 00000010 r CSWTCH.9
00127258 00000070 r romFS_devoptab
0012732c 00000030 r colorTable
0012735c 00000070 r dotab_stdout
001273f0 00000008 r morton_x.3
001273f8 00000008 r morton_y.2
00127400 00000008 r s_sleepWakeEvents.4
00127434 R default_font_bin
00127c34 R default_font_bin_end
00127c60 00000070 r archive_devoptab
00127cd0 00000030 r error_table
00127d00 00000060 R __inv_pio4
00127d60 000000e0 R __sincosf_table
00127e40 00000004 R _global_impure_ptr
00127e4c 00000022 r basefix.0
00127e98 00000010 r blanks.1
00127ea8 00000010 r zeroes.0
00127eb8 00000101 R _ctype_
00128010 00000014 r fpi.1
00128024 00000014 r fpinan.0
00128038 00000028 r tinytens
00128060 0000006c R __action_table
001280cc 00000100 R __chclass
001281cc 0000006c R __state_table
0012824c 00000010 r blanks.1
0012825c 00000010 r zeroes.0
0012827c r .LC2
0012831c 00000100 R __hexdig
00128430 000000bc r a1
001284ec 000000bc r a2
001285a8 0000005b r a3
00128604 00000070 r a6
00128674 000000a2 r a7
00128718 00000040 r a8
00128758 0000172a r b02cf
00129e84 00001a7c r d02f4
0012b900 0000000c R _C_numeric_locale
0012b950 00000028 R __mprec_bigtens
0012b978 000000c8 R __mprec_tens
0012ba40 0000000c r p05.0
0012ba8c 000031e6 r categories
0012ec74 00000070 R dotab_stdnull
0012ece4 r 
0012ece4 R __exidx_end
0012ece4 R __exidx_start
0012f000 00000004 d framerate
0012f004 00000008 d framerateCounter
0012f00c 00000004 D currentConsole
0012f010 0000004c D defaultConsole
0012f05c 00000001 d firstConsoleInit.0
0012f060 00000004 d queueLock
0012f064 00000004 d kCount
0012f068 00000004 d kDelay
0012f06c 00000004 d kInterval
0012f070 W __stacksize__
0012f074 0000000c d __sfp_recursive_mutex
0012f080 0000000c d __sinit_recursive_mutex
0012f08c 00000004 D _impure_ptr
0012f090 00000460 d impure_data
0012f4f0 00000408 D __malloc_av_
0012f8f8 00000004 D __malloc_sbrk_base
0012f8fc 00000004 D __malloc_trim_threshold
0012f900 0000000c d __malloc_recursive_mutex
0012f90c 0000000c D __atexit_recursive_mutex
0012f918 0000016c D __global_locale
0012fa84 00000002 d numempty
0012fa88 00000004 d defaultDevice
0012fa8c 0000008c D devoptab_list
0012fb18 00000400 d _current_working_directory
0012ff18 00000004 d __hndl_lock
0012ff1c 0000000c d __stderr_handle
0012ff28 0000000c d __stdin_handle
0012ff34 0000000c d __stdout_handle
0012ff40 00001000 d handles
00130f48 d _GLOBAL_OFFSET_TABLE_
00130f54 d __frame_dummy_init_array_entry
00130f54 D __init_array_start
00130f54 B __preinit_array_end
00130f54 B __preinit_array_start
00130f54 D __tdata_lma
00130f54 D __tdata_lma_end
00130f58 d __do_global_dtors_aux_fini_array_entry
00130f58 D __fini_array_start
00130f58 D __init_array_end
00130f5c D __bss_start__
00130f5c D __fini_array_end
00130f5c 00000004 b spriteSheet
00130f60 00000050 b sprites
00130fb0 b completed.1
00130fb4 b object.0
00130fd0 000005a0 B __C2Di_Context
00131570 00000040 b s_projBot
001315b0 00000040 b s_projTop
001315f0 00000004 b uLoc_mdlvMtx
001315f4 00000004 b uLoc_projMtx
001315f8 000002d0 B __C3D_Context
001318c8 0000000c b hookCookie
001318d8 00000010 b cpuTime
001318e8 00000004 b firstTarget
001318ec 00000008 b frameCounter
001318f4 00000004 b frameEndCb
001318f8 00000004 b frameEndCbData
00131900 00000010 b gpuTime
00131910 00000001 b inFrame
00131911 00000001 b inSafeTransfer
00131912 00000001 b isTopStereo
00131914 00000004 b lastTarget
00131918 0000000c b linkedTarget
00131924 00000001 b measureGpuTime
00131925 00000001 b needSwapBot
00131926 00000001 b needSwapTop
00131928 00000004 B C3D_BoolUnifs
0013192c 00000002 B C3D_BoolUnifsDirty
00131930 00000c00 B C3D_FVUnif
00132530 000000c0 B C3D_FVUnifDirty
001325f0 00000020 B C3D_IVUnif
00132610 00000008 B C3D_IVUnifDirty
00132618 000000c0 b C3Di_FVUnifEverDirty
001326d8 00000008 b C3Di_IVUnifEverDirty
001326e0 00000018 b C3Di_ShaderFVecData
001326f8 0000000c b sAddrMap
00132704 00000008 b sVramPool
0013270c 00000008 b sLinearPool
00132714 0000000c b sAddrMap
00132720 00000004 V __romfs_path
00132724 00000004 b romfs_mount_list
00132728 00000001 V __ctru_speedup
0013272c 0000004c B currentCopy
00132778 00000004 b gfxBottomFramebufferMaxSize
0013277c 00000008 b gfxBottomFramebuffers
00132784 00000002 b gfxCurBuf
00132788 00000002 b gfxFramebufferFormats
0013278c 00000002 b gfxIsDoubleBuf
0013278e 00000001 b gfxIsVram
00132790 00000004 b gfxTopFramebufferMaxSize
00132794 00000008 b gfxTopFramebuffers
0013279c 00000001 b gfxTopMode
001327a0 00000004 b screenAlloc
001327a4 00000004 b screenFree
001327a8 00000004 b boundQueue
001327ac 00000004 b curQueue
001327b0 00000001 b isActive
001327b1 00000001 b isRunning
001327b2 00000001 b shouldStop
001327b4 00000004 B gpuCmdBuf
001327b8 00000004 B gpuCmdBufOffset
001327bc 00000004 B gpuCmdBufSize
001327c0 00000004 b gspEvent
001327c4 0000001c b gspEventCb
001327e0 0000001c b gspEventCbData
001327fc 00000007 b gspEventCbOneShot
00132804 00000004 b gspEventThread
00132808 00000038 b gspEvents
00132840 00000004 b gspGpuHandle
00132844 00000001 b gspGpuRight
00132848 00000004 b gspLastEvent
0013284c 00000004 b gspRefCount
00132850 00000001 b gspRunEvents
00132854 00000004 b gspSharedMem
00132858 00000004 b gspSharedMemHandle
0013285c 00000001 b gspThreadId
0013285d 00000001 b aptChainloadFlags
0013285e 00000001 b aptChainloadMediatype
00132860 00000008 b aptChainloadTid
00132868 00000004 b aptEventHandlerThread
0013286c 00000001 b aptEventHandlerThreadQuit
00132870 00000008 b aptEvents
00132878 0000000c b aptFirstHook
00132884 00000004 b aptFlags
00132888 00000001 b aptHomeButtonState
0013288c 00000004 b aptLockHandle
00132890 00000004 b aptMessageFunc
00132894 00000004 b aptMessageFuncData
00132898 00001000 b aptParameters
00133898 00000008 b aptReceiveEvent
001338a0 00000004 b aptRefCount
001338a4 00000008 b aptSleepEvent
001338ac 00000001 b flagInit.1
001338ad 00000001 b flagValue.0
001338b0 00000004 b serviceName.6
001338b4 00000006 b aVec
001338bc 00000004 b cPos
001338c0 00000006 b gRate
001338c8 00000014 B hidEvents
001338dc 00000004 B hidHandle
001338e0 00000004 B hidMemHandle
001338e4 00000004 b hidRefCount
001338e8 00000004 B hidSharedMem
001338ec 00000004 b kDown
001338f0 00000004 b kHeld
001338f4 00000004 b kOld
001338f8 00000004 b kRepeat
001338fc 00000004 b kUp
00133900 00000004 b tPos
00133904 00000001 b usingIrrst
00133908 00000004 b ptmSysmHandle
0013390c 00000004 b ptmSysmRefCount
00133910 00000080 b fsExemptArchives
00133990 00000004 b fsuHandle
00133994 00000004 b fsuRefCount
00133998 00000004 B __ctru_heap
0013399c 00000004 V __ctru_heap_size
001339a0 00000004 B __ctru_linear_heap
001339a4 00000004 V __ctru_linear_heap_size
001339a8 00000004 B __system_retAddr
001339ac 00000004 B __system_argc
001339b0 00000004 B __system_argv
001339b4 b saved_stack
001339bc 00000004 b arbiter
001339c0 00000004 b srvHandle
001339c4 00000004 b srvRefCount
001339c8 00000004 b currentAddr
001339cc 00000004 b maxAddr
001339d0 00000004 b minAddr
001339d4 00000004 b csPos
001339d8 00000004 B irrstEvent
001339dc 00000004 B irrstHandle
001339e0 00000004 B irrstMemHandle
001339e4 00000004 b irrstRefCount
001339e8 00000004 B irrstSharedMem
001339ec 00000004 b kHeld
001339f0 00000004 b srvPmHandle
001339f4 00000004 b archive_device_cwd
001339f8 00000540 b archive_devices
00133f38 00000001 b archive_initialized
00133f3c 00000028 B __malloc_current_mallinfo
00133f64 00000004 B __malloc_max_sbrked_mem
00133f68 00000004 B __malloc_max_total_mem
00133f6c 00000004 B __malloc_top_pad
00133f70 00000004 b heap_start.0
00133f74 00000004 B fake_heap_end
00133f78 00000004 B fake_heap_start
00133f7c 00000400 b temp_cwd
0013437c 00000048 B __syscalls
001343c4 B __tls_start
00134fcc B __bss_end__
00134fcc A __end__
00134fcc B __tls_end
