         w __deregister_frame_info
         w __register_frame_info
         w userAppExit
         w userAppInit
00000000 00000401 B __ctru_dev_path_buf
00000000 a shift
00000000 a shift
00000000 b _TLS_MODULE_BASE_
00000404 00000802 B __ctru_dev_utf16_buf
00100000 A __start__
00100000 T _start
00100008 T __service_ptr
0010000c T __apt_appid
00100010 T __heap_size
00100014 T __linear_heap_size
00100018 T __system_arglist
0010001c T __system_runflags
00100020 t startup
00100058 t ClearMem
0010006c t ClrLoop
00100094 T _init
001000ac T __aeabi_idiv
001000ac 00000220 T __divsi3
001000b4 t .divsi3_skip_div0_test
001002cc 00000020 T __aeabi_idivmod
001002ec 00000004 W __aeabi_idiv0
001002ec 00000004 W __aeabi_ldiv0
001002f0 T __aeabi_drsub
001002f8 000002b0 T __aeabi_dsub
001002f8 000002b0 T __subdf3
001002fc 000002ac T __adddf3
001002fc 000002ac T __aeabi_dadd
001005a8 00000024 T __aeabi_ui2d
001005a8 00000024 T __floatunsidf
001005cc 00000028 T __aeabi_i2d
001005cc 00000028 T __floatsidf
001005f4 00000048 T __aeabi_f2d
001005f4 00000048 T __extendsfdf2
0010063c 00000074 T __aeabi_ul2d
0010063c 00000074 T __floatundidf
00100650 00000060 T __aeabi_l2d
00100650 00000060 T __floatdidf
001006b0 T __aeabi_ldivmod
00100784 T __aeabi_uldivmod
001007c8 00000390 T strcmp
00100b50 T __aeabi_uidiv
00100b50 000001ec T __udivsi3
00100b50 t .udivsi3_skip_div0_test
00100d3c 00000020 T __aeabi_uidivmod
00100d5c t __do_global_dtors_aux
00100d9c t frame_dummy
00100dc8 000002e4 T main
001010ac 00000034 t C2Di_FrameEndHook
001010e0 00000330 T C2D_Init
00101410 00000044 T C2D_Fini
00101454 000000d0 T C2D_Prepare
00101524 0000003c T C2D_Flush
00101560 00000108 T C2D_SceneSize
00101668 00000058 T C2D_CreateScreenTarget
001016c0 00000058 T C2D_TargetClear
00101718 0000022c T C2Di_Update
00101944 00000220 T C2D_DrawLine
00101b64 00000004 W C3Di_LightEnvUpdate
00101b68 00000004 W C3Di_LightEnvDirty
00101b6c 000000b4 t C3Di_AptEventHook
00101c20 00000004 W C3Di_GasUpdate
00101c24 000001e0 T C3D_Init
00101e04 00000098 T C3D_SetViewport
00101e9c 000004ec T C3Di_UpdateContext
00102388 000000e0 T C3Di_SplitFrame
00102468 00000044 T C3D_Fini
001024ac 00000108 T C3D_BindProgram
001025b4 0000004c t onVBlank0
00102600 0000004c t onVBlank1
0010264c 00000080 t C3Di_RenderTargetDestroy
001026cc 000000f4 t onQueueFinish
001027c0 00000038 T C3Di_RenderQueueEnableVBlank
001027f8 00000030 T C3Di_RenderQueueDisableVBlank
00102828 00000060 T C3Di_RenderQueueInit
00102888 000000b0 T C3Di_RenderQueueExit
00102938 00000034 T C3Di_RenderQueueWaitDone
0010296c 000000e4 T C3D_FrameBegin
00102a50 00000048 T C3D_FrameDrawOn
00102a98 00000058 T C3D_FrameSplit
00102af0 000001d8 T C3D_FrameEnd
00102cc8 0000001c T C3D_FrameEndHook
00102ce4 00000128 T C3D_RenderTargetCreate
00102e0c 000000a8 T C3D_RenderTargetSetOutput
00102eb4 00000044 T C3D_TexBind
00102ef8 0000016c T C3Di_SetTex
00103064 0000001c T C3D_CalcColorBufSize
00103080 0000001c T C3D_CalcDepthBufSize
0010309c 00000044 T C3D_SetFrameBuf
001030e0 0000016c T C3Di_FrameBufBind
0010324c 000000cc T C3D_FrameBufClear
00103318 00000044 T C3D_FrameBufTransfer
0010335c 00000034 T C3D_GetTexEnv
00103390 00000024 T C3Di_TexEnvBind
001033b4 00000070 T C3D_ProcTexInit
00103424 00000054 T C3D_ProcTexBind
00103478 0000005c T C3D_ProcTexLutBind
001034d4 000000a4 T ProcTexLut_FromArray
00103578 0000017c T C3Di_ProcTexUpdate
001036f4 00000068 T C3Di_ProcTexDirty
0010375c 00000024 T BufInfo_Init
00103780 00000080 T BufInfo_Add
00103800 00000040 T C3D_SetBufInfo
00103840 00000048 T C3Di_BufInfoBind
00103888 00000148 T C3D_DrawArrays
001039d0 00000040 T C3D_DepthMap
00103a10 0000001c T C3D_CullFace
00103a2c 00000040 T C3D_StencilTest
00103a6c 00000024 T C3D_StencilOp
00103a90 0000001c T C3D_BlendingColor
00103aac 00000024 T C3D_EarlyDepthTest
00103ad0 0000002c T C3D_DepthTest
00103afc 0000002c T C3D_AlphaTest
00103b28 00000050 T C3D_AlphaBlend
00103b78 00000030 T C3D_FragOpMode
00103ba8 00000044 T C3D_FragOpShadow
00103bec 000001ac T C3Di_EffectBind
00103d98 00000028 T AttrInfo_Init
00103dc0 00000098 T AttrInfo_AddLoader
00103e58 00000054 T C3D_SetAttrInfo
00103eac 00000080 T C3Di_AttrInfoBind
00103f2c 000000a8 T C3D_ImmSendAttrib
00103fd4 0000029c T C3D_UpdateUniforms
00104270 000000c0 T C3Di_DirtyUniforms
00104330 000000d8 T C3Di_LoadShaderUniforms
00104408 00000028 T C3Di_ClearShaderUniforms
00104430 000000cc T Mtx_Ortho
001044fc 000000cc T Mtx_OrthoTilt
001045c8 00000024 t addrMapNodeComparator(rbtree_node const*, rbtree_node const*)
001045ec 00000004 t addrMapNodeDestructor(rbtree_node*)
001045f0 00000114 T vramMemAlign
00104704 00000008 T vramAlloc
0010470c 0000005c T vramFree
00104768 00000024 t addrMapNodeComparator(rbtree_node const*, rbtree_node const*)
0010478c 00000004 t addrMapNodeDestructor(rbtree_node*)
00104790 00000120 T linearMemAlign
001048b0 00000008 T linearAlloc
001048b8 0000005c T linearFree
00104914 00000084 T MemPool::CoalesceRight(MemBlock*)
00104998 00000170 T MemPool::Allocate(MemChunk&, unsigned long, int)
00104b08 000000fc T MemPool::Deallocate(MemChunk const&)
00104c04 00000074 T osConvertVirtToPhys
00104c78 00000054 T osGetTimeRef
00104ccc 000000e4 T osGetTime
00104db0 00000074 T __libctru_gtod
00104e24 00000034 T __ctru_speedup_config
00104e58 00000178 T consoleDrawChar
00104fd0 00000124 T consolePrintChar
001050f4 00000a00 T con_write
00105af4 00000168 T consoleInit
00105c5c 000000f4 t newRow
00105d50 000000d0 t gfxPresentFramebuffer
00105e20 0000001c T gfxIsWide
00105e3c 000000ec T gfxSetScreenFormat
00105f28 00000010 T gfxSetDoubleBuffering
00105f38 00000108 T gfxInit
00106040 00000010 T gfxInitDefault
00106050 000000b4 T gfxExit
00106104 000000a0 T gfxGetFramebuffer
001061a4 0000010c T gfxFlushBuffers
001062b0 00000030 T gfxScreenSwapBuffers
001062e0 00000050 T gfxSwapBuffersGpu
00106330 000001e0 T shaderInstanceInit
00106510 00000018 T shaderInstanceGetUniformLocation
00106528 0000001c T shaderProgramInit
00106544 00000064 T shaderProgramFree
001065a8 00000080 T shaderProgramSetVsh
00106628 000008c0 T shaderProgramConfigure
00106ee8 000001f8 t DVLE_GenerateOutmap.part.0
001070e0 000001cc T DVLB_ParseFile
001072ac 00000038 T DVLB_Free
001072e4 00000074 T DVLE_GetUniformRegister
00107358 00000010 T GX_BindQueue
00107368 00000078 T GX_ProcessCommandList
001073e0 00000074 T GX_MemoryFill
00107454 00000070 T GX_DisplayTransfer
001074c4 00000068 t gxCmdQueueDoCommands.part.0
0010752c 000000c8 T gxCmdQueueInterrupt
001075f4 0000004c T gxCmdQueueClear
00107640 000000f8 T gxCmdQueueAdd
00107738 00000080 T gxCmdQueueRun
001077b8 00000060 T gxCmdQueueStop
00107818 00000074 T gxCmdQueueWait
0010788c 0000013c T GPUCMD_Add
001079c8 000000ac T GPUCMD_Split
00107a74 00000040 T f32tof16
00107ab4 00000040 T f32tof24
00107af4 00000044 T f32tof31
00107b38 00000c58 t gspHardwareInit
00108790 00000254 T gspInit
001089e4 000000f0 T gspExit
00108ad4 00000010 T gspHasGpuRight
00108ae4 00000098 T gspPresentBuffer
00108b7c 00000030 T gspSetEventCallback
00108bac 00000050 T gspWaitForEvent
00108bfc 0000004c T gspWaitForAnyEvent
00108c48 00000160 t gspEventThreadMain
00108da8 00000130 T gspSubmitGxCommand
00108ed8 00000050 T GSPGPU_FlushDataCache
00108f28 00000034 T GSPGPU_SetLcdForceBlack
00108f5c 00000068 T GSPGPU_AcquireRight
00108fc4 00000048 T GSPGPU_ReleaseRight
0010900c 0000007c T GSPGPU_ImportDisplayCaptureInfo
00109088 0000002c T GSPGPU_SaveVramSysArea
001090b4 0000002c T GSPGPU_RestoreVramSysArea
001090e0 000001b0 t aptConvertScreenForCapture
00109290 00000008 W aptDspSleep
00109298 00000004 W aptDspWakeup
0010929c 00000004 W aptDspCancel
001092a0 0000015c T aptSendCommand
001093fc 00000038 t aptExitProcess
00109434 000002f0 T aptExit
00109724 000000d8 T aptHandleSleep
001097fc 00000030 T aptHook
0010982c 00000030 T aptUnhook
0010985c 00000084 T APT_SleepIfShellClosed
001098e0 00000084 T aptSetSleepAllowed
00109964 00000084 T APT_UnlockTransition
001099e8 00000484 t aptEventHandler
00109e6c 000000b0 T APT_ReceiveParameter
00109f1c 000000b0 t aptReceiveParameter.constprop.0
00109fd0 000002bc t aptScreenTransfer
0010a28c 000002d0 t aptWaitForWakeUp.isra.0
0010a55c 000000f8 T aptJumpToHomeMenu
0010a654 0000004c T aptMainLoop
0010a6a0 00000234 T aptInit
0010a8d4 0000007c T APT_CheckNew3DS
0010a950 00000024 W hidShouldUseIrrst
0010a974 0000018c T hidInit
0010ab00 000000e8 T hidExit
0010abe8 00000294 T hidScanInput
0010ae7c 00000010 T hidKeysHeld
0010ae8c 00000010 T hidKeysDown
0010ae9c 00000018 T hidTouchRead
0010aeb4 00000018 T hidCircleRead
0010aecc 00000074 T ptmSysmInit
0010af40 0000003c T ptmSysmExit
0010af7c 00000034 T PTMSYSM_ConfigureNew3DSCPU
0010afb0 00000010 T rbtree_init
0010afc0 000001a0 t do_insert
0010b160 00000008 T rbtree_insert
0010b168 00000090 T rbtree_rotate
0010b1f8 00000338 T rbtree_remove
0010b530 00000074 T rbtree_find
0010b5a8 000001e0 W __system_allocateHeaps
0010b788 00000038 W __libctru_init
0010b7c0 000000f0 W __system_initArgv
0010b8b0 T svcControlMemory
0010b8d0 T svcQueryMemory
0010b900 T svcExitProcess
0010b908 T svcCreateThread
0010b928 T svcExitThread
0010b930 T svcSleepThread
0010b938 T svcReleaseMutex
0010b940 T svcCreateEvent
0010b954 T svcSignalEvent
0010b95c T svcClearEvent
0010b964 T svcMapMemoryBlock
0010b96c T svcUnmapMemoryBlock
0010b974 T svcCreateAddressArbiter
0010b988 T svcArbitrateAddressNoTimeout
0010b990 T svcCloseHandle
0010b998 T svcWaitSynchronization
0010b9a0 T svcWaitSynchronizationN
0010b9c8 T svcDuplicateHandle
0010b9dc T svcGetSystemTick
0010b9e4 T svcConnectToPort
0010b9f8 T svcSendSyncRequest
0010ba00 T svcGetResourceLimit
0010ba14 T svcGetResourceLimitLimitValues
0010ba1c T svcGetResourceLimitCurrentValues
0010ba24 T svcBreak
0010ba2c W initSystem
0010ba7c W __ctru_exit
0010ba94 0000000c T __sync_init
0010baa0 00000018 T __sync_fini
0010bab8 0000002c T syncArbitrateAddress
0010bae4 0000001c T LightLock_Init
0010bb00 00000094 T LightLock_Lock
0010bb94 00000044 T LightLock_TryLock
0010bbd8 00000040 T LightLock_Unlock
0010bc18 00000024 T RecursiveLock_Init
0010bc3c 00000030 T RecursiveLock_Lock
0010bc6c 00000078 T RecursiveLock_TryLock
0010bce4 00000054 T RecursiveLock_Unlock
0010bd38 00000040 T LightEvent_Init
0010bd78 000000a4 T LightEvent_Clear
0010be1c 000000c8 T LightEvent_Signal
0010bee4 00000058 T LightEvent_TryWait
0010bf3c 000000b0 T LightEvent_Wait
0010bfec 00000124 T srvInit
0010c110 00000058 T srvExit
0010c168 00000080 T srvGetServiceHandleDirect
0010c1e8 00000048 T srvGetServiceHandle
0010c230 00000038 T srvPublishToSubscriber
0010c268 00000188 T threadCreate
0010c3f0 0000002c T threadFree
0010c41c 00000024 T threadJoin
0010c440 00000030 T threadGetCurrent
0010c470 00000040 T threadExit
0010c4b0 00000044 t _thread_begin
0010c4f4 00000094 t mappableFindAddressWithin
0010c588 00000028 T mappableInit
0010c5b0 00000080 T mappableAlloc
0010c630 00000004 T mappableFree
0010c634 00000160 T irrstInit
0010c794 000000cc T irrstExit
0010c860 000000b0 T irrstScanInput
0010c910 00000024 T irrstKeysHeld
0010c934 0000000c T srvPmGetSessionHandle
0010c940 00000050 T rbtree_node_next
0010c990 00000030 W __appInit
0010c9c0 00000030 t __libctru_nanosleep
0010c9f0 00000030 t __libctru_get_reent
0010ca20 000000f8 T __system_initSyscalls
0010cb18 00000030 W __appExit
0010cb48 00000090 W __libctru_exit
0010cbd8 00000084 W envGetHandle
0010cc5c 00000050 W envDestroyHandles
0010ccac 00000014 t archive_link
0010ccc0 00000014 t archive_dirreset
0010ccd4 00000014 t archive_chmod
0010cce8 00000024 t error_cmp
0010cd0c 00000050 t archive_translate_error
0010cd5c 000000d4 t archive_seek
0010ce30 0000007c t _archiveInit.part.0
0010ceac 0000008c t archiveFindDevice.part.0
0010cf38 00000294 t archive_utf16path
0010d1cc 000000a0 t _archiveUnmountDeviceStruct.part.0
0010d26c 00000014 t archive_fchmod
0010d280 00000014 t archive_statvfs
0010d294 00000158 t _archiveMountDevice
0010d3ec 000000e8 t archive_diropen
0010d4d4 000000a4 t archive_fstat
0010d578 0000006c t archive_close
0010d5e4 0000006c t archive_fsync
0010d650 00000070 t archive_dirclose
0010d6c0 000000e8 t sdmc_statvfs
0010d7a8 00000080 t archive_ftruncate
0010d828 000000fc t archive_chdir
0010d924 000000b0 t archive_read
0010d9d4 000000ac t archive_unlink
0010da80 000000c8 t archive_rmdir
0010db48 000000ec t archive_mkdir
0010dc34 000001a8 t archive_stat
0010dddc 00000184 t archive_rename
0010df60 00000168 t archive_dirnext
0010e0c8 0000012c t archive_write
0010e1f4 000001f0 t archive_open
0010e3e4 000001a4 T archiveMountSdmc
0010e588 00000054 T archiveUnmountAll
0010e5dc 000000c8 T fsInit
0010e6a4 0000003c T fsExit
0010e6e0 00000060 T fsExemptFromSession
0010e740 00000050 T fsUnexemptFromSession
0010e790 000000cc T FSUSER_OpenFile
0010e85c 000000bc T FSUSER_DeleteFile
0010e918 000000f8 T FSUSER_RenameFile
0010ea10 000000bc T FSUSER_DeleteDirectory
0010eacc 000000d4 T FSUSER_CreateFile
0010eba0 000000c4 T FSUSER_CreateDirectory
0010ec64 000000f8 T FSUSER_RenameDirectory
0010ed5c 000000b4 T FSUSER_OpenDirectory
0010ee10 00000094 T FSUSER_OpenArchive
0010eea4 0000008c T FSUSER_CloseArchive
0010ef30 00000074 T FSUSER_GetSdmcArchiveResource
0010efa4 00000064 T FSUSER_IsSdmcWritable
0010f008 00000058 T FSFILE_Read
0010f060 00000060 T FSFILE_Write
0010f0c0 00000038 T FSFILE_GetSize
0010f0f8 00000028 T FSFILE_SetSize
0010f120 0000003c T FSFILE_Close
0010f15c 00000024 T FSFILE_Flush
0010f180 00000050 T FSDIR_Read
0010f1d0 0000003c T FSDIR_Close
0010f20c 000000e8 T utf16_to_utf8
0010f2f4 00000064 T decode_utf16
0010f358 0000013c T decode_utf8
0010f494 000000c0 T utf8_to_utf16
0010f554 T __aeabi_read_tp
0010f560 00000060 T encode_utf16
0010f5c0 000000fc T encode_utf8
0010f6bc 00000050 T sqrtf
0010f710 00000058 T sqrt
0010f768 00000008 T __ieee754_sqrtf
0010f770 00000008 T __ieee754_sqrt
0010f778 00000120 T __udivmoddi4
0010f898 00000078 T bsearch
0010f910 00000028 T calloc
0010f938 000000bc T _calloc_r
0010f9f4 0000000c T __errno
0010fa00 00000034 T exit
0010fa34 0000003c T __libc_fini_array
0010fa70 0000007c T __libc_init_array
0010faec 00000028 T memalign
0010fb14 00000150 T _memalign_r
0010fc64 00000020 T malloc
0010fc84 00000020 T free
0010fca4 000007e0 T _malloc_r
00110484 000000e0 T memchr
00110564 0000011c T memcpy
00110680 00000118 T memset
00110798 0000000c T __malloc_lock
001107a4 0000000c T __malloc_unlock
001107b0 00000034 T printf
001107e4 00000260 T setvbuf
00110a44 00000074 T sscanf
00110ab8 00000044 T __sread
00110afc 00000008 T __seofread
00110b04 00000068 T __swrite
00110b6c 00000048 T __sseek
00110bb4 00000008 T __sclose
00110bbc 0000005c T strlen
00110c18 000000ec T strncat
00110d04 000000dc T strncmp
00110de0 000000c0 T strncpy
00110ea0 00000048 T strnlen
00110ee8 00000050 t get_arg
00110f38 00002bbc T __ssvfscanf_r
00113af4 00000628 t get_arg
0011411c 00000030 T __sprint_r
0011414c 0000233c T _vfiprintf_r
00116488 000000d4 t __sbprintf
0011655c 00000628 t get_arg
00116b88 00003684 T _vfprintf_r
0011a20c 000000d4 t __sbprintf
0011a2e0 00000054 T _wcrtomb_r
0011a334 00000028 T _wcsrtombs_r
0011a35c 00000154 T __swsetup_r
0011a4b0 00000114 T __call_exitprocs
0011a5c4 000001ac t quorem
0011a770 000012cc T _dtoa_r
0011ba3c 00000258 T __sflush_r
0011bc94 00000094 T _fflush_r
0011bd28 0000000c T _cleanup_r
0011bd34 00000184 T __sinit
0011beb8 0000000c T __sfp_lock_acquire
0011bec4 0000000c T __sfp_lock_release
0011bed0 000000f8 T _malloc_trim_r
0011bfc8 000002e4 T _free_r
0011c2ac 000004c0 T __sfvwrite_r
0011c76c 00000070 T _fwalk_reent
0011c7dc 00000008 T iswspace
0011c7e4 0000000c T _localeconv_r
0011c7f0 00000010 T __locale_mb_cur_max
0011c800 00000138 T __smakebuf_r
0011c938 0000008c T __swhatbuf_r
0011c9c4 00000068 T _mbrtowc_r
0011ca2c 000002e4 T __utf8_mbtowc
0011cd10 00000154 T memmove
0011ce64 00000088 T _Balloc
0011ceec 0000001c T _Bfree
0011cf08 000000f4 T __multadd
0011cffc 00000110 T __s2b
0011d10c 00000058 T __hi0bits
0011d164 00000094 T __lo0bits
0011d1f8 000000a4 T __i2b
0011d29c 00000204 T __multiply
0011d4a0 00000120 T __pow5mult
0011d5c0 0000013c T __lshift
0011d6fc 00000058 T __mcmp
0011d754 000001cc T __mdiff
0011d920 00000074 T __ulp
0011d994 000000d0 T __b2d
0011da64 00000124 T __d2b
0011db88 00000078 T __ratio
0011dc00 00000088 T __copybits
0011dc88 0000005c T __any_on
0011dce4 00000028 T realloc
0011dd0c 00000558 T _realloc_r
0011e264 000000e4 T __sccl
0011e348 0000000c T nanf
0011e358 000000a8 T frexp
0011e400 00000064 T sprintf
0011e464 000000b8 T stpncpy
0011e51c 0000012c T strchr
0011e648 00001368 T _strtod_l
0011f9b0 0000000c T _strtod_r
0011f9bc 0000022c t _strtoll_l.constprop.0
0011fbe8 00000004 T _strtoll_r
0011fbec 000001a4 t _strtol_l.part.0
0011fd90 0000003c T _strtol_r
0011fdcc 00000244 t _strtoull_l.constprop.0
00120010 00000004 T _strtoull_r
00120014 000001c4 t _strtoul_l.constprop.0
001201d8 00000004 T _strtoul_r
001201dc 00000190 T __ssprint_r
0012036c 000000e0 T _sungetc_r
0012044c 0000006c T __ssrefill_r
001204b8 000000c8 T _sfread_r
00120580 00000628 t get_arg
00120ba8 000035b8 T _svfprintf_r
00124160 000000a8 T __submore
00124208 00000190 T _wcsnrtombs_l
00124398 0000004c T _wcsnrtombs_r
001243e4 000000f0 T __utf8_wctomb
001244d4 00000054 T __assert_func
00124528 00000160 T _fclose_r
00124688 0000003c T fiprintf
001246c4 000000ec t rshift
001247b0 00000904 T __gethex
001250b4 0000004c T __match
00125100 0000029c T __hexnan
0012539c 0000003c T iswspace_l
001253d8 000001d4 t __jp2uc
001255ac 0000009c T _jp2uc_l
00125648 00000010 T nan
00125658 00000014 T abort
0012566c 00000084 T category
001256f0 00000098 T _raise_r
00125788 00000020 T raise
001257a8 00000008 t null_write
001257b0 00000018 T setDefaultDevice
001257c8 000000c8 T FindDevice
00125890 00000028 T RemoveDevice
001258b8 0000009c T AddDevice
00125954 00000020 T GetDeviceOpTab
00125974 00000078 T _fstat_r
001259ec 00000014 T _getpid_r
00125a00 00000008 T _isatty_r
00125a08 00000014 T _kill_r
00125a1c 00000084 T _lseek_r
00125aa0 00000080 T _read_r
00125b20 00000078 T _sbrk_r
00125b98 00000080 T _write_r
00125c18 00000024 T _exit
00125c3c 000001b8 T _concatenate_path
00125df4 00000160 T chdir
00125f54 00000008 T __flockfile
00125f5c 00000008 T __funlockfile
00125f64 00000018 T __libc_lock_acquire
00125f7c 00000018 T __libc_lock_release
00125f94 00000018 T __libc_lock_init_recursive
00125fac 00000018 T __libc_lock_acquire_recursive
00125fc4 00000018 T __libc_lock_release_recursive
00125fdc 00000018 T __libc_lock_close_recursive
00125ff4 0000003c T __get_handle
00126030 000000f4 T _close_r
00126124 00000028 T __getreent
0012614c 00000038 T __aeabi_d2lz
0012614c 00000038 T __fixdfdi
00126188 00000040 T __aeabi_d2ulz
00126188 00000040 T __fixunsdfdi
001261c8 00000044 T strrchr
0012620c T _fini
00127064 R render2d_shbin
001271f0 R render2d_shbin_end
001271f0 R render2d_shbin_size
001271f4 00000005 r colorFmtSizes
001271fc 00000004 r depthFmtSizes
00127200 00000010 r CSWTCH.9
00127274 00000030 r colorTable
001272a4 00000070 r dotab_stdout
00127338 00000008 r morton_x.3
00127340 00000008 r morton_y.2
00127348 00000008 r s_sleepWakeEvents.4
00127374 R default_font_bin
00127b74 R default_font_bin_end
00127ba0 00000070 r archive_devoptab
00127c10 00000030 r error_table
00127c48 00000004 R _global_impure_ptr
00127c54 00000022 r basefix.0
00127ca0 00000010 r blanks.1
00127cb0 00000010 r zeroes.0
00127cd4 00000010 r blanks.1
00127ce4 00000010 r zeroes.0
00127cf4 00000101 R _ctype_
00127e08 r .LC2
00127ee8 00000028 R __mprec_bigtens
00127f10 000000c8 R __mprec_tens
00127fd8 0000000c r p05.0
00127ff4 00000014 r fpi.1
00128008 00000014 r fpinan.0
00128020 00000028 r tinytens
00128048 0000006c R __action_table
001280b4 00000100 R __chclass
001281b4 0000006c R __state_table
00128220 00000010 r blanks.1
00128230 00000010 r zeroes.0
001282c8 00000100 R __hexdig
001283dc 000000bc r a1
00128498 000000bc r a2
00128554 0000005b r a3
001285b0 00000070 r a6
00128620 000000a2 r a7
001286c4 00000040 r a8
00128704 0000172a r b02cf
00129e30 00001a7c r d02f4
0012b8ac 0000000c R _C_numeric_locale
0012b8b8 000031e6 r categories
0012eaa0 00000070 R dotab_stdnull
0012eb10 r 
0012eb10 R __exidx_end
0012eb10 R __exidx_start
0012f000 00000004 D Speed
0012f004 00000004 d framerate
0012f008 00000008 d framerateCounter
0012f010 00000004 D currentConsole
0012f014 0000004c D defaultConsole
0012f060 00000001 d firstConsoleInit.0
0012f064 00000004 d queueLock
0012f068 00000004 d kCount
0012f06c 00000004 d kDelay
0012f070 00000004 d kInterval
0012f074 W __stacksize__
0012f078 00000004 D _impure_ptr
0012f080 00000460 d impure_data
0012f4e0 00000408 D __malloc_av_
0012f8e8 00000004 D __malloc_sbrk_base
0012f8ec 00000004 D __malloc_trim_threshold
0012f8f0 0000000c d __malloc_recursive_mutex
0012f8fc 0000000c D __atexit_recursive_mutex
0012f908 0000000c d __sfp_recursive_mutex
0012f914 0000000c d __sinit_recursive_mutex
0012f920 0000016c D __global_locale
0012fa8c 00000002 d numempty
0012fa90 00000004 d defaultDevice
0012fa94 0000008c D devoptab_list
0012fb20 00000400 d _current_working_directory
0012ff20 00000004 d __hndl_lock
0012ff24 0000000c d __stderr_handle
0012ff30 0000000c d __stdin_handle
0012ff3c 0000000c d __stdout_handle
0012ff48 00001000 d handles
00130f50 d _GLOBAL_OFFSET_TABLE_
00130f5c d __frame_dummy_init_array_entry
00130f5c D __init_array_start
00130f5c B __preinit_array_end
00130f5c B __preinit_array_start
00130f5c D __tdata_lma
00130f5c D __tdata_lma_end
00130f60 d __do_global_dtors_aux_fini_array_entry
00130f60 D __fini_array_start
00130f60 D __init_array_end
00130f64 D __bss_start__
00130f64 D __fini_array_end
00130f64 00000008 B Pos
00130f6c b completed.1
00130f70 b object.0
00130f88 000005a0 B __C2Di_Context
00131528 00000040 b s_projBot
00131568 00000040 b s_projTop
001315a8 00000004 b uLoc_mdlvMtx
001315ac 00000004 b uLoc_projMtx
001315b0 000002d0 B __C3D_Context
00131880 0000000c b hookCookie
00131890 00000010 b cpuTime
001318a0 00000004 b firstTarget
001318a4 00000008 b frameCounter
001318ac 00000004 b frameEndCb
001318b0 00000004 b frameEndCbData
001318b8 00000010 b gpuTime
001318c8 00000001 b inFrame
001318c9 00000001 b inSafeTransfer
001318ca 00000001 b isTopStereo
001318cc 00000004 b lastTarget
001318d0 0000000c b linkedTarget
001318dc 00000001 b measureGpuTime
001318dd 00000001 b needSwapBot
001318de 00000001 b needSwapTop
001318e0 00000004 B C3D_BoolUnifs
001318e4 00000002 B C3D_BoolUnifsDirty
001318e8 00000c00 B C3D_FVUnif
001324e8 000000c0 B C3D_FVUnifDirty
001325a8 00000020 B C3D_IVUnif
001325c8 00000008 B C3D_IVUnifDirty
001325d0 000000c0 b C3Di_FVUnifEverDirty
00132690 00000008 b C3Di_IVUnifEverDirty
00132698 00000018 b C3Di_ShaderFVecData
001326b0 0000000c b sAddrMap
001326bc 00000008 b sVramPool
001326c4 00000008 b sLinearPool
001326cc 0000000c b sAddrMap
001326d8 00000001 V __ctru_speedup
001326dc 0000004c B currentCopy
00132728 00000004 b gfxBottomFramebufferMaxSize
0013272c 00000008 b gfxBottomFramebuffers
00132734 00000002 b gfxCurBuf
00132738 00000002 b gfxFramebufferFormats
0013273c 00000002 b gfxIsDoubleBuf
0013273e 00000001 b gfxIsVram
00132740 00000004 b gfxTopFramebufferMaxSize
00132744 00000008 b gfxTopFramebuffers
0013274c 00000001 b gfxTopMode
00132750 00000004 b screenAlloc
00132754 00000004 b screenFree
00132758 00000004 b boundQueue
0013275c 00000004 b curQueue
00132760 00000001 b isActive
00132761 00000001 b isRunning
00132762 00000001 b shouldStop
00132764 00000004 B gpuCmdBuf
00132768 00000004 B gpuCmdBufOffset
0013276c 00000004 B gpuCmdBufSize
00132770 00000004 b gspEvent
00132774 0000001c b gspEventCb
00132790 0000001c b gspEventCbData
001327ac 00000007 b gspEventCbOneShot
001327b4 00000004 b gspEventThread
001327b8 00000038 b gspEvents
001327f0 00000004 b gspGpuHandle
001327f4 00000001 b gspGpuRight
001327f8 00000004 b gspLastEvent
001327fc 00000004 b gspRefCount
00132800 00000001 b gspRunEvents
00132804 00000004 b gspSharedMem
00132808 00000004 b gspSharedMemHandle
0013280c 00000001 b gspThreadId
0013280d 00000001 b aptChainloadFlags
0013280e 00000001 b aptChainloadMediatype
00132810 00000008 b aptChainloadTid
00132818 00000004 b aptEventHandlerThread
0013281c 00000001 b aptEventHandlerThreadQuit
00132820 00000008 b aptEvents
00132828 0000000c b aptFirstHook
00132834 00000004 b aptFlags
00132838 00000001 b aptHomeButtonState
0013283c 00000004 b aptLockHandle
00132840 00000004 b aptMessageFunc
00132844 00000004 b aptMessageFuncData
00132848 00001000 b aptParameters
00133848 00000008 b aptReceiveEvent
00133850 00000004 b aptRefCount
00133854 00000008 b aptSleepEvent
0013385c 00000001 b flagInit.1
0013385d 00000001 b flagValue.0
00133860 00000004 b serviceName.6
00133864 00000006 b aVec
0013386c 00000004 b cPos
00133870 00000006 b gRate
00133878 00000014 B hidEvents
0013388c 00000004 B hidHandle
00133890 00000004 B hidMemHandle
00133894 00000004 b hidRefCount
00133898 00000004 B hidSharedMem
0013389c 00000004 b kDown
001338a0 00000004 b kHeld
001338a4 00000004 b kOld
001338a8 00000004 b kRepeat
001338ac 00000004 b kUp
001338b0 00000004 b tPos
001338b4 00000001 b usingIrrst
001338b8 00000004 b ptmSysmHandle
001338bc 00000004 b ptmSysmRefCount
001338c0 00000004 B __ctru_heap
001338c4 00000004 V __ctru_heap_size
001338c8 00000004 B __ctru_linear_heap
001338cc 00000004 V __ctru_linear_heap_size
001338d0 00000004 B __system_retAddr
001338d4 00000004 B __system_argc
001338d8 00000004 B __system_argv
001338dc b saved_stack
001338e4 00000004 b arbiter
001338e8 00000004 b srvHandle
001338ec 00000004 b srvRefCount
001338f0 00000004 b currentAddr
001338f4 00000004 b maxAddr
001338f8 00000004 b minAddr
001338fc 00000004 b csPos
00133900 00000004 B irrstEvent
00133904 00000004 B irrstHandle
00133908 00000004 B irrstMemHandle
0013390c 00000004 b irrstRefCount
00133910 00000004 B irrstSharedMem
00133914 00000004 b kHeld
00133918 00000004 b srvPmHandle
0013391c 00000004 b archive_device_cwd
00133920 00000540 b archive_devices
00133e60 00000001 b archive_initialized
00133e68 00000080 b fsExemptArchives
00133ee8 00000004 b fsuHandle
00133eec 00000004 b fsuRefCount
00133ef0 00000028 B __malloc_current_mallinfo
00133f18 00000004 B __malloc_max_sbrked_mem
00133f1c 00000004 B __malloc_max_total_mem
00133f20 00000004 B __malloc_top_pad
00133f24 00000004 b heap_start.0
00133f28 00000004 B fake_heap_end
00133f2c 00000004 B fake_heap_start
00133f30 00000400 b temp_cwd
00134330 00000048 B __syscalls
00134378 B __tls_start
00134f80 B __bss_end__
00134f80 A __end__
00134f80 B __tls_end
