         w __deregister_frame_info
         w __register_frame_info
         w userAppExit
         w userAppInit
00000000 00000401 B __ctru_dev_path_buf
00000000 a shift
00000000 a shift
00000000 b _TLS_MODULE_BASE_
00000404 00000802 B __ctru_dev_utf16_buf
00100000 A __start__
00100000 T _start
00100008 T __service_ptr
0010000c T __apt_appid
00100010 T __heap_size
00100014 T __linear_heap_size
00100018 T __system_arglist
0010001c T __system_runflags
00100020 t startup
00100058 t ClearMem
0010006c t ClrLoop
00100094 T _init
001000ac T __aeabi_idiv
001000ac 00000220 T __divsi3
001000b4 t .divsi3_skip_div0_test
001002cc 00000020 T __aeabi_idivmod
001002ec 00000004 W __aeabi_idiv0
001002ec 00000004 W __aeabi_ldiv0
001002f0 T __aeabi_drsub
001002f8 000002b0 T __aeabi_dsub
001002f8 000002b0 T __subdf3
001002fc 000002ac T __adddf3
001002fc 000002ac T __aeabi_dadd
001005a8 00000024 T __aeabi_ui2d
001005a8 00000024 T __floatunsidf
001005cc 00000028 T __aeabi_i2d
001005cc 00000028 T __floatsidf
001005f4 00000048 T __aeabi_f2d
001005f4 00000048 T __extendsfdf2
0010063c 00000074 T __aeabi_ul2d
0010063c 00000074 T __floatundidf
00100650 00000060 T __aeabi_l2d
00100650 00000060 T __floatdidf
001006b0 T __aeabi_ldivmod
00100784 T __aeabi_uldivmod
001007c8 00000390 T strcmp
00100b50 T __aeabi_uidiv
00100b50 000001ec T __udivsi3
00100b50 t .udivsi3_skip_div0_test
00100d3c 00000020 T __aeabi_uidivmod
00100d5c t __do_global_dtors_aux
00100d9c t frame_dummy
00100dc8 000003c0 T main
00101188 00000034 t C2Di_FrameEndHook
001011c0 00000330 T C2D_Init
001014f0 00000044 T C2D_Fini
00101534 000000d0 T C2D_Prepare
00101604 0000003c T C2D_Flush
00101640 00000108 T C2D_SceneSize
00101748 00000058 T C2D_CreateScreenTarget
001017a0 00000058 T C2D_TargetClear
001017f8 0000022c T C2Di_Update
00101a24 00000220 T C2D_DrawLine
00101c44 000001b0 T C2D_DrawRectangle
00101df4 00000004 W C3Di_LightEnvUpdate
00101df8 00000004 W C3Di_LightEnvDirty
00101dfc 000000b4 t C3Di_AptEventHook
00101eb0 00000004 W C3Di_GasUpdate
00101eb4 000001e0 T C3D_Init
00102094 00000098 T C3D_SetViewport
0010212c 000004ec T C3Di_UpdateContext
00102618 000000e0 T C3Di_SplitFrame
001026f8 00000044 T C3D_Fini
0010273c 00000108 T C3D_BindProgram
00102844 0000004c t onVBlank0
00102890 0000004c t onVBlank1
001028dc 00000080 t C3Di_RenderTargetDestroy
0010295c 000000f4 t onQueueFinish
00102a50 00000038 T C3Di_RenderQueueEnableVBlank
00102a88 00000030 T C3Di_RenderQueueDisableVBlank
00102ab8 00000060 T C3Di_RenderQueueInit
00102b18 000000b0 T C3Di_RenderQueueExit
00102bc8 00000034 T C3Di_RenderQueueWaitDone
00102bfc 000000e4 T C3D_FrameBegin
00102ce0 00000048 T C3D_FrameDrawOn
00102d28 00000058 T C3D_FrameSplit
00102d80 000001d8 T C3D_FrameEnd
00102f58 0000001c T C3D_FrameEndHook
00102f74 00000128 T C3D_RenderTargetCreate
0010309c 000000a8 T C3D_RenderTargetSetOutput
00103144 00000044 T C3D_TexBind
00103188 0000016c T C3Di_SetTex
001032f4 0000001c T C3D_CalcColorBufSize
00103310 0000001c T C3D_CalcDepthBufSize
0010332c 00000044 T C3D_SetFrameBuf
00103370 0000016c T C3Di_FrameBufBind
001034dc 000000cc T C3D_FrameBufClear
001035a8 00000044 T C3D_FrameBufTransfer
001035ec 00000034 T C3D_GetTexEnv
00103620 00000024 T C3Di_TexEnvBind
00103644 00000070 T C3D_ProcTexInit
001036b4 00000054 T C3D_ProcTexBind
00103708 0000005c T C3D_ProcTexLutBind
00103764 000000a4 T ProcTexLut_FromArray
00103808 0000017c T C3Di_ProcTexUpdate
00103984 00000068 T C3Di_ProcTexDirty
001039ec 00000024 T BufInfo_Init
00103a10 00000080 T BufInfo_Add
00103a90 00000040 T C3D_SetBufInfo
00103ad0 00000048 T C3Di_BufInfoBind
00103b18 00000148 T C3D_DrawArrays
00103c60 00000040 T C3D_DepthMap
00103ca0 0000001c T C3D_CullFace
00103cbc 00000040 T C3D_StencilTest
00103cfc 00000024 T C3D_StencilOp
00103d20 0000001c T C3D_BlendingColor
00103d3c 00000024 T C3D_EarlyDepthTest
00103d60 0000002c T C3D_DepthTest
00103d8c 0000002c T C3D_AlphaTest
00103db8 00000050 T C3D_AlphaBlend
00103e08 00000030 T C3D_FragOpMode
00103e38 00000044 T C3D_FragOpShadow
00103e7c 000001ac T C3Di_EffectBind
00104028 00000028 T AttrInfo_Init
00104050 00000098 T AttrInfo_AddLoader
001040e8 00000054 T C3D_SetAttrInfo
0010413c 00000080 T C3Di_AttrInfoBind
001041bc 000000a8 T C3D_ImmSendAttrib
00104264 0000029c T C3D_UpdateUniforms
00104500 000000c0 T C3Di_DirtyUniforms
001045c0 000000d8 T C3Di_LoadShaderUniforms
00104698 00000028 T C3Di_ClearShaderUniforms
001046c0 000000cc T Mtx_Ortho
0010478c 000000cc T Mtx_OrthoTilt
00104858 00000024 t addrMapNodeComparator(rbtree_node const*, rbtree_node const*)
0010487c 00000004 t addrMapNodeDestructor(rbtree_node*)
00104880 00000114 T vramMemAlign
00104994 00000008 T vramAlloc
0010499c 0000005c T vramFree
001049f8 00000024 t addrMapNodeComparator(rbtree_node const*, rbtree_node const*)
00104a1c 00000004 t addrMapNodeDestructor(rbtree_node*)
00104a20 00000120 T linearMemAlign
00104b40 00000008 T linearAlloc
00104b48 0000005c T linearFree
00104ba4 00000084 T MemPool::CoalesceRight(MemBlock*)
00104c28 00000170 T MemPool::Allocate(MemChunk&, unsigned long, int)
00104d98 000000fc T MemPool::Deallocate(MemChunk const&)
00104e94 00000074 T osConvertVirtToPhys
00104f08 00000054 T osGetTimeRef
00104f5c 000000e4 T osGetTime
00105040 00000074 T __libctru_gtod
001050b4 00000034 T __ctru_speedup_config
001050e8 00000178 T consoleDrawChar
00105260 00000124 T consolePrintChar
00105384 00000a00 T con_write
00105d84 00000168 T consoleInit
00105eec 000000f4 t newRow
00105fe0 000000d0 t gfxPresentFramebuffer
001060b0 0000001c T gfxIsWide
001060cc 000000ec T gfxSetScreenFormat
001061b8 00000010 T gfxSetDoubleBuffering
001061c8 00000108 T gfxInit
001062d0 00000010 T gfxInitDefault
001062e0 000000b4 T gfxExit
00106394 000000a0 T gfxGetFramebuffer
00106434 0000010c T gfxFlushBuffers
00106540 00000030 T gfxScreenSwapBuffers
00106570 00000050 T gfxSwapBuffersGpu
001065c0 000001e0 T shaderInstanceInit
001067a0 00000018 T shaderInstanceGetUniformLocation
001067b8 0000001c T shaderProgramInit
001067d4 00000064 T shaderProgramFree
00106838 00000080 T shaderProgramSetVsh
001068b8 000008c0 T shaderProgramConfigure
00107178 000001f8 t DVLE_GenerateOutmap.part.0
00107370 000001cc T DVLB_ParseFile
0010753c 00000038 T DVLB_Free
00107574 00000074 T DVLE_GetUniformRegister
001075e8 00000010 T GX_BindQueue
001075f8 00000078 T GX_ProcessCommandList
00107670 00000074 T GX_MemoryFill
001076e4 00000070 T GX_DisplayTransfer
00107754 00000068 t gxCmdQueueDoCommands.part.0
001077bc 000000c8 T gxCmdQueueInterrupt
00107884 0000004c T gxCmdQueueClear
001078d0 000000f8 T gxCmdQueueAdd
001079c8 00000080 T gxCmdQueueRun
00107a48 00000060 T gxCmdQueueStop
00107aa8 00000074 T gxCmdQueueWait
00107b1c 0000013c T GPUCMD_Add
00107c58 000000ac T GPUCMD_Split
00107d04 00000040 T f32tof16
00107d44 00000040 T f32tof24
00107d84 00000044 T f32tof31
00107dc8 00000c58 t gspHardwareInit
00108a20 00000254 T gspInit
00108c74 000000f0 T gspExit
00108d64 00000010 T gspHasGpuRight
00108d74 00000098 T gspPresentBuffer
00108e0c 00000030 T gspSetEventCallback
00108e3c 00000050 T gspWaitForEvent
00108e8c 0000004c T gspWaitForAnyEvent
00108ed8 00000160 t gspEventThreadMain
00109038 00000130 T gspSubmitGxCommand
00109168 00000050 T GSPGPU_FlushDataCache
001091b8 00000034 T GSPGPU_SetLcdForceBlack
001091ec 00000068 T GSPGPU_AcquireRight
00109254 00000048 T GSPGPU_ReleaseRight
0010929c 0000007c T GSPGPU_ImportDisplayCaptureInfo
00109318 0000002c T GSPGPU_SaveVramSysArea
00109344 0000002c T GSPGPU_RestoreVramSysArea
00109370 000001b0 t aptConvertScreenForCapture
00109520 00000008 W aptDspSleep
00109528 00000004 W aptDspWakeup
0010952c 00000004 W aptDspCancel
00109530 0000015c T aptSendCommand
0010968c 00000038 t aptExitProcess
001096c4 000002f0 T aptExit
001099b4 000000d8 T aptHandleSleep
00109a8c 00000030 T aptHook
00109abc 00000030 T aptUnhook
00109aec 00000084 T APT_SleepIfShellClosed
00109b70 00000084 T aptSetSleepAllowed
00109bf4 00000084 T APT_UnlockTransition
00109c78 00000484 t aptEventHandler
0010a0fc 000000b0 T APT_ReceiveParameter
0010a1ac 000000b0 t aptReceiveParameter.constprop.0
0010a260 000002bc t aptScreenTransfer
0010a51c 000002d0 t aptWaitForWakeUp.isra.0
0010a7ec 000000f8 T aptJumpToHomeMenu
0010a8e4 0000004c T aptMainLoop
0010a930 00000234 T aptInit
0010ab64 0000007c T APT_CheckNew3DS
0010abe0 00000024 W hidShouldUseIrrst
0010ac04 0000018c T hidInit
0010ad90 000000e8 T hidExit
0010ae78 00000294 T hidScanInput
0010b10c 00000010 T hidKeysHeld
0010b11c 00000010 T hidKeysDown
0010b12c 00000018 T hidCircleRead
0010b144 00000074 T ptmSysmInit
0010b1b8 0000003c T ptmSysmExit
0010b1f4 00000034 T PTMSYSM_ConfigureNew3DSCPU
0010b228 00000010 T rbtree_init
0010b238 000001a0 t do_insert
0010b3d8 00000008 T rbtree_insert
0010b3e0 00000090 T rbtree_rotate
0010b470 00000338 T rbtree_remove
0010b7a8 00000074 T rbtree_find
0010b820 000001e0 W __system_allocateHeaps
0010ba00 00000038 W __libctru_init
0010ba38 000000f0 W __system_initArgv
0010bb28 T svcControlMemory
0010bb48 T svcQueryMemory
0010bb78 T svcExitProcess
0010bb80 T svcCreateThread
0010bba0 T svcExitThread
0010bba8 T svcSleepThread
0010bbb0 T svcReleaseMutex
0010bbb8 T svcCreateEvent
0010bbcc T svcSignalEvent
0010bbd4 T svcClearEvent
0010bbdc T svcMapMemoryBlock
0010bbe4 T svcUnmapMemoryBlock
0010bbec T svcCreateAddressArbiter
0010bc00 T svcArbitrateAddressNoTimeout
0010bc08 T svcCloseHandle
0010bc10 T svcWaitSynchronization
0010bc18 T svcWaitSynchronizationN
0010bc40 T svcDuplicateHandle
0010bc54 T svcGetSystemTick
0010bc5c T svcConnectToPort
0010bc70 T svcSendSyncRequest
0010bc78 T svcGetResourceLimit
0010bc8c T svcGetResourceLimitLimitValues
0010bc94 T svcGetResourceLimitCurrentValues
0010bc9c T svcBreak
0010bca4 W initSystem
0010bcf4 W __ctru_exit
0010bd0c 0000000c T __sync_init
0010bd18 00000018 T __sync_fini
0010bd30 0000002c T syncArbitrateAddress
0010bd5c 0000001c T LightLock_Init
0010bd78 00000094 T LightLock_Lock
0010be0c 00000044 T LightLock_TryLock
0010be50 00000040 T LightLock_Unlock
0010be90 00000024 T RecursiveLock_Init
0010beb4 00000030 T RecursiveLock_Lock
0010bee4 00000078 T RecursiveLock_TryLock
0010bf5c 00000054 T RecursiveLock_Unlock
0010bfb0 00000040 T LightEvent_Init
0010bff0 000000a4 T LightEvent_Clear
0010c094 000000c8 T LightEvent_Signal
0010c15c 00000058 T LightEvent_TryWait
0010c1b4 000000b0 T LightEvent_Wait
0010c264 00000124 T srvInit
0010c388 00000058 T srvExit
0010c3e0 00000080 T srvGetServiceHandleDirect
0010c460 00000048 T srvGetServiceHandle
0010c4a8 00000038 T srvPublishToSubscriber
0010c4e0 00000188 T threadCreate
0010c668 0000002c T threadFree
0010c694 00000024 T threadJoin
0010c6b8 00000030 T threadGetCurrent
0010c6e8 00000040 T threadExit
0010c728 00000044 t _thread_begin
0010c76c 00000094 t mappableFindAddressWithin
0010c800 00000028 T mappableInit
0010c828 00000080 T mappableAlloc
0010c8a8 00000004 T mappableFree
0010c8ac 00000160 T irrstInit
0010ca0c 000000cc T irrstExit
0010cad8 000000b0 T irrstScanInput
0010cb88 00000024 T irrstKeysHeld
0010cbac 0000000c T srvPmGetSessionHandle
0010cbb8 00000050 T rbtree_node_next
0010cc08 00000030 W __appInit
0010cc38 00000030 t __libctru_nanosleep
0010cc68 00000030 t __libctru_get_reent
0010cc98 000000f8 T __system_initSyscalls
0010cd90 00000030 W __appExit
0010cdc0 00000090 W __libctru_exit
0010ce50 00000084 W envGetHandle
0010ced4 00000050 W envDestroyHandles
0010cf24 00000014 t archive_link
0010cf38 00000014 t archive_dirreset
0010cf4c 00000014 t archive_chmod
0010cf60 00000024 t error_cmp
0010cf84 00000050 t archive_translate_error
0010cfd4 000000d4 t archive_seek
0010d0a8 0000007c t _archiveInit.part.0
0010d124 0000008c t archiveFindDevice.part.0
0010d1b0 00000294 t archive_utf16path
0010d444 000000a0 t _archiveUnmountDeviceStruct.part.0
0010d4e4 00000014 t archive_fchmod
0010d4f8 00000014 t archive_statvfs
0010d50c 00000158 t _archiveMountDevice
0010d664 000000e8 t archive_diropen
0010d74c 000000a4 t archive_fstat
0010d7f0 0000006c t archive_close
0010d85c 0000006c t archive_fsync
0010d8c8 00000070 t archive_dirclose
0010d938 000000e8 t sdmc_statvfs
0010da20 00000080 t archive_ftruncate
0010daa0 000000fc t archive_chdir
0010db9c 000000b0 t archive_read
0010dc4c 000000ac t archive_unlink
0010dcf8 000000c8 t archive_rmdir
0010ddc0 000000ec t archive_mkdir
0010deac 000001a8 t archive_stat
0010e054 00000184 t archive_rename
0010e1d8 00000168 t archive_dirnext
0010e340 0000012c t archive_write
0010e46c 000001f0 t archive_open
0010e65c 000001a4 T archiveMountSdmc
0010e800 00000054 T archiveUnmountAll
0010e854 000000c8 T fsInit
0010e91c 0000003c T fsExit
0010e958 00000060 T fsExemptFromSession
0010e9b8 00000050 T fsUnexemptFromSession
0010ea08 000000cc T FSUSER_OpenFile
0010ead4 000000bc T FSUSER_DeleteFile
0010eb90 000000f8 T FSUSER_RenameFile
0010ec88 000000bc T FSUSER_DeleteDirectory
0010ed44 000000d4 T FSUSER_CreateFile
0010ee18 000000c4 T FSUSER_CreateDirectory
0010eedc 000000f8 T FSUSER_RenameDirectory
0010efd4 000000b4 T FSUSER_OpenDirectory
0010f088 00000094 T FSUSER_OpenArchive
0010f11c 0000008c T FSUSER_CloseArchive
0010f1a8 00000074 T FSUSER_GetSdmcArchiveResource
0010f21c 00000064 T FSUSER_IsSdmcWritable
0010f280 00000058 T FSFILE_Read
0010f2d8 00000060 T FSFILE_Write
0010f338 00000038 T FSFILE_GetSize
0010f370 00000028 T FSFILE_SetSize
0010f398 0000003c T FSFILE_Close
0010f3d4 00000024 T FSFILE_Flush
0010f3f8 00000050 T FSDIR_Read
0010f448 0000003c T FSDIR_Close
0010f484 000000e8 T utf16_to_utf8
0010f56c 00000064 T decode_utf16
0010f5d0 0000013c T decode_utf8
0010f70c 000000c0 T utf8_to_utf16
0010f7cc T __aeabi_read_tp
0010f7d8 00000060 T encode_utf16
0010f838 000000fc T encode_utf8
0010f934 00000050 T sqrtf
0010f984 00000008 T __ieee754_sqrtf
0010f98c 00000120 T __udivmoddi4
0010faac 00000078 T bsearch
0010fb24 00000028 T calloc
0010fb4c 000000bc T _calloc_r
0010fc08 0000000c T __errno
0010fc14 00000034 T exit
0010fc48 0000003c T __libc_fini_array
0010fc84 0000007c T __libc_init_array
0010fd00 00000028 T memalign
0010fd28 00000150 T _memalign_r
0010fe78 00000020 T malloc
0010fe98 00000020 T free
0010feb8 000007e0 T _malloc_r
00110698 000000e0 T memchr
00110778 0000011c T memcpy
00110894 00000118 T memset
001109ac 0000000c T __malloc_lock
001109b8 0000000c T __malloc_unlock
001109c4 00000260 T setvbuf
00110c24 00000074 T sscanf
00110c98 00000044 T __sread
00110cdc 00000008 T __seofread
00110ce4 00000068 T __swrite
00110d4c 00000048 T __sseek
00110d94 00000008 T __sclose
00110d9c 0000005c T strlen
00110df8 000000ec T strncat
00110ee4 000000dc T strncmp
00110fc0 000000c0 T strncpy
00111080 00000048 T strnlen
001110c8 00000050 t get_arg
00111118 00002bbc T __ssvfscanf_r
00113cd4 00000628 t get_arg
001142fc 00000030 T __sprint_r
0011432c 0000233c T _vfiprintf_r
00116668 000000d4 t __sbprintf
0011673c 00000054 T _wcrtomb_r
00116790 00000028 T _wcsrtombs_r
001167b8 00000154 T __swsetup_r
0011690c 00000114 T __call_exitprocs
00116a20 00000258 T __sflush_r
00116c78 00000094 T _fflush_r
00116d0c 0000000c T _cleanup_r
00116d18 00000184 T __sinit
00116e9c 0000000c T __sfp_lock_acquire
00116ea8 0000000c T __sfp_lock_release
00116eb4 000000f8 T _malloc_trim_r
00116fac 000002e4 T _free_r
00117290 000004c0 T __sfvwrite_r
00117750 00000070 T _fwalk_reent
001177c0 00000008 T iswspace
001177c8 0000000c T _localeconv_r
001177d4 00000010 T __locale_mb_cur_max
001177e4 00000138 T __smakebuf_r
0011791c 0000008c T __swhatbuf_r
001179a8 00000068 T _mbrtowc_r
00117a10 000002e4 T __utf8_mbtowc
00117cf4 00000154 T memmove
00117e48 00000028 T realloc
00117e70 00000558 T _realloc_r
001183c8 000000e4 T __sccl
001184ac 0000000c T nanf
001184b8 00000064 T sprintf
0011851c 000000b8 T stpncpy
001185d4 0000012c T strchr
00118700 00001368 T _strtod_l
00119a68 0000000c T _strtod_r
00119a74 0000022c t _strtoll_l.constprop.0
00119ca0 00000004 T _strtoll_r
00119ca4 000001a4 t _strtol_l.part.0
00119e48 0000003c T _strtol_r
00119e84 00000244 t _strtoull_l.constprop.0
0011a0c8 00000004 T _strtoull_r
0011a0cc 000001c4 t _strtoul_l.constprop.0
0011a290 00000004 T _strtoul_r
0011a294 00000190 T __ssprint_r
0011a424 000000e0 T _sungetc_r
0011a504 0000006c T __ssrefill_r
0011a570 000000c8 T _sfread_r
0011a638 00000628 t get_arg
0011ac60 000035b8 T _svfprintf_r
0011e218 000000a8 T __submore
0011e2c0 00000190 T _wcsnrtombs_l
0011e450 0000004c T _wcsnrtombs_r
0011e49c 000000f0 T __utf8_wctomb
0011e58c 000001ac t quorem
0011e738 000012cc T _dtoa_r
0011fa04 00000160 T _fclose_r
0011fb64 000000ec t rshift
0011fc50 00000904 T __gethex
00120554 0000004c T __match
001205a0 0000029c T __hexnan
0012083c 0000003c T iswspace_l
00120878 000001d4 t __jp2uc
00120a4c 0000009c T _jp2uc_l
00120ae8 00000088 T _Balloc
00120b70 0000001c T _Bfree
00120b8c 000000f4 T __multadd
00120c80 00000110 T __s2b
00120d90 00000058 T __hi0bits
00120de8 00000094 T __lo0bits
00120e7c 000000a4 T __i2b
00120f20 00000204 T __multiply
00121124 00000120 T __pow5mult
00121244 0000013c T __lshift
00121380 00000058 T __mcmp
001213d8 000001cc T __mdiff
001215a4 00000074 T __ulp
00121618 000000d0 T __b2d
001216e8 00000124 T __d2b
0012180c 00000078 T __ratio
00121884 00000088 T __copybits
0012190c 0000005c T __any_on
00121968 000000a8 T frexp
00121a10 00000010 T nan
00121a20 00000054 T __assert_func
00121a74 00000084 T category
00121af8 0000003c T fiprintf
00121b34 00000014 T abort
00121b48 00000098 T _raise_r
00121be0 00000020 T raise
00121c00 00000008 t null_write
00121c08 00000018 T setDefaultDevice
00121c20 000000c8 T FindDevice
00121ce8 00000028 T RemoveDevice
00121d10 0000009c T AddDevice
00121dac 00000020 T GetDeviceOpTab
00121dcc 00000078 T _fstat_r
00121e44 00000014 T _getpid_r
00121e58 00000008 T _isatty_r
00121e60 00000014 T _kill_r
00121e74 00000084 T _lseek_r
00121ef8 00000080 T _read_r
00121f78 00000078 T _sbrk_r
00121ff0 00000080 T _write_r
00122070 00000024 T _exit
00122094 000001b8 T _concatenate_path
0012224c 00000160 T chdir
001223ac 00000008 T __flockfile
001223b4 00000008 T __funlockfile
001223bc 00000018 T __libc_lock_acquire
001223d4 00000018 T __libc_lock_release
001223ec 00000018 T __libc_lock_init_recursive
00122404 00000018 T __libc_lock_acquire_recursive
0012241c 00000018 T __libc_lock_release_recursive
00122434 00000018 T __libc_lock_close_recursive
0012244c 0000003c T __get_handle
00122488 000000f4 T _close_r
0012257c 00000028 T __getreent
001225a4 00000038 T __aeabi_d2lz
001225a4 00000038 T __fixdfdi
001225e0 00000040 T __aeabi_d2ulz
001225e0 00000040 T __fixunsdfdi
00122620 00000044 T strrchr
00122664 T _fini
00123020 R render2d_shbin
001231ac R render2d_shbin_end
001231ac R render2d_shbin_size
001231b0 00000005 r colorFmtSizes
001231b8 00000004 r depthFmtSizes
001231bc 00000010 r CSWTCH.9
00123230 00000030 r colorTable
00123260 00000070 r dotab_stdout
001232f4 00000008 r morton_x.3
001232fc 00000008 r morton_y.2
00123304 00000008 r s_sleepWakeEvents.4
00123330 R default_font_bin
00123b30 R default_font_bin_end
00123b5c 00000070 r archive_devoptab
00123bcc 00000030 r error_table
00123c04 00000004 R _global_impure_ptr
00123c10 00000022 r basefix.0
00123c5c 00000010 r blanks.1
00123c6c 00000010 r zeroes.0
00123c7c 00000101 R _ctype_
00123dd8 00000014 r fpi.1
00123dec 00000014 r fpinan.0
00123e00 00000028 r tinytens
00123e28 0000006c R __action_table
00123e94 00000100 R __chclass
00123f94 0000006c R __state_table
00124014 00000010 r blanks.1
00124024 00000010 r zeroes.0
00124044 r .LC2
001240e4 00000100 R __hexdig
001241f8 000000bc r a1
001242b4 000000bc r a2
00124370 0000005b r a3
001243cc 00000070 r a6
0012443c 000000a2 r a7
001244e0 00000040 r a8
00124520 0000172a r b02cf
00125c4c 00001a7c r d02f4
001276c8 0000000c R _C_numeric_locale
00127718 00000028 R __mprec_bigtens
00127740 000000c8 R __mprec_tens
00127808 0000000c r p05.0
00127854 000031e6 r categories
0012aa3c 00000070 R dotab_stdnull
0012aaac r 
0012aaac R __exidx_end
0012aaac R __exidx_start
0012b000 00000004 d framerate
0012b004 00000008 d framerateCounter
0012b00c 00000004 D currentConsole
0012b010 0000004c D defaultConsole
0012b05c 00000001 d firstConsoleInit.0
0012b060 00000004 d queueLock
0012b064 00000004 d kCount
0012b068 00000004 d kDelay
0012b06c 00000004 d kInterval
0012b070 W __stacksize__
0012b074 00000004 D _impure_ptr
0012b078 00000460 d impure_data
0012b4d8 00000408 D __malloc_av_
0012b8e0 00000004 D __malloc_sbrk_base
0012b8e4 00000004 D __malloc_trim_threshold
0012b8e8 0000000c d __malloc_recursive_mutex
0012b8f4 0000000c D __atexit_recursive_mutex
0012b900 0000000c d __sfp_recursive_mutex
0012b90c 0000000c d __sinit_recursive_mutex
0012b918 0000016c D __global_locale
0012ba84 00000002 d numempty
0012ba88 00000004 d defaultDevice
0012ba8c 0000008c D devoptab_list
0012bb18 00000400 d _current_working_directory
0012bf18 00000004 d __hndl_lock
0012bf1c 0000000c d __stderr_handle
0012bf28 0000000c d __stdin_handle
0012bf34 0000000c d __stdout_handle
0012bf40 00001000 d handles
0012cf48 d _GLOBAL_OFFSET_TABLE_
0012cf54 d __frame_dummy_init_array_entry
0012cf54 D __init_array_start
0012cf54 B __preinit_array_end
0012cf54 B __preinit_array_start
0012cf54 D __tdata_lma
0012cf54 D __tdata_lma_end
0012cf58 d __do_global_dtors_aux_fini_array_entry
0012cf58 D __fini_array_start
0012cf58 D __init_array_end
0012cf5c D __bss_start__
0012cf5c b completed.1
0012cf5c D __fini_array_end
0012cf60 b object.0
0012cf78 000005a0 B __C2Di_Context
0012d518 00000040 b s_projBot
0012d558 00000040 b s_projTop
0012d598 00000004 b uLoc_mdlvMtx
0012d59c 00000004 b uLoc_projMtx
0012d5a0 000002d0 B __C3D_Context
0012d870 0000000c b hookCookie
0012d880 00000010 b cpuTime
0012d890 00000004 b firstTarget
0012d894 00000008 b frameCounter
0012d89c 00000004 b frameEndCb
0012d8a0 00000004 b frameEndCbData
0012d8a8 00000010 b gpuTime
0012d8b8 00000001 b inFrame
0012d8b9 00000001 b inSafeTransfer
0012d8ba 00000001 b isTopStereo
0012d8bc 00000004 b lastTarget
0012d8c0 0000000c b linkedTarget
0012d8cc 00000001 b measureGpuTime
0012d8cd 00000001 b needSwapBot
0012d8ce 00000001 b needSwapTop
0012d8d0 00000004 B C3D_BoolUnifs
0012d8d4 00000002 B C3D_BoolUnifsDirty
0012d8d8 00000c00 B C3D_FVUnif
0012e4d8 000000c0 B C3D_FVUnifDirty
0012e598 00000020 B C3D_IVUnif
0012e5b8 00000008 B C3D_IVUnifDirty
0012e5c0 000000c0 b C3Di_FVUnifEverDirty
0012e680 00000008 b C3Di_IVUnifEverDirty
0012e688 00000018 b C3Di_ShaderFVecData
0012e6a0 0000000c b sAddrMap
0012e6ac 00000008 b sVramPool
0012e6b4 00000008 b sLinearPool
0012e6bc 0000000c b sAddrMap
0012e6c8 00000001 V __ctru_speedup
0012e6cc 0000004c B currentCopy
0012e718 00000004 b gfxBottomFramebufferMaxSize
0012e71c 00000008 b gfxBottomFramebuffers
0012e724 00000002 b gfxCurBuf
0012e728 00000002 b gfxFramebufferFormats
0012e72c 00000002 b gfxIsDoubleBuf
0012e72e 00000001 b gfxIsVram
0012e730 00000004 b gfxTopFramebufferMaxSize
0012e734 00000008 b gfxTopFramebuffers
0012e73c 00000001 b gfxTopMode
0012e740 00000004 b screenAlloc
0012e744 00000004 b screenFree
0012e748 00000004 b boundQueue
0012e74c 00000004 b curQueue
0012e750 00000001 b isActive
0012e751 00000001 b isRunning
0012e752 00000001 b shouldStop
0012e754 00000004 B gpuCmdBuf
0012e758 00000004 B gpuCmdBufOffset
0012e75c 00000004 B gpuCmdBufSize
0012e760 00000004 b gspEvent
0012e764 0000001c b gspEventCb
0012e780 0000001c b gspEventCbData
0012e79c 00000007 b gspEventCbOneShot
0012e7a4 00000004 b gspEventThread
0012e7a8 00000038 b gspEvents
0012e7e0 00000004 b gspGpuHandle
0012e7e4 00000001 b gspGpuRight
0012e7e8 00000004 b gspLastEvent
0012e7ec 00000004 b gspRefCount
0012e7f0 00000001 b gspRunEvents
0012e7f4 00000004 b gspSharedMem
0012e7f8 00000004 b gspSharedMemHandle
0012e7fc 00000001 b gspThreadId
0012e7fd 00000001 b aptChainloadFlags
0012e7fe 00000001 b aptChainloadMediatype
0012e800 00000008 b aptChainloadTid
0012e808 00000004 b aptEventHandlerThread
0012e80c 00000001 b aptEventHandlerThreadQuit
0012e810 00000008 b aptEvents
0012e818 0000000c b aptFirstHook
0012e824 00000004 b aptFlags
0012e828 00000001 b aptHomeButtonState
0012e82c 00000004 b aptLockHandle
0012e830 00000004 b aptMessageFunc
0012e834 00000004 b aptMessageFuncData
0012e838 00001000 b aptParameters
0012f838 00000008 b aptReceiveEvent
0012f840 00000004 b aptRefCount
0012f844 00000008 b aptSleepEvent
0012f84c 00000001 b flagInit.1
0012f84d 00000001 b flagValue.0
0012f850 00000004 b serviceName.6
0012f854 00000006 b aVec
0012f85c 00000004 b cPos
0012f860 00000006 b gRate
0012f868 00000014 B hidEvents
0012f87c 00000004 B hidHandle
0012f880 00000004 B hidMemHandle
0012f884 00000004 b hidRefCount
0012f888 00000004 B hidSharedMem
0012f88c 00000004 b kDown
0012f890 00000004 b kHeld
0012f894 00000004 b kOld
0012f898 00000004 b kRepeat
0012f89c 00000004 b kUp
0012f8a0 00000004 b tPos
0012f8a4 00000001 b usingIrrst
0012f8a8 00000004 b ptmSysmHandle
0012f8ac 00000004 b ptmSysmRefCount
0012f8b0 00000004 B __ctru_heap
0012f8b4 00000004 V __ctru_heap_size
0012f8b8 00000004 B __ctru_linear_heap
0012f8bc 00000004 V __ctru_linear_heap_size
0012f8c0 00000004 B __system_retAddr
0012f8c4 00000004 B __system_argc
0012f8c8 00000004 B __system_argv
0012f8cc b saved_stack
0012f8d4 00000004 b arbiter
0012f8d8 00000004 b srvHandle
0012f8dc 00000004 b srvRefCount
0012f8e0 00000004 b currentAddr
0012f8e4 00000004 b maxAddr
0012f8e8 00000004 b minAddr
0012f8ec 00000004 b csPos
0012f8f0 00000004 B irrstEvent
0012f8f4 00000004 B irrstHandle
0012f8f8 00000004 B irrstMemHandle
0012f8fc 00000004 b irrstRefCount
0012f900 00000004 B irrstSharedMem
0012f904 00000004 b kHeld
0012f908 00000004 b srvPmHandle
0012f90c 00000004 b archive_device_cwd
0012f910 00000540 b archive_devices
0012fe50 00000001 b archive_initialized
0012fe58 00000080 b fsExemptArchives
0012fed8 00000004 b fsuHandle
0012fedc 00000004 b fsuRefCount
0012fee0 00000028 B __malloc_current_mallinfo
0012ff08 00000004 B __malloc_max_sbrked_mem
0012ff0c 00000004 B __malloc_max_total_mem
0012ff10 00000004 B __malloc_top_pad
0012ff14 00000004 b heap_start.0
0012ff18 00000004 B fake_heap_end
0012ff1c 00000004 B fake_heap_start
0012ff20 00000400 b temp_cwd
00130320 00000048 B __syscalls
00130368 B __tls_start
00130f70 B __bss_end__
00130f70 A __end__
00130f70 B __tls_end
