         w __deregister_frame_info
         w __register_frame_info
         w userAppExit
         w userAppInit
00000000 00000401 B __ctru_dev_path_buf
00000000 a shift
00000000 a shift
00000000 b _TLS_MODULE_BASE_
00000404 00000802 B __ctru_dev_utf16_buf
00100000 A __start__
00100000 T _start
00100008 T __service_ptr
0010000c T __apt_appid
00100010 T __heap_size
00100014 T __linear_heap_size
00100018 T __system_arglist
0010001c T __system_runflags
00100020 t startup
00100058 t ClearMem
0010006c t ClrLoop
00100094 T _init
001000ac T __aeabi_idiv
001000ac 00000220 T __divsi3
001000b4 t .divsi3_skip_div0_test
001002cc 00000020 T __aeabi_idivmod
001002ec 00000004 W __aeabi_idiv0
001002ec 00000004 W __aeabi_ldiv0
001002f0 T __aeabi_drsub
001002f8 000002b0 T __aeabi_dsub
001002f8 000002b0 T __subdf3
001002fc 000002ac T __adddf3
001002fc 000002ac T __aeabi_dadd
001005a8 00000024 T __aeabi_ui2d
001005a8 00000024 T __floatunsidf
001005cc 00000028 T __aeabi_i2d
001005cc 00000028 T __floatsidf
001005f4 00000048 T __aeabi_f2d
001005f4 00000048 T __extendsfdf2
0010063c 00000074 T __aeabi_ul2d
0010063c 00000074 T __floatundidf
00100650 00000060 T __aeabi_l2d
00100650 00000060 T __floatdidf
001006b0 T __aeabi_ldivmod
00100784 T __aeabi_uldivmod
001007c8 00000390 T strcmp
00100b50 T __aeabi_uidiv
00100b50 000001ec T __udivsi3
00100b50 t .udivsi3_skip_div0_test
00100d3c 00000020 T __aeabi_uidivmod
00100d5c t __do_global_dtors_aux
00100d9c t frame_dummy
00100dc8 000007a0 T main
00101568 00000034 t C2Di_FrameEndHook
001015a0 00000330 T C2D_Init
001018d0 00000044 T C2D_Fini
00101914 000000d0 T C2D_Prepare
001019e4 0000003c T C2D_Flush
00101a20 00000108 T C2D_SceneSize
00101b28 00000058 T C2D_CreateScreenTarget
00101b80 00000058 T C2D_TargetClear
00101bd8 0000022c T C2Di_Update
00101e04 000001b0 T C2D_DrawRectangle
00101fb4 00000004 W C3Di_LightEnvUpdate
00101fb8 00000004 W C3Di_LightEnvDirty
00101fbc 000000b4 t C3Di_AptEventHook
00102070 00000004 W C3Di_GasUpdate
00102074 000001e0 T C3D_Init
00102254 00000098 T C3D_SetViewport
001022ec 000004ec T C3Di_UpdateContext
001027d8 000000e0 T C3Di_SplitFrame
001028b8 00000044 T C3D_Fini
001028fc 00000108 T C3D_BindProgram
00102a04 0000004c t onVBlank0
00102a50 0000004c t onVBlank1
00102a9c 00000080 t C3Di_RenderTargetDestroy
00102b1c 000000f4 t onQueueFinish
00102c10 00000038 T C3Di_RenderQueueEnableVBlank
00102c48 00000030 T C3Di_RenderQueueDisableVBlank
00102c78 00000060 T C3Di_RenderQueueInit
00102cd8 000000b0 T C3Di_RenderQueueExit
00102d88 00000034 T C3Di_RenderQueueWaitDone
00102dbc 000000e4 T C3D_FrameBegin
00102ea0 00000048 T C3D_FrameDrawOn
00102ee8 00000058 T C3D_FrameSplit
00102f40 000001d8 T C3D_FrameEnd
00103118 0000001c T C3D_FrameEndHook
00103134 00000128 T C3D_RenderTargetCreate
0010325c 000000a8 T C3D_RenderTargetSetOutput
00103304 00000044 T C3D_TexBind
00103348 0000016c T C3Di_SetTex
001034b4 0000001c T C3D_CalcColorBufSize
001034d0 0000001c T C3D_CalcDepthBufSize
001034ec 00000044 T C3D_SetFrameBuf
00103530 0000016c T C3Di_FrameBufBind
0010369c 000000cc T C3D_FrameBufClear
00103768 00000044 T C3D_FrameBufTransfer
001037ac 00000034 T C3D_GetTexEnv
001037e0 00000024 T C3Di_TexEnvBind
00103804 00000070 T C3D_ProcTexInit
00103874 00000054 T C3D_ProcTexBind
001038c8 0000005c T C3D_ProcTexLutBind
00103924 000000a4 T ProcTexLut_FromArray
001039c8 0000017c T C3Di_ProcTexUpdate
00103b44 00000068 T C3Di_ProcTexDirty
00103bac 00000024 T BufInfo_Init
00103bd0 00000080 T BufInfo_Add
00103c50 00000040 T C3D_SetBufInfo
00103c90 00000048 T C3Di_BufInfoBind
00103cd8 00000148 T C3D_DrawArrays
00103e20 00000040 T C3D_DepthMap
00103e60 0000001c T C3D_CullFace
00103e7c 00000040 T C3D_StencilTest
00103ebc 00000024 T C3D_StencilOp
00103ee0 0000001c T C3D_BlendingColor
00103efc 00000024 T C3D_EarlyDepthTest
00103f20 0000002c T C3D_DepthTest
00103f4c 0000002c T C3D_AlphaTest
00103f78 00000050 T C3D_AlphaBlend
00103fc8 00000030 T C3D_FragOpMode
00103ff8 00000044 T C3D_FragOpShadow
0010403c 000001ac T C3Di_EffectBind
001041e8 00000028 T AttrInfo_Init
00104210 00000098 T AttrInfo_AddLoader
001042a8 00000054 T C3D_SetAttrInfo
001042fc 00000080 T C3Di_AttrInfoBind
0010437c 000000a8 T C3D_ImmSendAttrib
00104424 0000029c T C3D_UpdateUniforms
001046c0 000000c0 T C3Di_DirtyUniforms
00104780 000000d8 T C3Di_LoadShaderUniforms
00104858 00000028 T C3Di_ClearShaderUniforms
00104880 000000cc T Mtx_Ortho
0010494c 000000cc T Mtx_OrthoTilt
00104a18 00000024 t addrMapNodeComparator(rbtree_node const*, rbtree_node const*)
00104a3c 00000004 t addrMapNodeDestructor(rbtree_node*)
00104a40 00000114 T vramMemAlign
00104b54 00000008 T vramAlloc
00104b5c 0000005c T vramFree
00104bb8 00000024 t addrMapNodeComparator(rbtree_node const*, rbtree_node const*)
00104bdc 00000004 t addrMapNodeDestructor(rbtree_node*)
00104be0 00000120 T linearMemAlign
00104d00 00000008 T linearAlloc
00104d08 0000005c T linearFree
00104d64 00000084 T MemPool::CoalesceRight(MemBlock*)
00104de8 00000170 T MemPool::Allocate(MemChunk&, unsigned long, int)
00104f58 000000fc T MemPool::Deallocate(MemChunk const&)
00105054 00000074 T osConvertVirtToPhys
001050c8 00000054 T osGetTimeRef
0010511c 000000e4 T osGetTime
00105200 00000074 T __libctru_gtod
00105274 00000034 T __ctru_speedup_config
001052a8 00000178 T consoleDrawChar
00105420 00000124 T consolePrintChar
00105544 00000a00 T con_write
00105f44 00000168 T consoleInit
001060ac 000000f4 t newRow
001061a0 000000d0 t gfxPresentFramebuffer
00106270 0000001c T gfxIsWide
0010628c 000000ec T gfxSetScreenFormat
00106378 00000010 T gfxSetDoubleBuffering
00106388 00000108 T gfxInit
00106490 00000010 T gfxInitDefault
001064a0 000000b4 T gfxExit
00106554 000000a0 T gfxGetFramebuffer
001065f4 0000010c T gfxFlushBuffers
00106700 00000030 T gfxScreenSwapBuffers
00106730 00000050 T gfxSwapBuffersGpu
00106780 000001e0 T shaderInstanceInit
00106960 00000018 T shaderInstanceGetUniformLocation
00106978 0000001c T shaderProgramInit
00106994 00000064 T shaderProgramFree
001069f8 00000080 T shaderProgramSetVsh
00106a78 000008c0 T shaderProgramConfigure
00107338 000001f8 t DVLE_GenerateOutmap.part.0
00107530 000001cc T DVLB_ParseFile
001076fc 00000038 T DVLB_Free
00107734 00000074 T DVLE_GetUniformRegister
001077a8 00000010 T GX_BindQueue
001077b8 00000078 T GX_ProcessCommandList
00107830 00000074 T GX_MemoryFill
001078a4 00000070 T GX_DisplayTransfer
00107914 00000068 t gxCmdQueueDoCommands.part.0
0010797c 000000c8 T gxCmdQueueInterrupt
00107a44 0000004c T gxCmdQueueClear
00107a90 000000f8 T gxCmdQueueAdd
00107b88 00000080 T gxCmdQueueRun
00107c08 00000060 T gxCmdQueueStop
00107c68 00000074 T gxCmdQueueWait
00107cdc 0000013c T GPUCMD_Add
00107e18 000000ac T GPUCMD_Split
00107ec4 00000040 T f32tof16
00107f04 00000040 T f32tof24
00107f44 00000044 T f32tof31
00107f88 00000c58 t gspHardwareInit
00108be0 00000254 T gspInit
00108e34 000000f0 T gspExit
00108f24 00000010 T gspHasGpuRight
00108f34 00000098 T gspPresentBuffer
00108fcc 00000030 T gspSetEventCallback
00108ffc 00000050 T gspWaitForEvent
0010904c 0000004c T gspWaitForAnyEvent
00109098 00000160 t gspEventThreadMain
001091f8 00000130 T gspSubmitGxCommand
00109328 00000050 T GSPGPU_FlushDataCache
00109378 00000034 T GSPGPU_SetLcdForceBlack
001093ac 00000068 T GSPGPU_AcquireRight
00109414 00000048 T GSPGPU_ReleaseRight
0010945c 0000007c T GSPGPU_ImportDisplayCaptureInfo
001094d8 0000002c T GSPGPU_SaveVramSysArea
00109504 0000002c T GSPGPU_RestoreVramSysArea
00109530 000001b0 t aptConvertScreenForCapture
001096e0 00000008 W aptDspSleep
001096e8 00000004 W aptDspWakeup
001096ec 00000004 W aptDspCancel
001096f0 0000015c T aptSendCommand
0010984c 00000038 t aptExitProcess
00109884 000002f0 T aptExit
00109b74 000000d8 T aptHandleSleep
00109c4c 00000030 T aptHook
00109c7c 00000030 T aptUnhook
00109cac 00000084 T APT_SleepIfShellClosed
00109d30 00000084 T aptSetSleepAllowed
00109db4 00000084 T APT_UnlockTransition
00109e38 00000484 t aptEventHandler
0010a2bc 000000b0 T APT_ReceiveParameter
0010a36c 000000b0 t aptReceiveParameter.constprop.0
0010a420 000002bc t aptScreenTransfer
0010a6dc 000002d0 t aptWaitForWakeUp.isra.0
0010a9ac 000000f8 T aptJumpToHomeMenu
0010aaa4 0000004c T aptMainLoop
0010aaf0 00000234 T aptInit
0010ad24 0000007c T APT_CheckNew3DS
0010ada0 00000024 W hidShouldUseIrrst
0010adc4 0000018c T hidInit
0010af50 000000e8 T hidExit
0010b038 00000294 T hidScanInput
0010b2cc 00000010 T hidKeysHeld
0010b2dc 00000010 T hidKeysDown
0010b2ec 00000074 T ptmSysmInit
0010b360 0000003c T ptmSysmExit
0010b39c 00000034 T PTMSYSM_ConfigureNew3DSCPU
0010b3d0 00000010 T rbtree_init
0010b3e0 000001a0 t do_insert
0010b580 00000008 T rbtree_insert
0010b588 00000090 T rbtree_rotate
0010b618 00000338 T rbtree_remove
0010b950 00000074 T rbtree_find
0010b9c8 000001e0 W __system_allocateHeaps
0010bba8 00000038 W __libctru_init
0010bbe0 000000f0 W __system_initArgv
0010bcd0 T svcControlMemory
0010bcf0 T svcQueryMemory
0010bd20 T svcExitProcess
0010bd28 T svcCreateThread
0010bd48 T svcExitThread
0010bd50 T svcSleepThread
0010bd58 T svcReleaseMutex
0010bd60 T svcCreateEvent
0010bd74 T svcSignalEvent
0010bd7c T svcClearEvent
0010bd84 T svcMapMemoryBlock
0010bd8c T svcUnmapMemoryBlock
0010bd94 T svcCreateAddressArbiter
0010bda8 T svcArbitrateAddressNoTimeout
0010bdb0 T svcCloseHandle
0010bdb8 T svcWaitSynchronization
0010bdc0 T svcWaitSynchronizationN
0010bde8 T svcDuplicateHandle
0010bdfc T svcGetSystemTick
0010be04 T svcConnectToPort
0010be18 T svcSendSyncRequest
0010be20 T svcGetResourceLimit
0010be34 T svcGetResourceLimitLimitValues
0010be3c T svcGetResourceLimitCurrentValues
0010be44 T svcBreak
0010be4c W initSystem
0010be9c W __ctru_exit
0010beb4 0000000c T __sync_init
0010bec0 00000018 T __sync_fini
0010bed8 0000002c T syncArbitrateAddress
0010bf04 0000001c T LightLock_Init
0010bf20 00000094 T LightLock_Lock
0010bfb4 00000044 T LightLock_TryLock
0010bff8 00000040 T LightLock_Unlock
0010c038 00000024 T RecursiveLock_Init
0010c05c 00000030 T RecursiveLock_Lock
0010c08c 00000078 T RecursiveLock_TryLock
0010c104 00000054 T RecursiveLock_Unlock
0010c158 00000040 T LightEvent_Init
0010c198 000000a4 T LightEvent_Clear
0010c23c 000000c8 T LightEvent_Signal
0010c304 00000058 T LightEvent_TryWait
0010c35c 000000b0 T LightEvent_Wait
0010c40c 00000124 T srvInit
0010c530 00000058 T srvExit
0010c588 00000080 T srvGetServiceHandleDirect
0010c608 00000048 T srvGetServiceHandle
0010c650 00000038 T srvPublishToSubscriber
0010c688 00000188 T threadCreate
0010c810 0000002c T threadFree
0010c83c 00000024 T threadJoin
0010c860 00000030 T threadGetCurrent
0010c890 00000040 T threadExit
0010c8d0 00000044 t _thread_begin
0010c914 00000094 t mappableFindAddressWithin
0010c9a8 00000028 T mappableInit
0010c9d0 00000080 T mappableAlloc
0010ca50 00000004 T mappableFree
0010ca54 00000160 T irrstInit
0010cbb4 000000cc T irrstExit
0010cc80 000000b0 T irrstScanInput
0010cd30 00000024 T irrstKeysHeld
0010cd54 0000000c T srvPmGetSessionHandle
0010cd60 00000050 T rbtree_node_next
0010cdb0 00000030 W __appInit
0010cde0 00000030 t __libctru_nanosleep
0010ce10 00000030 t __libctru_get_reent
0010ce40 000000f8 T __system_initSyscalls
0010cf38 00000030 W __appExit
0010cf68 00000090 W __libctru_exit
0010cff8 00000084 W envGetHandle
0010d07c 00000050 W envDestroyHandles
0010d0cc 00000014 t archive_link
0010d0e0 00000014 t archive_dirreset
0010d0f4 00000014 t archive_chmod
0010d108 00000024 t error_cmp
0010d12c 00000050 t archive_translate_error
0010d17c 000000d4 t archive_seek
0010d250 0000007c t _archiveInit.part.0
0010d2cc 0000008c t archiveFindDevice.part.0
0010d358 00000294 t archive_utf16path
0010d5ec 000000a0 t _archiveUnmountDeviceStruct.part.0
0010d68c 00000014 t archive_fchmod
0010d6a0 00000014 t archive_statvfs
0010d6b4 00000158 t _archiveMountDevice
0010d80c 000000e8 t archive_diropen
0010d8f4 000000a4 t archive_fstat
0010d998 0000006c t archive_close
0010da04 0000006c t archive_fsync
0010da70 00000070 t archive_dirclose
0010dae0 000000e8 t sdmc_statvfs
0010dbc8 00000080 t archive_ftruncate
0010dc48 000000fc t archive_chdir
0010dd44 000000b0 t archive_read
0010ddf4 000000ac t archive_unlink
0010dea0 000000c8 t archive_rmdir
0010df68 000000ec t archive_mkdir
0010e054 000001a8 t archive_stat
0010e1fc 00000184 t archive_rename
0010e380 00000168 t archive_dirnext
0010e4e8 0000012c t archive_write
0010e614 000001f0 t archive_open
0010e804 000001a4 T archiveMountSdmc
0010e9a8 00000054 T archiveUnmountAll
0010e9fc 000000c8 T fsInit
0010eac4 0000003c T fsExit
0010eb00 00000060 T fsExemptFromSession
0010eb60 00000050 T fsUnexemptFromSession
0010ebb0 000000cc T FSUSER_OpenFile
0010ec7c 000000bc T FSUSER_DeleteFile
0010ed38 000000f8 T FSUSER_RenameFile
0010ee30 000000bc T FSUSER_DeleteDirectory
0010eeec 000000d4 T FSUSER_CreateFile
0010efc0 000000c4 T FSUSER_CreateDirectory
0010f084 000000f8 T FSUSER_RenameDirectory
0010f17c 000000b4 T FSUSER_OpenDirectory
0010f230 00000094 T FSUSER_OpenArchive
0010f2c4 0000008c T FSUSER_CloseArchive
0010f350 00000074 T FSUSER_GetSdmcArchiveResource
0010f3c4 00000064 T FSUSER_IsSdmcWritable
0010f428 00000058 T FSFILE_Read
0010f480 00000060 T FSFILE_Write
0010f4e0 00000038 T FSFILE_GetSize
0010f518 00000028 T FSFILE_SetSize
0010f540 0000003c T FSFILE_Close
0010f57c 00000024 T FSFILE_Flush
0010f5a0 00000050 T FSDIR_Read
0010f5f0 0000003c T FSDIR_Close
0010f62c 000000e8 T utf16_to_utf8
0010f714 00000064 T decode_utf16
0010f778 0000013c T decode_utf8
0010f8b4 000000c0 T utf8_to_utf16
0010f974 T __aeabi_read_tp
0010f980 00000060 T encode_utf16
0010f9e0 000000fc T encode_utf8
0010fadc 00000120 T __udivmoddi4
0010fbfc 00000078 T bsearch
0010fc74 00000028 T calloc
0010fc9c 000000bc T _calloc_r
0010fd58 0000000c T __errno
0010fd64 00000034 T exit
0010fd98 0000003c T __libc_fini_array
0010fdd4 0000007c T __libc_init_array
0010fe50 00000028 T memalign
0010fe78 00000150 T _memalign_r
0010ffc8 00000020 T malloc
0010ffe8 00000020 T free
00110008 000007e0 T _malloc_r
001107e8 000000e0 T memchr
001108c8 0000011c T memcpy
001109e4 00000118 T memset
00110afc 0000000c T __malloc_lock
00110b08 0000000c T __malloc_unlock
00110b14 00000260 T setvbuf
00110d74 00000074 T sscanf
00110de8 00000044 T __sread
00110e2c 00000008 T __seofread
00110e34 00000068 T __swrite
00110e9c 00000048 T __sseek
00110ee4 00000008 T __sclose
00110eec 0000005c T strlen
00110f48 000000ec T strncat
00111034 000000dc T strncmp
00111110 000000c0 T strncpy
001111d0 00000048 T strnlen
00111218 00000050 t get_arg
00111268 00002bbc T __ssvfscanf_r
00113e24 00000628 t get_arg
0011444c 00000030 T __sprint_r
0011447c 0000233c T _vfiprintf_r
001167b8 000000d4 t __sbprintf
0011688c 00000054 T _wcrtomb_r
001168e0 00000028 T _wcsrtombs_r
00116908 00000154 T __swsetup_r
00116a5c 00000114 T __call_exitprocs
00116b70 00000258 T __sflush_r
00116dc8 00000094 T _fflush_r
00116e5c 0000000c T _cleanup_r
00116e68 00000184 T __sinit
00116fec 0000000c T __sfp_lock_acquire
00116ff8 0000000c T __sfp_lock_release
00117004 000000f8 T _malloc_trim_r
001170fc 000002e4 T _free_r
001173e0 000004c0 T __sfvwrite_r
001178a0 00000070 T _fwalk_reent
00117910 00000008 T iswspace
00117918 0000000c T _localeconv_r
00117924 00000010 T __locale_mb_cur_max
00117934 00000138 T __smakebuf_r
00117a6c 0000008c T __swhatbuf_r
00117af8 00000068 T _mbrtowc_r
00117b60 000002e4 T __utf8_mbtowc
00117e44 00000154 T memmove
00117f98 00000028 T realloc
00117fc0 00000558 T _realloc_r
00118518 000000e4 T __sccl
001185fc 0000000c T nanf
00118608 00000064 T sprintf
0011866c 000000b8 T stpncpy
00118724 0000012c T strchr
00118850 00001368 T _strtod_l
00119bb8 0000000c T _strtod_r
00119bc4 0000022c t _strtoll_l.constprop.0
00119df0 00000004 T _strtoll_r
00119df4 000001a4 t _strtol_l.part.0
00119f98 0000003c T _strtol_r
00119fd4 00000244 t _strtoull_l.constprop.0
0011a218 00000004 T _strtoull_r
0011a21c 000001c4 t _strtoul_l.constprop.0
0011a3e0 00000004 T _strtoul_r
0011a3e4 00000190 T __ssprint_r
0011a574 000000e0 T _sungetc_r
0011a654 0000006c T __ssrefill_r
0011a6c0 000000c8 T _sfread_r
0011a788 00000628 t get_arg
0011adb0 000035b8 T _svfprintf_r
0011e368 000000a8 T __submore
0011e410 00000190 T _wcsnrtombs_l
0011e5a0 0000004c T _wcsnrtombs_r
0011e5ec 000000f0 T __utf8_wctomb
0011e6dc 000001ac t quorem
0011e888 000012cc T _dtoa_r
0011fb54 00000160 T _fclose_r
0011fcb4 000000ec t rshift
0011fda0 00000904 T __gethex
001206a4 0000004c T __match
001206f0 0000029c T __hexnan
0012098c 0000003c T iswspace_l
001209c8 000001d4 t __jp2uc
00120b9c 0000009c T _jp2uc_l
00120c38 00000088 T _Balloc
00120cc0 0000001c T _Bfree
00120cdc 000000f4 T __multadd
00120dd0 00000110 T __s2b
00120ee0 00000058 T __hi0bits
00120f38 00000094 T __lo0bits
00120fcc 000000a4 T __i2b
00121070 00000204 T __multiply
00121274 00000120 T __pow5mult
00121394 0000013c T __lshift
001214d0 00000058 T __mcmp
00121528 000001cc T __mdiff
001216f4 00000074 T __ulp
00121768 000000d0 T __b2d
00121838 00000124 T __d2b
0012195c 00000078 T __ratio
001219d4 00000088 T __copybits
00121a5c 0000005c T __any_on
00121ab8 000000a8 T frexp
00121b60 00000010 T nan
00121b70 00000054 T __assert_func
00121bc4 00000084 T category
00121c48 0000003c T fiprintf
00121c84 00000014 T abort
00121c98 00000098 T _raise_r
00121d30 00000020 T raise
00121d50 00000008 t null_write
00121d58 00000018 T setDefaultDevice
00121d70 000000c8 T FindDevice
00121e38 00000028 T RemoveDevice
00121e60 0000009c T AddDevice
00121efc 00000020 T GetDeviceOpTab
00121f1c 00000078 T _fstat_r
00121f94 00000014 T _getpid_r
00121fa8 00000008 T _isatty_r
00121fb0 00000014 T _kill_r
00121fc4 00000084 T _lseek_r
00122048 00000080 T _read_r
001220c8 00000078 T _sbrk_r
00122140 00000080 T _write_r
001221c0 00000024 T _exit
001221e4 000001b8 T _concatenate_path
0012239c 00000160 T chdir
001224fc 00000008 T __flockfile
00122504 00000008 T __funlockfile
0012250c 00000018 T __libc_lock_acquire
00122524 00000018 T __libc_lock_release
0012253c 00000018 T __libc_lock_init_recursive
00122554 00000018 T __libc_lock_acquire_recursive
0012256c 00000018 T __libc_lock_release_recursive
00122584 00000018 T __libc_lock_close_recursive
0012259c 0000003c T __get_handle
001225d8 000000f4 T _close_r
001226cc 00000028 T __getreent
001226f4 00000038 T __aeabi_d2lz
001226f4 00000038 T __fixdfdi
00122730 00000040 T __aeabi_d2ulz
00122730 00000040 T __fixunsdfdi
00122770 00000044 T strrchr
001227b4 T _fini
00123020 R render2d_shbin
001231ac R render2d_shbin_end
001231ac R render2d_shbin_size
001231b0 00000005 r colorFmtSizes
001231b8 00000004 r depthFmtSizes
001231bc 00000010 r CSWTCH.9
00123230 00000030 r colorTable
00123260 00000070 r dotab_stdout
001232f4 00000008 r morton_x.3
001232fc 00000008 r morton_y.2
00123304 00000008 r s_sleepWakeEvents.4
00123330 R default_font_bin
00123b30 R default_font_bin_end
00123b5c 00000070 r archive_devoptab
00123bcc 00000030 r error_table
00123c04 00000004 R _global_impure_ptr
00123c10 00000022 r basefix.0
00123c5c 00000010 r blanks.1
00123c6c 00000010 r zeroes.0
00123c7c 00000101 R _ctype_
00123dd8 00000014 r fpi.1
00123dec 00000014 r fpinan.0
00123e00 00000028 r tinytens
00123e28 0000006c R __action_table
00123e94 00000100 R __chclass
00123f94 0000006c R __state_table
00124014 00000010 r blanks.1
00124024 00000010 r zeroes.0
00124044 r .LC2
001240e4 00000100 R __hexdig
001241f8 000000bc r a1
001242b4 000000bc r a2
00124370 0000005b r a3
001243cc 00000070 r a6
0012443c 000000a2 r a7
001244e0 00000040 r a8
00124520 0000172a r b02cf
00125c4c 00001a7c r d02f4
001276c8 0000000c R _C_numeric_locale
00127718 00000028 R __mprec_bigtens
00127740 000000c8 R __mprec_tens
00127808 0000000c r p05.0
00127854 000031e6 r categories
0012aa3c 00000070 R dotab_stdnull
0012aaac r 
0012aaac R __exidx_end
0012aaac R __exidx_start
0012b000 00000004 d framerate
0012b004 00000008 d framerateCounter
0012b00c 00000004 D currentConsole
0012b010 0000004c D defaultConsole
0012b05c 00000001 d firstConsoleInit.0
0012b060 00000004 d queueLock
0012b064 00000004 d kCount
0012b068 00000004 d kDelay
0012b06c 00000004 d kInterval
0012b070 W __stacksize__
0012b074 00000004 D _impure_ptr
0012b078 00000460 d impure_data
0012b4d8 00000408 D __malloc_av_
0012b8e0 00000004 D __malloc_sbrk_base
0012b8e4 00000004 D __malloc_trim_threshold
0012b8e8 0000000c d __malloc_recursive_mutex
0012b8f4 0000000c D __atexit_recursive_mutex
0012b900 0000000c d __sfp_recursive_mutex
0012b90c 0000000c d __sinit_recursive_mutex
0012b918 0000016c D __global_locale
0012ba84 00000002 d numempty
0012ba88 00000004 d defaultDevice
0012ba8c 0000008c D devoptab_list
0012bb18 00000400 d _current_working_directory
0012bf18 00000004 d __hndl_lock
0012bf1c 0000000c d __stderr_handle
0012bf28 0000000c d __stdin_handle
0012bf34 0000000c d __stdout_handle
0012bf40 00001000 d handles
0012cf48 d _GLOBAL_OFFSET_TABLE_
0012cf54 d __frame_dummy_init_array_entry
0012cf54 D __init_array_start
0012cf54 B __preinit_array_end
0012cf54 B __preinit_array_start
0012cf54 D __tdata_lma
0012cf54 D __tdata_lma_end
0012cf58 d __do_global_dtors_aux_fini_array_entry
0012cf58 D __fini_array_start
0012cf58 D __init_array_end
0012cf5c D __bss_start__
0012cf5c b completed.1
0012cf5c D __fini_array_end
0012cf60 b object.0
0012cf78 000005a0 B __C2Di_Context
0012d518 00000040 b s_projBot
0012d558 00000040 b s_projTop
0012d598 00000004 b uLoc_mdlvMtx
0012d59c 00000004 b uLoc_projMtx
0012d5a0 000002d0 B __C3D_Context
0012d870 0000000c b hookCookie
0012d880 00000010 b cpuTime
0012d890 00000004 b firstTarget
0012d894 00000008 b frameCounter
0012d89c 00000004 b frameEndCb
0012d8a0 00000004 b frameEndCbData
0012d8a8 00000010 b gpuTime
0012d8b8 00000001 b inFrame
0012d8b9 00000001 b inSafeTransfer
0012d8ba 00000001 b isTopStereo
0012d8bc 00000004 b lastTarget
0012d8c0 0000000c b linkedTarget
0012d8cc 00000001 b measureGpuTime
0012d8cd 00000001 b needSwapBot
0012d8ce 00000001 b needSwapTop
0012d8d0 00000004 B C3D_BoolUnifs
0012d8d4 00000002 B C3D_BoolUnifsDirty
0012d8d8 00000c00 B C3D_FVUnif
0012e4d8 000000c0 B C3D_FVUnifDirty
0012e598 00000020 B C3D_IVUnif
0012e5b8 00000008 B C3D_IVUnifDirty
0012e5c0 000000c0 b C3Di_FVUnifEverDirty
0012e680 00000008 b C3Di_IVUnifEverDirty
0012e688 00000018 b C3Di_ShaderFVecData
0012e6a0 0000000c b sAddrMap
0012e6ac 00000008 b sVramPool
0012e6b4 00000008 b sLinearPool
0012e6bc 0000000c b sAddrMap
0012e6c8 00000001 V __ctru_speedup
0012e6cc 0000004c B currentCopy
0012e718 00000004 b gfxBottomFramebufferMaxSize
0012e71c 00000008 b gfxBottomFramebuffers
0012e724 00000002 b gfxCurBuf
0012e728 00000002 b gfxFramebufferFormats
0012e72c 00000002 b gfxIsDoubleBuf
0012e72e 00000001 b gfxIsVram
0012e730 00000004 b gfxTopFramebufferMaxSize
0012e734 00000008 b gfxTopFramebuffers
0012e73c 00000001 b gfxTopMode
0012e740 00000004 b screenAlloc
0012e744 00000004 b screenFree
0012e748 00000004 b boundQueue
0012e74c 00000004 b curQueue
0012e750 00000001 b isActive
0012e751 00000001 b isRunning
0012e752 00000001 b shouldStop
0012e754 00000004 B gpuCmdBuf
0012e758 00000004 B gpuCmdBufOffset
0012e75c 00000004 B gpuCmdBufSize
0012e760 00000004 b gspEvent
0012e764 0000001c b gspEventCb
0012e780 0000001c b gspEventCbData
0012e79c 00000007 b gspEventCbOneShot
0012e7a4 00000004 b gspEventThread
0012e7a8 00000038 b gspEvents
0012e7e0 00000004 b gspGpuHandle
0012e7e4 00000001 b gspGpuRight
0012e7e8 00000004 b gspLastEvent
0012e7ec 00000004 b gspRefCount
0012e7f0 00000001 b gspRunEvents
0012e7f4 00000004 b gspSharedMem
0012e7f8 00000004 b gspSharedMemHandle
0012e7fc 00000001 b gspThreadId
0012e7fd 00000001 b aptChainloadFlags
0012e7fe 00000001 b aptChainloadMediatype
0012e800 00000008 b aptChainloadTid
0012e808 00000004 b aptEventHandlerThread
0012e80c 00000001 b aptEventHandlerThreadQuit
0012e810 00000008 b aptEvents
0012e818 0000000c b aptFirstHook
0012e824 00000004 b aptFlags
0012e828 00000001 b aptHomeButtonState
0012e82c 00000004 b aptLockHandle
0012e830 00000004 b aptMessageFunc
0012e834 00000004 b aptMessageFuncData
0012e838 00001000 b aptParameters
0012f838 00000008 b aptReceiveEvent
0012f840 00000004 b aptRefCount
0012f844 00000008 b aptSleepEvent
0012f84c 00000001 b flagInit.1
0012f84d 00000001 b flagValue.0
0012f850 00000004 b serviceName.6
0012f854 00000006 b aVec
0012f85c 00000004 b cPos
0012f860 00000006 b gRate
0012f868 00000014 B hidEvents
0012f87c 00000004 B hidHandle
0012f880 00000004 B hidMemHandle
0012f884 00000004 b hidRefCount
0012f888 00000004 B hidSharedMem
0012f88c 00000004 b kDown
0012f890 00000004 b kHeld
0012f894 00000004 b kOld
0012f898 00000004 b kRepeat
0012f89c 00000004 b kUp
0012f8a0 00000004 b tPos
0012f8a4 00000001 b usingIrrst
0012f8a8 00000004 b ptmSysmHandle
0012f8ac 00000004 b ptmSysmRefCount
0012f8b0 00000004 B __ctru_heap
0012f8b4 00000004 V __ctru_heap_size
0012f8b8 00000004 B __ctru_linear_heap
0012f8bc 00000004 V __ctru_linear_heap_size
0012f8c0 00000004 B __system_retAddr
0012f8c4 00000004 B __system_argc
0012f8c8 00000004 B __system_argv
0012f8cc b saved_stack
0012f8d4 00000004 b arbiter
0012f8d8 00000004 b srvHandle
0012f8dc 00000004 b srvRefCount
0012f8e0 00000004 b currentAddr
0012f8e4 00000004 b maxAddr
0012f8e8 00000004 b minAddr
0012f8ec 00000004 b csPos
0012f8f0 00000004 B irrstEvent
0012f8f4 00000004 B irrstHandle
0012f8f8 00000004 B irrstMemHandle
0012f8fc 00000004 b irrstRefCount
0012f900 00000004 B irrstSharedMem
0012f904 00000004 b kHeld
0012f908 00000004 b srvPmHandle
0012f90c 00000004 b archive_device_cwd
0012f910 00000540 b archive_devices
0012fe50 00000001 b archive_initialized
0012fe58 00000080 b fsExemptArchives
0012fed8 00000004 b fsuHandle
0012fedc 00000004 b fsuRefCount
0012fee0 00000028 B __malloc_current_mallinfo
0012ff08 00000004 B __malloc_max_sbrked_mem
0012ff0c 00000004 B __malloc_max_total_mem
0012ff10 00000004 B __malloc_top_pad
0012ff14 00000004 b heap_start.0
0012ff18 00000004 B fake_heap_end
0012ff1c 00000004 B fake_heap_start
0012ff20 00000400 b temp_cwd
00130320 00000048 B __syscalls
00130368 B __tls_start
00130f70 B __bss_end__
00130f70 A __end__
00130f70 B __tls_end
