         w __deregister_frame_info
         w __register_frame_info
         w userAppExit
         w userAppInit
00000000 00000401 B __ctru_dev_path_buf
00000000 a shift
00000000 a shift
00000000 b _TLS_MODULE_BASE_
00000404 00000802 B __ctru_dev_utf16_buf
00100000 A __start__
00100000 T _start
00100008 T __service_ptr
0010000c T __apt_appid
00100010 T __heap_size
00100014 T __linear_heap_size
00100018 T __system_arglist
0010001c T __system_runflags
00100020 t startup
00100058 t ClearMem
0010006c t ClrLoop
00100094 T _init
001000ac T __aeabi_idiv
001000ac 00000220 T __divsi3
001000b4 t .divsi3_skip_div0_test
001002cc 00000020 T __aeabi_idivmod
001002ec 00000004 W __aeabi_idiv0
001002ec 00000004 W __aeabi_ldiv0
001002f0 T __aeabi_drsub
001002f8 000002b0 T __aeabi_dsub
001002f8 000002b0 T __subdf3
001002fc 000002ac T __adddf3
001002fc 000002ac T __aeabi_dadd
001005a8 00000024 T __aeabi_ui2d
001005a8 00000024 T __floatunsidf
001005cc 00000028 T __aeabi_i2d
001005cc 00000028 T __floatsidf
001005f4 00000048 T __aeabi_f2d
001005f4 00000048 T __extendsfdf2
0010063c 00000074 T __aeabi_ul2d
0010063c 00000074 T __floatundidf
00100650 00000060 T __aeabi_l2d
00100650 00000060 T __floatdidf
001006b0 T __aeabi_ldivmod
00100784 T __aeabi_uldivmod
001007c8 00000390 T strcmp
00100b50 T __aeabi_uidiv
00100b50 000001ec T __udivsi3
00100b50 t .udivsi3_skip_div0_test
00100d3c 00000020 T __aeabi_uidivmod
00100d5c t __do_global_dtors_aux
00100d9c t frame_dummy
00100dc8 000003bc T main
00101184 00000034 t C2Di_FrameEndHook
001011b8 00000330 T C2D_Init
001014e8 00000044 T C2D_Fini
0010152c 000000d0 T C2D_Prepare
001015fc 0000003c T C2D_Flush
00101638 00000108 T C2D_SceneSize
00101740 00000058 T C2D_CreateScreenTarget
00101798 00000058 T C2D_TargetClear
001017f0 0000022c T C2Di_Update
00101a1c 00000220 T C2D_DrawLine
00101c3c 00000004 W C3Di_LightEnvUpdate
00101c40 00000004 W C3Di_LightEnvDirty
00101c44 000000b4 t C3Di_AptEventHook
00101cf8 00000004 W C3Di_GasUpdate
00101cfc 000001e0 T C3D_Init
00101edc 00000098 T C3D_SetViewport
00101f74 000004ec T C3Di_UpdateContext
00102460 000000e0 T C3Di_SplitFrame
00102540 00000044 T C3D_Fini
00102584 00000108 T C3D_BindProgram
0010268c 0000004c t onVBlank0
001026d8 0000004c t onVBlank1
00102724 00000080 t C3Di_RenderTargetDestroy
001027a4 000000f4 t onQueueFinish
00102898 00000038 T C3Di_RenderQueueEnableVBlank
001028d0 00000030 T C3Di_RenderQueueDisableVBlank
00102900 00000060 T C3Di_RenderQueueInit
00102960 000000b0 T C3Di_RenderQueueExit
00102a10 00000034 T C3Di_RenderQueueWaitDone
00102a44 000000e4 T C3D_FrameBegin
00102b28 00000048 T C3D_FrameDrawOn
00102b70 00000058 T C3D_FrameSplit
00102bc8 000001d8 T C3D_FrameEnd
00102da0 0000001c T C3D_FrameEndHook
00102dbc 00000128 T C3D_RenderTargetCreate
00102ee4 000000a8 T C3D_RenderTargetSetOutput
00102f8c 00000044 T C3D_TexBind
00102fd0 0000016c T C3Di_SetTex
0010313c 0000001c T C3D_CalcColorBufSize
00103158 0000001c T C3D_CalcDepthBufSize
00103174 00000044 T C3D_SetFrameBuf
001031b8 0000016c T C3Di_FrameBufBind
00103324 000000cc T C3D_FrameBufClear
001033f0 00000044 T C3D_FrameBufTransfer
00103434 00000034 T C3D_GetTexEnv
00103468 00000024 T C3Di_TexEnvBind
0010348c 00000070 T C3D_ProcTexInit
001034fc 00000054 T C3D_ProcTexBind
00103550 0000005c T C3D_ProcTexLutBind
001035ac 000000a4 T ProcTexLut_FromArray
00103650 0000017c T C3Di_ProcTexUpdate
001037cc 00000068 T C3Di_ProcTexDirty
00103834 00000024 T BufInfo_Init
00103858 00000080 T BufInfo_Add
001038d8 00000040 T C3D_SetBufInfo
00103918 00000048 T C3Di_BufInfoBind
00103960 00000148 T C3D_DrawArrays
00103aa8 00000040 T C3D_DepthMap
00103ae8 0000001c T C3D_CullFace
00103b04 00000040 T C3D_StencilTest
00103b44 00000024 T C3D_StencilOp
00103b68 0000001c T C3D_BlendingColor
00103b84 00000024 T C3D_EarlyDepthTest
00103ba8 0000002c T C3D_DepthTest
00103bd4 0000002c T C3D_AlphaTest
00103c00 00000050 T C3D_AlphaBlend
00103c50 00000030 T C3D_FragOpMode
00103c80 00000044 T C3D_FragOpShadow
00103cc4 000001ac T C3Di_EffectBind
00103e70 00000028 T AttrInfo_Init
00103e98 00000098 T AttrInfo_AddLoader
00103f30 00000054 T C3D_SetAttrInfo
00103f84 00000080 T C3Di_AttrInfoBind
00104004 000000a8 T C3D_ImmSendAttrib
001040ac 0000029c T C3D_UpdateUniforms
00104348 000000c0 T C3Di_DirtyUniforms
00104408 000000d8 T C3Di_LoadShaderUniforms
001044e0 00000028 T C3Di_ClearShaderUniforms
00104508 000000cc T Mtx_Ortho
001045d4 000000cc T Mtx_OrthoTilt
001046a0 00000024 t addrMapNodeComparator(rbtree_node const*, rbtree_node const*)
001046c4 00000004 t addrMapNodeDestructor(rbtree_node*)
001046c8 00000114 T vramMemAlign
001047dc 00000008 T vramAlloc
001047e4 0000005c T vramFree
00104840 00000024 t addrMapNodeComparator(rbtree_node const*, rbtree_node const*)
00104864 00000004 t addrMapNodeDestructor(rbtree_node*)
00104868 00000120 T linearMemAlign
00104988 00000008 T linearAlloc
00104990 0000005c T linearFree
001049ec 00000084 T MemPool::CoalesceRight(MemBlock*)
00104a70 00000170 T MemPool::Allocate(MemChunk&, unsigned long, int)
00104be0 000000fc T MemPool::Deallocate(MemChunk const&)
00104cdc 00000074 T osConvertVirtToPhys
00104d50 00000054 T osGetTimeRef
00104da4 000000e4 T osGetTime
00104e88 00000074 T __libctru_gtod
00104efc 00000034 T __ctru_speedup_config
00104f30 00000178 T consoleDrawChar
001050a8 00000124 T consolePrintChar
001051cc 00000a00 T con_write
00105bcc 00000168 T consoleInit
00105d34 000000f4 t newRow
00105e28 000000d0 t gfxPresentFramebuffer
00105ef8 0000001c T gfxIsWide
00105f14 000000ec T gfxSetScreenFormat
00106000 00000010 T gfxSetDoubleBuffering
00106010 00000108 T gfxInit
00106118 00000010 T gfxInitDefault
00106128 000000b4 T gfxExit
001061dc 000000a0 T gfxGetFramebuffer
0010627c 0000010c T gfxFlushBuffers
00106388 00000030 T gfxScreenSwapBuffers
001063b8 00000050 T gfxSwapBuffersGpu
00106408 000001e0 T shaderInstanceInit
001065e8 00000018 T shaderInstanceGetUniformLocation
00106600 0000001c T shaderProgramInit
0010661c 00000064 T shaderProgramFree
00106680 00000080 T shaderProgramSetVsh
00106700 000008c0 T shaderProgramConfigure
00106fc0 000001f8 t DVLE_GenerateOutmap.part.0
001071b8 000001cc T DVLB_ParseFile
00107384 00000038 T DVLB_Free
001073bc 00000074 T DVLE_GetUniformRegister
00107430 00000010 T GX_BindQueue
00107440 00000078 T GX_ProcessCommandList
001074b8 00000074 T GX_MemoryFill
0010752c 00000070 T GX_DisplayTransfer
0010759c 00000068 t gxCmdQueueDoCommands.part.0
00107604 000000c8 T gxCmdQueueInterrupt
001076cc 0000004c T gxCmdQueueClear
00107718 000000f8 T gxCmdQueueAdd
00107810 00000080 T gxCmdQueueRun
00107890 00000060 T gxCmdQueueStop
001078f0 00000074 T gxCmdQueueWait
00107964 0000013c T GPUCMD_Add
00107aa0 000000ac T GPUCMD_Split
00107b4c 00000040 T f32tof16
00107b8c 00000040 T f32tof24
00107bcc 00000044 T f32tof31
00107c10 00000c58 t gspHardwareInit
00108868 00000254 T gspInit
00108abc 000000f0 T gspExit
00108bac 00000010 T gspHasGpuRight
00108bbc 00000098 T gspPresentBuffer
00108c54 00000030 T gspSetEventCallback
00108c84 00000050 T gspWaitForEvent
00108cd4 0000004c T gspWaitForAnyEvent
00108d20 00000160 t gspEventThreadMain
00108e80 00000130 T gspSubmitGxCommand
00108fb0 00000050 T GSPGPU_FlushDataCache
00109000 00000034 T GSPGPU_SetLcdForceBlack
00109034 00000068 T GSPGPU_AcquireRight
0010909c 00000048 T GSPGPU_ReleaseRight
001090e4 0000007c T GSPGPU_ImportDisplayCaptureInfo
00109160 0000002c T GSPGPU_SaveVramSysArea
0010918c 0000002c T GSPGPU_RestoreVramSysArea
001091b8 000001b0 t aptConvertScreenForCapture
00109368 00000008 W aptDspSleep
00109370 00000004 W aptDspWakeup
00109374 00000004 W aptDspCancel
00109378 0000015c T aptSendCommand
001094d4 00000038 t aptExitProcess
0010950c 000002f0 T aptExit
001097fc 000000d8 T aptHandleSleep
001098d4 00000030 T aptHook
00109904 00000030 T aptUnhook
00109934 00000084 T APT_SleepIfShellClosed
001099b8 00000084 T aptSetSleepAllowed
00109a3c 00000084 T APT_UnlockTransition
00109ac0 00000484 t aptEventHandler
00109f44 000000b0 T APT_ReceiveParameter
00109ff4 000000b0 t aptReceiveParameter.constprop.0
0010a0a8 000002bc t aptScreenTransfer
0010a364 000002d0 t aptWaitForWakeUp.isra.0
0010a634 000000f8 T aptJumpToHomeMenu
0010a72c 0000004c T aptMainLoop
0010a778 00000234 T aptInit
0010a9ac 0000007c T APT_CheckNew3DS
0010aa28 00000024 W hidShouldUseIrrst
0010aa4c 0000018c T hidInit
0010abd8 000000e8 T hidExit
0010acc0 00000294 T hidScanInput
0010af54 00000010 T hidKeysHeld
0010af64 00000010 T hidKeysDown
0010af74 00000018 T hidTouchRead
0010af8c 00000018 T hidCircleRead
0010afa4 00000074 T ptmSysmInit
0010b018 0000003c T ptmSysmExit
0010b054 00000034 T PTMSYSM_ConfigureNew3DSCPU
0010b088 00000010 T rbtree_init
0010b098 000001a0 t do_insert
0010b238 00000008 T rbtree_insert
0010b240 00000090 T rbtree_rotate
0010b2d0 00000338 T rbtree_remove
0010b608 00000074 T rbtree_find
0010b680 000001e0 W __system_allocateHeaps
0010b860 00000038 W __libctru_init
0010b898 000000f0 W __system_initArgv
0010b988 T svcControlMemory
0010b9a8 T svcQueryMemory
0010b9d8 T svcExitProcess
0010b9e0 T svcCreateThread
0010ba00 T svcExitThread
0010ba08 T svcSleepThread
0010ba10 T svcReleaseMutex
0010ba18 T svcCreateEvent
0010ba2c T svcSignalEvent
0010ba34 T svcClearEvent
0010ba3c T svcMapMemoryBlock
0010ba44 T svcUnmapMemoryBlock
0010ba4c T svcCreateAddressArbiter
0010ba60 T svcArbitrateAddressNoTimeout
0010ba68 T svcCloseHandle
0010ba70 T svcWaitSynchronization
0010ba78 T svcWaitSynchronizationN
0010baa0 T svcDuplicateHandle
0010bab4 T svcGetSystemTick
0010babc T svcConnectToPort
0010bad0 T svcSendSyncRequest
0010bad8 T svcGetResourceLimit
0010baec T svcGetResourceLimitLimitValues
0010baf4 T svcGetResourceLimitCurrentValues
0010bafc T svcBreak
0010bb04 W initSystem
0010bb54 W __ctru_exit
0010bb6c 0000000c T __sync_init
0010bb78 00000018 T __sync_fini
0010bb90 0000002c T syncArbitrateAddress
0010bbbc 0000001c T LightLock_Init
0010bbd8 00000094 T LightLock_Lock
0010bc6c 00000044 T LightLock_TryLock
0010bcb0 00000040 T LightLock_Unlock
0010bcf0 00000024 T RecursiveLock_Init
0010bd14 00000030 T RecursiveLock_Lock
0010bd44 00000078 T RecursiveLock_TryLock
0010bdbc 00000054 T RecursiveLock_Unlock
0010be10 00000040 T LightEvent_Init
0010be50 000000a4 T LightEvent_Clear
0010bef4 000000c8 T LightEvent_Signal
0010bfbc 00000058 T LightEvent_TryWait
0010c014 000000b0 T LightEvent_Wait
0010c0c4 00000124 T srvInit
0010c1e8 00000058 T srvExit
0010c240 00000080 T srvGetServiceHandleDirect
0010c2c0 00000048 T srvGetServiceHandle
0010c308 00000038 T srvPublishToSubscriber
0010c340 00000188 T threadCreate
0010c4c8 0000002c T threadFree
0010c4f4 00000024 T threadJoin
0010c518 00000030 T threadGetCurrent
0010c548 00000040 T threadExit
0010c588 00000044 t _thread_begin
0010c5cc 00000094 t mappableFindAddressWithin
0010c660 00000028 T mappableInit
0010c688 00000080 T mappableAlloc
0010c708 00000004 T mappableFree
0010c70c 00000160 T irrstInit
0010c86c 000000cc T irrstExit
0010c938 000000b0 T irrstScanInput
0010c9e8 00000024 T irrstKeysHeld
0010ca0c 0000000c T srvPmGetSessionHandle
0010ca18 00000050 T rbtree_node_next
0010ca68 00000030 W __appInit
0010ca98 00000030 t __libctru_nanosleep
0010cac8 00000030 t __libctru_get_reent
0010caf8 000000f8 T __system_initSyscalls
0010cbf0 00000030 W __appExit
0010cc20 00000090 W __libctru_exit
0010ccb0 00000084 W envGetHandle
0010cd34 00000050 W envDestroyHandles
0010cd84 00000014 t archive_link
0010cd98 00000014 t archive_dirreset
0010cdac 00000014 t archive_chmod
0010cdc0 00000024 t error_cmp
0010cde4 00000050 t archive_translate_error
0010ce34 000000d4 t archive_seek
0010cf08 0000007c t _archiveInit.part.0
0010cf84 0000008c t archiveFindDevice.part.0
0010d010 00000294 t archive_utf16path
0010d2a4 000000a0 t _archiveUnmountDeviceStruct.part.0
0010d344 00000014 t archive_fchmod
0010d358 00000014 t archive_statvfs
0010d36c 00000158 t _archiveMountDevice
0010d4c4 000000e8 t archive_diropen
0010d5ac 000000a4 t archive_fstat
0010d650 0000006c t archive_close
0010d6bc 0000006c t archive_fsync
0010d728 00000070 t archive_dirclose
0010d798 000000e8 t sdmc_statvfs
0010d880 00000080 t archive_ftruncate
0010d900 000000fc t archive_chdir
0010d9fc 000000b0 t archive_read
0010daac 000000ac t archive_unlink
0010db58 000000c8 t archive_rmdir
0010dc20 000000ec t archive_mkdir
0010dd0c 000001a8 t archive_stat
0010deb4 00000184 t archive_rename
0010e038 00000168 t archive_dirnext
0010e1a0 0000012c t archive_write
0010e2cc 000001f0 t archive_open
0010e4bc 000001a4 T archiveMountSdmc
0010e660 00000054 T archiveUnmountAll
0010e6b4 000000c8 T fsInit
0010e77c 0000003c T fsExit
0010e7b8 00000060 T fsExemptFromSession
0010e818 00000050 T fsUnexemptFromSession
0010e868 000000cc T FSUSER_OpenFile
0010e934 000000bc T FSUSER_DeleteFile
0010e9f0 000000f8 T FSUSER_RenameFile
0010eae8 000000bc T FSUSER_DeleteDirectory
0010eba4 000000d4 T FSUSER_CreateFile
0010ec78 000000c4 T FSUSER_CreateDirectory
0010ed3c 000000f8 T FSUSER_RenameDirectory
0010ee34 000000b4 T FSUSER_OpenDirectory
0010eee8 00000094 T FSUSER_OpenArchive
0010ef7c 0000008c T FSUSER_CloseArchive
0010f008 00000074 T FSUSER_GetSdmcArchiveResource
0010f07c 00000064 T FSUSER_IsSdmcWritable
0010f0e0 00000058 T FSFILE_Read
0010f138 00000060 T FSFILE_Write
0010f198 00000038 T FSFILE_GetSize
0010f1d0 00000028 T FSFILE_SetSize
0010f1f8 0000003c T FSFILE_Close
0010f234 00000024 T FSFILE_Flush
0010f258 00000050 T FSDIR_Read
0010f2a8 0000003c T FSDIR_Close
0010f2e4 000000e8 T utf16_to_utf8
0010f3cc 00000064 T decode_utf16
0010f430 0000013c T decode_utf8
0010f56c 000000c0 T utf8_to_utf16
0010f62c T __aeabi_read_tp
0010f638 00000060 T encode_utf16
0010f698 000000fc T encode_utf8
0010f798 0000022c T cosf
0010f9c4 00000024 t with_errnof
0010f9e8 0000001c T __math_invalidf
0010fa04 000001f8 T atanf
0010fbfc 00000010 T fabsf
0010fc10 0000026c T sinf
0010fe7c 0000006c T asinf
0010fee8 00000050 T sqrtf
0010ff38 00000058 T sqrt
0010ff90 0000022c T __ieee754_asinf
001101bc 00000008 T __ieee754_sqrtf
001101c4 00000008 T __ieee754_sqrt
001101cc 0000000c T nanf
001101d8 00000120 T __udivmoddi4
001102f8 00000078 T bsearch
00110370 00000028 T calloc
00110398 000000bc T _calloc_r
00110454 0000000c T __errno
00110460 00000034 T exit
00110494 0000003c T __libc_fini_array
001104d0 0000007c T __libc_init_array
0011054c 00000028 T memalign
00110574 00000150 T _memalign_r
001106c4 00000020 T malloc
001106e4 00000020 T free
00110704 000007e0 T _malloc_r
00110ee4 000000e0 T memchr
00110fc4 0000011c T memcpy
001110e0 00000118 T memset
001111f8 0000000c T __malloc_lock
00111204 0000000c T __malloc_unlock
00111210 00000034 T printf
00111244 00000260 T setvbuf
001114a4 00000074 T sscanf
00111518 00000044 T __sread
0011155c 00000008 T __seofread
00111564 00000068 T __swrite
001115cc 00000048 T __sseek
00111614 00000008 T __sclose
0011161c 0000005c T strlen
00111678 000000ec T strncat
00111764 000000dc T strncmp
00111840 000000c0 T strncpy
00111900 00000048 T strnlen
00111948 00000050 t get_arg
00111998 00002bbc T __ssvfscanf_r
00114554 00000628 t get_arg
00114b7c 00000030 T __sprint_r
00114bac 0000233c T _vfiprintf_r
00116ee8 000000d4 t __sbprintf
00116fbc 00000628 t get_arg
001175e8 00003684 T _vfprintf_r
0011ac6c 000000d4 t __sbprintf
0011ad40 00000054 T _wcrtomb_r
0011ad94 00000028 T _wcsrtombs_r
0011adbc 00000154 T __swsetup_r
0011af10 00000114 T __call_exitprocs
0011b024 000001ac t quorem
0011b1d0 000012cc T _dtoa_r
0011c49c 00000258 T __sflush_r
0011c6f4 00000094 T _fflush_r
0011c788 0000000c T _cleanup_r
0011c794 00000184 T __sinit
0011c918 0000000c T __sfp_lock_acquire
0011c924 0000000c T __sfp_lock_release
0011c930 000000f8 T _malloc_trim_r
0011ca28 000002e4 T _free_r
0011cd0c 000004c0 T __sfvwrite_r
0011d1cc 00000070 T _fwalk_reent
0011d23c 00000008 T iswspace
0011d244 0000000c T _localeconv_r
0011d250 00000010 T __locale_mb_cur_max
0011d260 00000138 T __smakebuf_r
0011d398 0000008c T __swhatbuf_r
0011d424 00000068 T _mbrtowc_r
0011d48c 000002e4 T __utf8_mbtowc
0011d770 00000154 T memmove
0011d8c4 00000088 T _Balloc
0011d94c 0000001c T _Bfree
0011d968 000000f4 T __multadd
0011da5c 00000110 T __s2b
0011db6c 00000058 T __hi0bits
0011dbc4 00000094 T __lo0bits
0011dc58 000000a4 T __i2b
0011dcfc 00000204 T __multiply
0011df00 00000120 T __pow5mult
0011e020 0000013c T __lshift
0011e15c 00000058 T __mcmp
0011e1b4 000001cc T __mdiff
0011e380 00000074 T __ulp
0011e3f4 000000d0 T __b2d
0011e4c4 00000124 T __d2b
0011e5e8 00000078 T __ratio
0011e660 00000088 T __copybits
0011e6e8 0000005c T __any_on
0011e744 00000028 T realloc
0011e76c 00000558 T _realloc_r
0011ecc4 000000e4 T __sccl
0011eda8 000000a8 T frexp
0011ee50 00000064 T sprintf
0011eeb4 000000b8 T stpncpy
0011ef6c 0000012c T strchr
0011f098 00001368 T _strtod_l
00120400 0000000c T _strtod_r
0012040c 0000022c t _strtoll_l.constprop.0
00120638 00000004 T _strtoll_r
0012063c 000001a4 t _strtol_l.part.0
001207e0 0000003c T _strtol_r
0012081c 00000244 t _strtoull_l.constprop.0
00120a60 00000004 T _strtoull_r
00120a64 000001c4 t _strtoul_l.constprop.0
00120c28 00000004 T _strtoul_r
00120c2c 00000190 T __ssprint_r
00120dbc 000000e0 T _sungetc_r
00120e9c 0000006c T __ssrefill_r
00120f08 000000c8 T _sfread_r
00120fd0 00000628 t get_arg
001215f8 000035b8 T _svfprintf_r
00124bb0 000000a8 T __submore
00124c58 00000190 T _wcsnrtombs_l
00124de8 0000004c T _wcsnrtombs_r
00124e34 000000f0 T __utf8_wctomb
00124f24 00000054 T __assert_func
00124f78 00000160 T _fclose_r
001250d8 0000003c T fiprintf
00125114 000000ec t rshift
00125200 00000904 T __gethex
00125b04 0000004c T __match
00125b50 0000029c T __hexnan
00125dec 0000003c T iswspace_l
00125e28 000001d4 t __jp2uc
00125ffc 0000009c T _jp2uc_l
00126098 00000010 T nan
001260a8 00000014 T abort
001260bc 00000084 T category
00126140 00000098 T _raise_r
001261d8 00000020 T raise
001261f8 00000008 t null_write
00126200 00000018 T setDefaultDevice
00126218 000000c8 T FindDevice
001262e0 00000028 T RemoveDevice
00126308 0000009c T AddDevice
001263a4 00000020 T GetDeviceOpTab
001263c4 00000078 T _fstat_r
0012643c 00000014 T _getpid_r
00126450 00000008 T _isatty_r
00126458 00000014 T _kill_r
0012646c 00000084 T _lseek_r
001264f0 00000080 T _read_r
00126570 00000078 T _sbrk_r
001265e8 00000080 T _write_r
00126668 00000024 T _exit
0012668c 000001b8 T _concatenate_path
00126844 00000160 T chdir
001269a4 00000008 T __flockfile
001269ac 00000008 T __funlockfile
001269b4 00000018 T __libc_lock_acquire
001269cc 00000018 T __libc_lock_release
001269e4 00000018 T __libc_lock_init_recursive
001269fc 00000018 T __libc_lock_acquire_recursive
00126a14 00000018 T __libc_lock_release_recursive
00126a2c 00000018 T __libc_lock_close_recursive
00126a44 0000003c T __get_handle
00126a80 000000f4 T _close_r
00126b74 00000028 T __getreent
00126b9c 00000038 T __aeabi_d2lz
00126b9c 00000038 T __fixdfdi
00126bd8 00000040 T __aeabi_d2ulz
00126bd8 00000040 T __fixunsdfdi
00126c18 00000044 T strrchr
00126c5c T _fini
00127048 R render2d_shbin
001271d4 R render2d_shbin_end
001271d4 R render2d_shbin_size
001271d8 00000005 r colorFmtSizes
001271e0 00000004 r depthFmtSizes
001271e4 00000010 r CSWTCH.9
00127258 00000030 r colorTable
00127288 00000070 r dotab_stdout
0012731c 00000008 r morton_x.3
00127324 00000008 r morton_y.2
0012732c 00000008 r s_sleepWakeEvents.4
00127358 R default_font_bin
00127b58 R default_font_bin_end
00127b84 00000070 r archive_devoptab
00127bf4 00000030 r error_table
00127c2c 00000010 r atanhi
00127c3c 00000010 r atanlo
00127c4c 00000060 R __inv_pio4
00127cb0 000000e0 R __sincosf_table
00127d90 00000004 R _global_impure_ptr
00127d9c 00000022 r basefix.0
00127de8 00000010 r blanks.1
00127df8 00000010 r zeroes.0
00127e1c 00000010 r blanks.1
00127e2c 00000010 r zeroes.0
00127e3c 00000101 R _ctype_
00127f50 r .LC2
00128030 00000028 R __mprec_bigtens
00128058 000000c8 R __mprec_tens
00128120 0000000c r p05.0
0012813c 00000014 r fpi.1
00128150 00000014 r fpinan.0
00128168 00000028 r tinytens
00128190 0000006c R __action_table
001281fc 00000100 R __chclass
001282fc 0000006c R __state_table
00128368 00000010 r blanks.1
00128378 00000010 r zeroes.0
00128410 00000100 R __hexdig
00128524 000000bc r a1
001285e0 000000bc r a2
0012869c 0000005b r a3
001286f8 00000070 r a6
00128768 000000a2 r a7
0012880c 00000040 r a8
0012884c 0000172a r b02cf
00129f78 00001a7c r d02f4
0012b9f4 0000000c R _C_numeric_locale
0012ba00 000031e6 r categories
0012ebe8 00000070 R dotab_stdnull
0012ec58 r 
0012ec58 R __exidx_end
0012ec58 R __exidx_start
0012f000 00000004 d framerate
0012f004 00000008 d framerateCounter
0012f00c 00000004 D currentConsole
0012f010 0000004c D defaultConsole
0012f05c 00000001 d firstConsoleInit.0
0012f060 00000004 d queueLock
0012f064 00000004 d kCount
0012f068 00000004 d kDelay
0012f06c 00000004 d kInterval
0012f070 W __stacksize__
0012f074 00000004 D _impure_ptr
0012f078 00000460 d impure_data
0012f4d8 00000408 D __malloc_av_
0012f8e0 00000004 D __malloc_sbrk_base
0012f8e4 00000004 D __malloc_trim_threshold
0012f8e8 0000000c d __malloc_recursive_mutex
0012f8f4 0000000c D __atexit_recursive_mutex
0012f900 0000000c d __sfp_recursive_mutex
0012f90c 0000000c d __sinit_recursive_mutex
0012f918 0000016c D __global_locale
0012fa84 00000002 d numempty
0012fa88 00000004 d defaultDevice
0012fa8c 0000008c D devoptab_list
0012fb18 00000400 d _current_working_directory
0012ff18 00000004 d __hndl_lock
0012ff1c 0000000c d __stderr_handle
0012ff28 0000000c d __stdin_handle
0012ff34 0000000c d __stdout_handle
0012ff40 00001000 d handles
00130f48 d _GLOBAL_OFFSET_TABLE_
00130f54 d __frame_dummy_init_array_entry
00130f54 D __init_array_start
00130f54 B __preinit_array_end
00130f54 B __preinit_array_start
00130f54 D __tdata_lma
00130f54 D __tdata_lma_end
00130f58 d __do_global_dtors_aux_fini_array_entry
00130f58 D __fini_array_start
00130f58 D __init_array_end
00130f5c D __bss_start__
00130f5c b completed.1
00130f5c D __fini_array_end
00130f60 b object.0
00130f78 000005a0 B __C2Di_Context
00131518 00000040 b s_projBot
00131558 00000040 b s_projTop
00131598 00000004 b uLoc_mdlvMtx
0013159c 00000004 b uLoc_projMtx
001315a0 000002d0 B __C3D_Context
00131870 0000000c b hookCookie
00131880 00000010 b cpuTime
00131890 00000004 b firstTarget
00131894 00000008 b frameCounter
0013189c 00000004 b frameEndCb
001318a0 00000004 b frameEndCbData
001318a8 00000010 b gpuTime
001318b8 00000001 b inFrame
001318b9 00000001 b inSafeTransfer
001318ba 00000001 b isTopStereo
001318bc 00000004 b lastTarget
001318c0 0000000c b linkedTarget
001318cc 00000001 b measureGpuTime
001318cd 00000001 b needSwapBot
001318ce 00000001 b needSwapTop
001318d0 00000004 B C3D_BoolUnifs
001318d4 00000002 B C3D_BoolUnifsDirty
001318d8 00000c00 B C3D_FVUnif
001324d8 000000c0 B C3D_FVUnifDirty
00132598 00000020 B C3D_IVUnif
001325b8 00000008 B C3D_IVUnifDirty
001325c0 000000c0 b C3Di_FVUnifEverDirty
00132680 00000008 b C3Di_IVUnifEverDirty
00132688 00000018 b C3Di_ShaderFVecData
001326a0 0000000c b sAddrMap
001326ac 00000008 b sVramPool
001326b4 00000008 b sLinearPool
001326bc 0000000c b sAddrMap
001326c8 00000001 V __ctru_speedup
001326cc 0000004c B currentCopy
00132718 00000004 b gfxBottomFramebufferMaxSize
0013271c 00000008 b gfxBottomFramebuffers
00132724 00000002 b gfxCurBuf
00132728 00000002 b gfxFramebufferFormats
0013272c 00000002 b gfxIsDoubleBuf
0013272e 00000001 b gfxIsVram
00132730 00000004 b gfxTopFramebufferMaxSize
00132734 00000008 b gfxTopFramebuffers
0013273c 00000001 b gfxTopMode
00132740 00000004 b screenAlloc
00132744 00000004 b screenFree
00132748 00000004 b boundQueue
0013274c 00000004 b curQueue
00132750 00000001 b isActive
00132751 00000001 b isRunning
00132752 00000001 b shouldStop
00132754 00000004 B gpuCmdBuf
00132758 00000004 B gpuCmdBufOffset
0013275c 00000004 B gpuCmdBufSize
00132760 00000004 b gspEvent
00132764 0000001c b gspEventCb
00132780 0000001c b gspEventCbData
0013279c 00000007 b gspEventCbOneShot
001327a4 00000004 b gspEventThread
001327a8 00000038 b gspEvents
001327e0 00000004 b gspGpuHandle
001327e4 00000001 b gspGpuRight
001327e8 00000004 b gspLastEvent
001327ec 00000004 b gspRefCount
001327f0 00000001 b gspRunEvents
001327f4 00000004 b gspSharedMem
001327f8 00000004 b gspSharedMemHandle
001327fc 00000001 b gspThreadId
001327fd 00000001 b aptChainloadFlags
001327fe 00000001 b aptChainloadMediatype
00132800 00000008 b aptChainloadTid
00132808 00000004 b aptEventHandlerThread
0013280c 00000001 b aptEventHandlerThreadQuit
00132810 00000008 b aptEvents
00132818 0000000c b aptFirstHook
00132824 00000004 b aptFlags
00132828 00000001 b aptHomeButtonState
0013282c 00000004 b aptLockHandle
00132830 00000004 b aptMessageFunc
00132834 00000004 b aptMessageFuncData
00132838 00001000 b aptParameters
00133838 00000008 b aptReceiveEvent
00133840 00000004 b aptRefCount
00133844 00000008 b aptSleepEvent
0013384c 00000001 b flagInit.1
0013384d 00000001 b flagValue.0
00133850 00000004 b serviceName.6
00133854 00000006 b aVec
0013385c 00000004 b cPos
00133860 00000006 b gRate
00133868 00000014 B hidEvents
0013387c 00000004 B hidHandle
00133880 00000004 B hidMemHandle
00133884 00000004 b hidRefCount
00133888 00000004 B hidSharedMem
0013388c 00000004 b kDown
00133890 00000004 b kHeld
00133894 00000004 b kOld
00133898 00000004 b kRepeat
0013389c 00000004 b kUp
001338a0 00000004 b tPos
001338a4 00000001 b usingIrrst
001338a8 00000004 b ptmSysmHandle
001338ac 00000004 b ptmSysmRefCount
001338b0 00000004 B __ctru_heap
001338b4 00000004 V __ctru_heap_size
001338b8 00000004 B __ctru_linear_heap
001338bc 00000004 V __ctru_linear_heap_size
001338c0 00000004 B __system_retAddr
001338c4 00000004 B __system_argc
001338c8 00000004 B __system_argv
001338cc b saved_stack
001338d4 00000004 b arbiter
001338d8 00000004 b srvHandle
001338dc 00000004 b srvRefCount
001338e0 00000004 b currentAddr
001338e4 00000004 b maxAddr
001338e8 00000004 b minAddr
001338ec 00000004 b csPos
001338f0 00000004 B irrstEvent
001338f4 00000004 B irrstHandle
001338f8 00000004 B irrstMemHandle
001338fc 00000004 b irrstRefCount
00133900 00000004 B irrstSharedMem
00133904 00000004 b kHeld
00133908 00000004 b srvPmHandle
0013390c 00000004 b archive_device_cwd
00133910 00000540 b archive_devices
00133e50 00000001 b archive_initialized
00133e58 00000080 b fsExemptArchives
00133ed8 00000004 b fsuHandle
00133edc 00000004 b fsuRefCount
00133ee0 00000028 B __malloc_current_mallinfo
00133f08 00000004 B __malloc_max_sbrked_mem
00133f0c 00000004 B __malloc_max_total_mem
00133f10 00000004 B __malloc_top_pad
00133f14 00000004 b heap_start.0
00133f18 00000004 B fake_heap_end
00133f1c 00000004 B fake_heap_start
00133f20 00000400 b temp_cwd
00134320 00000048 B __syscalls
00134368 B __tls_start
00134f70 B __bss_end__
00134f70 A __end__
00134f70 B __tls_end
